#
# There is insufficient memory for the Java Runtime Environment to continue.
# Native memory allocation (mmap) failed to map 32505856 bytes. Error detail: G1 virtual space
# Possible reasons:
#   The system is out of physical RAM or swap space
#   This process is running with CompressedOops enabled, and the Java Heap may be blocking the growth of the native heap
# Possible solutions:
#   Reduce memory load on the system
#   Increase physical memory or swap space
#   Check if swap backing store is full
#   Decrease Java heap size (-Xmx/-Xms)
#   Decrease number of Java threads
#   Decrease Java thread stack sizes (-Xss)
#   Set larger code cache with -XX:ReservedCodeCacheSize=
#   JVM is running with Unscaled Compressed Oops mode in which the Java heap is
#     placed in the first 4GB address space. The Java Heap base address is the
#     maximum limit for the native heap growth. Please use -XX:HeapBaseMinAddress
#     to set the Java Heap base and to place the Java Heap above 4GB virtual address.
# This output file may be truncated or incomplete.
#
#  Out of Memory Error (os_windows.cpp:3815), pid=14764, tid=14724
#
# JRE version: OpenJDK Runtime Environment (21.0.3) (build 21.0.3+-12282718-b509.11)
# Java VM: OpenJDK 64-Bit Server VM (21.0.3+-12282718-b509.11, mixed mode, tiered, compressed oops, compressed class ptrs, g1 gc, windows-amd64)
# No core dump will be written. Minidumps are not enabled by default on client versions of Windows
#

---------------  S U M M A R Y ------------

Command Line: --add-opens=java.base/java.util=ALL-UNNAMED --add-opens=java.base/java.lang=ALL-UNNAMED --add-opens=java.base/java.lang.invoke=ALL-UNNAMED --add-opens=java.prefs/java.util.prefs=ALL-UNNAMED --add-opens=java.base/java.nio.charset=ALL-UNNAMED --add-opens=java.base/java.net=ALL-UNNAMED --add-opens=java.base/java.util.concurrent.atomic=ALL-UNNAMED -Xmx2048m -Dfile.encoding=UTF-8 -Duser.country=ID -Duser.language=en -Duser.variant -javaagent:C:\Users\Acer\.gradle\wrapper\dists\gradle-8.7-bin\bhs2wmbdwecv87pi65oeuq5iu\gradle-8.7\lib\agents\gradle-instrumentation-agent-8.7.jar org.gradle.launcher.daemon.bootstrap.GradleDaemon 8.7

Host: AMD Ryzen 5 4500U with Radeon Graphics         , 6 cores, 7G,  Windows 11 , 64 bit Build 22621 (10.0.22621.4391)
Time: Wed Nov 27 22:45:19 2024 SE Asia Standard Time elapsed time: 12.858832 seconds (0d 0h 0m 12s)

---------------  T H R E A D  ---------------

Current thread (0x000001977c8c0920):  VMThread "VM Thread"          [id=14724, stack(0x0000007947f00000,0x0000007948000000) (1024K)]

Stack: [0x0000007947f00000,0x0000007948000000]
Native frames: (J=compiled Java code, j=interpreted, Vv=VM code, C=native code)
V  [jvm.dll+0x6cafb9]
V  [jvm.dll+0x858523]
V  [jvm.dll+0x85aa7e]
V  [jvm.dll+0x85b163]
V  [jvm.dll+0x27d356]
V  [jvm.dll+0x6c7865]
V  [jvm.dll+0x6bbd3a]
V  [jvm.dll+0x35199b]
V  [jvm.dll+0x3595d6]
V  [jvm.dll+0x3aa826]
V  [jvm.dll+0x3aaaf8]
V  [jvm.dll+0x3240bc]
V  [jvm.dll+0x324147]
V  [jvm.dll+0x36a00c]
V  [jvm.dll+0x36879e]
V  [jvm.dll+0x3237c1]
V  [jvm.dll+0x367eb0]
V  [jvm.dll+0x860ac8]
V  [jvm.dll+0x861bc4]
V  [jvm.dll+0x862100]
V  [jvm.dll+0x862393]
V  [jvm.dll+0x800d78]
V  [jvm.dll+0x6c98cd]
C  [ucrtbase.dll+0x29333]
C  [KERNEL32.DLL+0x1259d]
C  [ntdll.dll+0x5af38]

VM_Operation (0x00000079494efb40): G1CollectForAllocation, mode: safepoint, requested by thread 0x000001977e8233c0


---------------  P R O C E S S  ---------------

Threads class SMR info:
_java_thread_list=0x00000197132c5490, length=44, elements={
0x000001977247d3f0, 0x000001977ca989b0, 0x000001977caa1870, 0x000001977cab4d70,
0x000001977cab1970, 0x000001977cac0170, 0x000001977cac0bd0, 0x000001977cac1630,
0x000001977cac20d0, 0x000001977cacd6c0, 0x000001977cde54b0, 0x000001977eb2cc70,
0x000001977edac530, 0x000001977e47ef60, 0x000001977dde6070, 0x000001977dde6af0,
0x000001977e94e3a0, 0x000001977e8233c0, 0x000001977e8261b0, 0x000001977e823a50,
0x000001977e824770, 0x000001977e825490, 0x000001977e825b20, 0x000001977e822d30,
0x000001977e824e00, 0x000001977f1c52f0, 0x000001977f1c0ac0, 0x000001977f1c66a0,
0x000001977f1c2500, 0x000001977f1c80e0, 0x000001977f1c5980, 0x000001977f1c2b90,
0x000001977f1c6d30, 0x000001977f1c73c0, 0x000001977f1c3220, 0x000001977f1c38b0,
0x000001977f1c3f40, 0x0000019713314cc0, 0x0000019713314630, 0x00000197133159e0,
0x0000019713316070, 0x0000019713313910, 0x0000019713316700, 0x0000019713316d90
}

Java Threads: ( => current thread )
  0x000001977247d3f0 JavaThread "main"                              [_thread_blocked, id=11736, stack(0x0000007947800000,0x0000007947900000) (1024K)]
  0x000001977ca989b0 JavaThread "Reference Handler"          daemon [_thread_blocked, id=14832, stack(0x0000007948000000,0x0000007948100000) (1024K)]
  0x000001977caa1870 JavaThread "Finalizer"                  daemon [_thread_blocked, id=2156, stack(0x0000007948100000,0x0000007948200000) (1024K)]
  0x000001977cab4d70 JavaThread "Signal Dispatcher"          daemon [_thread_blocked, id=6152, stack(0x0000007948200000,0x0000007948300000) (1024K)]
  0x000001977cab1970 JavaThread "Attach Listener"            daemon [_thread_blocked, id=10192, stack(0x0000007948300000,0x0000007948400000) (1024K)]
  0x000001977cac0170 JavaThread "Service Thread"             daemon [_thread_blocked, id=14076, stack(0x0000007948400000,0x0000007948500000) (1024K)]
  0x000001977cac0bd0 JavaThread "Monitor Deflation Thread"   daemon [_thread_blocked, id=5328, stack(0x0000007948500000,0x0000007948600000) (1024K)]
  0x000001977cac1630 JavaThread "C2 CompilerThread0"         daemon [_thread_blocked, id=3684, stack(0x0000007948600000,0x0000007948700000) (1024K)]
  0x000001977cac20d0 JavaThread "C1 CompilerThread0"         daemon [_thread_blocked, id=12488, stack(0x0000007948700000,0x0000007948800000) (1024K)]
  0x000001977cacd6c0 JavaThread "Common-Cleaner"             daemon [_thread_blocked, id=4724, stack(0x0000007948800000,0x0000007948900000) (1024K)]
  0x000001977cde54b0 JavaThread "Notification Thread"        daemon [_thread_blocked, id=4484, stack(0x0000007948900000,0x0000007948a00000) (1024K)]
  0x000001977eb2cc70 JavaThread "Daemon health stats"               [_thread_blocked, id=10816, stack(0x0000007948f00000,0x0000007949000000) (1024K)]
  0x000001977edac530 JavaThread "Incoming local TCP Connector on port 51974"        [_thread_in_native, id=6156, stack(0x0000007948a00000,0x0000007948b00000) (1024K)]
  0x000001977e47ef60 JavaThread "Daemon periodic checks"            [_thread_blocked, id=3876, stack(0x0000007949000000,0x0000007949100000) (1024K)]
  0x000001977dde6070 JavaThread "Daemon"                            [_thread_blocked, id=10316, stack(0x0000007949100000,0x0000007949200000) (1024K)]
  0x000001977dde6af0 JavaThread "Handler for socket connection from /127.0.0.1:51974 to /127.0.0.1:51975"        [_thread_in_native, id=3048, stack(0x0000007949200000,0x0000007949300000) (1024K)]
  0x000001977e94e3a0 JavaThread "Cancel handler"                    [_thread_blocked, id=3528, stack(0x0000007949300000,0x0000007949400000) (1024K)]
  0x000001977e8233c0 JavaThread "Daemon worker"                     [_thread_blocked, id=3056, stack(0x0000007949400000,0x0000007949500000) (1024K)]
  0x000001977e8261b0 JavaThread "Asynchronous log dispatcher for DefaultDaemonConnection: socket connection from /127.0.0.1:51974 to /127.0.0.1:51975"        [_thread_blocked, id=10420, stack(0x0000007949500000,0x0000007949600000) (1024K)]
  0x000001977e823a50 JavaThread "Stdin handler"                     [_thread_blocked, id=6416, stack(0x0000007949600000,0x0000007949700000) (1024K)]
  0x000001977e824770 JavaThread "Daemon client event forwarder"        [_thread_blocked, id=1012, stack(0x0000007949700000,0x0000007949800000) (1024K)]
  0x000001977e825490 JavaThread "Cache worker for journal cache (C:\Users\Acer\.gradle\caches\journal-1)"        [_thread_blocked, id=2248, stack(0x0000007949b00000,0x0000007949c00000) (1024K)]
  0x000001977e825b20 JavaThread "File lock request listener"        [_thread_in_native, id=11888, stack(0x0000007949c00000,0x0000007949d00000) (1024K)]
  0x000001977e822d30 JavaThread "Cache worker for file hash cache (C:\Users\Acer\.gradle\caches\8.7\fileHashes)"        [_thread_blocked, id=6424, stack(0x0000007949a00000,0x0000007949b00000) (1024K)]
  0x000001977e824e00 JavaThread "Cache worker for file hash cache (D:\APLIKASI\AndroidStudioProjects\GITHUB\Mobile-Development\.gradle\8.7\fileHashes)"        [_thread_blocked, id=12944, stack(0x0000007949e00000,0x0000007949f00000) (1024K)]
  0x000001977f1c52f0 JavaThread "File watcher server"        daemon [_thread_in_native, id=13448, stack(0x0000007949f00000,0x000000794a000000) (1024K)]
  0x000001977f1c0ac0 JavaThread "File watcher consumer"      daemon [_thread_blocked, id=7292, stack(0x000000794a000000,0x000000794a100000) (1024K)]
  0x000001977f1c66a0 JavaThread "jar transforms"                    [_thread_blocked, id=9672, stack(0x000000794a100000,0x000000794a200000) (1024K)]
  0x000001977f1c2500 JavaThread "jar transforms Thread 2"           [_thread_blocked, id=8408, stack(0x000000794a200000,0x000000794a300000) (1024K)]
  0x000001977f1c80e0 JavaThread "jar transforms Thread 3"           [_thread_blocked, id=13220, stack(0x000000794a300000,0x000000794a400000) (1024K)]
  0x000001977f1c5980 JavaThread "jar transforms Thread 4"           [_thread_blocked, id=4880, stack(0x000000794a400000,0x000000794a500000) (1024K)]
  0x000001977f1c2b90 JavaThread "jar transforms Thread 5"           [_thread_blocked, id=4872, stack(0x000000794a500000,0x000000794a600000) (1024K)]
  0x000001977f1c6d30 JavaThread "jar transforms Thread 6"           [_thread_blocked, id=7268, stack(0x000000794a600000,0x000000794a700000) (1024K)]
  0x000001977f1c73c0 JavaThread "Cache worker for checksums cache (D:\APLIKASI\AndroidStudioProjects\GITHUB\Mobile-Development\.gradle\8.7\checksums)"        [_thread_blocked, id=620, stack(0x000000794a700000,0x000000794a800000) (1024K)]
  0x000001977f1c3220 JavaThread "Cache worker for cache directory md-supplier (C:\Users\Acer\.gradle\caches\8.7\md-supplier)"        [_thread_blocked, id=9768, stack(0x000000794a800000,0x000000794a900000) (1024K)]
  0x000001977f1c38b0 JavaThread "Cache worker for cache directory md-rule (C:\Users\Acer\.gradle\caches\8.7\md-rule)"        [_thread_blocked, id=15148, stack(0x000000794a900000,0x000000794aa00000) (1024K)]
  0x000001977f1c3f40 JavaThread "Cache worker for file content cache (C:\Users\Acer\.gradle\caches\8.7\fileContent)"        [_thread_blocked, id=3836, stack(0x000000794aa00000,0x000000794ab00000) (1024K)]
  0x0000019713314cc0 JavaThread "Unconstrained build operations"        [_thread_blocked, id=2160, stack(0x000000794ab00000,0x000000794ac00000) (1024K)]
  0x0000019713314630 JavaThread "Unconstrained build operations Thread 2"        [_thread_blocked, id=10864, stack(0x000000794ac00000,0x000000794ad00000) (1024K)]
  0x00000197133159e0 JavaThread "Unconstrained build operations Thread 3"        [_thread_blocked, id=2260, stack(0x0000007949d00000,0x0000007949e00000) (1024K)]
  0x0000019713316070 JavaThread "Unconstrained build operations Thread 4"        [_thread_blocked, id=12524, stack(0x000000794ad00000,0x000000794ae00000) (1024K)]
  0x0000019713313910 JavaThread "Unconstrained build operations Thread 5"        [_thread_blocked, id=11956, stack(0x000000794ae00000,0x000000794af00000) (1024K)]
  0x0000019713316700 JavaThread "Unconstrained build operations Thread 6"        [_thread_blocked, id=7548, stack(0x000000794af00000,0x000000794b000000) (1024K)]
  0x0000019713316d90 JavaThread "Unconstrained build operations Thread 7"        [_thread_blocked, id=9836, stack(0x000000794b000000,0x000000794b100000) (1024K)]
Total: 44

Other Threads:
=>0x000001977c8c0920 VMThread "VM Thread"                           [id=14724, stack(0x0000007947f00000,0x0000007948000000) (1024K)]
  0x000001977c874560 WatcherThread "VM Periodic Task Thread"        [id=14728, stack(0x0000007947e00000,0x0000007947f00000) (1024K)]
  0x000001977255df90 WorkerThread "GC Thread#0"                     [id=5920, stack(0x0000007947900000,0x0000007947a00000) (1024K)]
  0x000001977d374c80 WorkerThread "GC Thread#1"                     [id=2176, stack(0x0000007948b00000,0x0000007948c00000) (1024K)]
  0x000001977d8eef60 WorkerThread "GC Thread#2"                     [id=1508, stack(0x0000007948c00000,0x0000007948d00000) (1024K)]
  0x000001977d9585a0 WorkerThread "GC Thread#3"                     [id=4196, stack(0x0000007948d00000,0x0000007948e00000) (1024K)]
  0x000001977d965ae0 WorkerThread "GC Thread#4"                     [id=5144, stack(0x0000007948e00000,0x0000007948f00000) (1024K)]
  0x000001977e584b80 WorkerThread "GC Thread#5"                     [id=2528, stack(0x0000007949800000,0x0000007949900000) (1024K)]
  0x00000197726ff880 ConcurrentGCThread "G1 Main Marker"            [id=12444, stack(0x0000007947a00000,0x0000007947b00000) (1024K)]
  0x0000019772700300 WorkerThread "G1 Conc#0"                       [id=5692, stack(0x0000007947b00000,0x0000007947c00000) (1024K)]
  0x000001977ea0b770 WorkerThread "G1 Conc#1"                       [id=15316, stack(0x0000007949900000,0x0000007949a00000) (1024K)]
  0x000001977275eb10 ConcurrentGCThread "G1 Refine#0"               [id=14744, stack(0x0000007947c00000,0x0000007947d00000) (1024K)]
  0x000001977c749bd0 ConcurrentGCThread "G1 Service"                [id=10980, stack(0x0000007947d00000,0x0000007947e00000) (1024K)]
Total: 13

Threads with active compile tasks:
Total: 0

VM state: at safepoint (normal execution)

VM Mutex/Monitor currently owned by a thread:  ([mutex/lock_event])
[0x00007fffb75520c8] Threads_lock - owner thread: 0x000001977c8c0920
[0x00007fffb75521c8] Heap_lock - owner thread: 0x000001977e8233c0

Heap address: 0x0000000080000000, size: 2048 MB, Compressed Oops mode: 32-bit

CDS archive(s) not mapped
Compressed class space mapped at: 0x0000000100000000-0x0000000140000000, reserved size: 1073741824
Narrow klass base: 0x0000000000000000, Narrow klass shift: 3, Narrow klass range: 0x140000000

GC Precious Log:
 CardTable entry size: 512
 Card Set container configuration: InlinePtr #cards 5 size 8 Array Of Cards #cards 12 size 40 Howl #buckets 4 coarsen threshold 1843 Howl Bitmap #cards 512 size 80 coarsen threshold 460 Card regions per heap region 1 cards per card region 2048
 CPUs: 6 total, 6 available
 Memory: 7549M
 Large Page Support: Disabled
 NUMA Support: Disabled
 Compressed Oops: Enabled (32-bit)
 Heap Region Size: 1M
 Heap Min Capacity: 8M
 Heap Initial Capacity: 118M
 Heap Max Capacity: 2G
 Pre-touch: Disabled
 Parallel Workers: 6
 Concurrent Workers: 2
 Concurrent Refinement Workers: 6
 Periodic GC: Disabled

Heap:
 garbage-first heap   total 158720K, used 108428K [0x0000000080000000, 0x0000000100000000)
  region size 1024K, 2 young (2048K), 2 survivors (2048K)
 Metaspace       used 96851K, committed 98752K, reserved 1179648K
  class space    used 12973K, committed 13888K, reserved 1048576K

Heap Regions: E=young(eden), S=young(survivor), O=old, HS=humongous(starts), HC=humongous(continues), CS=collection set, F=free, TAMS=top-at-mark-start, PB=parsable bottom
|   0|0x0000000080000000, 0x0000000080100000, 0x0000000080100000|100%|HS|  |TAMS 0x0000000080100000| PB 0x0000000080000000| Complete 
|   1|0x0000000080100000, 0x0000000080200000, 0x0000000080200000|100%|HC|  |TAMS 0x0000000080200000| PB 0x0000000080100000| Complete 
|   2|0x0000000080200000, 0x0000000080300000, 0x0000000080300000|100%|HC|  |TAMS 0x0000000080300000| PB 0x0000000080200000| Complete 
|   3|0x0000000080300000, 0x0000000080400000, 0x0000000080400000|100%|HC|  |TAMS 0x0000000080400000| PB 0x0000000080300000| Complete 
|   4|0x0000000080400000, 0x0000000080500000, 0x0000000080500000|100%| O|  |TAMS 0x0000000080500000| PB 0x0000000080400000| Untracked 
|   5|0x0000000080500000, 0x0000000080600000, 0x0000000080600000|100%| O|  |TAMS 0x0000000080600000| PB 0x0000000080500000| Untracked 
|   6|0x0000000080600000, 0x0000000080700000, 0x0000000080700000|100%| O|  |TAMS 0x0000000080700000| PB 0x0000000080600000| Untracked 
|   7|0x0000000080700000, 0x0000000080800000, 0x0000000080800000|100%| O|  |TAMS 0x0000000080800000| PB 0x0000000080700000| Untracked 
|   8|0x0000000080800000, 0x0000000080900000, 0x0000000080900000|100%| O|  |TAMS 0x0000000080900000| PB 0x0000000080800000| Untracked 
|   9|0x0000000080900000, 0x00000000809e3208, 0x0000000080a00000| 88%| O|  |TAMS 0x00000000809e3208| PB 0x0000000080900000| Untracked 
|  10|0x0000000080a00000, 0x0000000080b00000, 0x0000000080b00000|100%| O|  |TAMS 0x0000000080b00000| PB 0x0000000080a00000| Untracked 
|  11|0x0000000080b00000, 0x0000000080c00000, 0x0000000080c00000|100%| O|  |TAMS 0x0000000080c00000| PB 0x0000000080b00000| Untracked 
|  12|0x0000000080c00000, 0x0000000080d00000, 0x0000000080d00000|100%| O|  |TAMS 0x0000000080d00000| PB 0x0000000080c00000| Untracked 
|  13|0x0000000080d00000, 0x0000000080e00000, 0x0000000080e00000|100%| O|  |TAMS 0x0000000080e00000| PB 0x0000000080d00000| Untracked 
|  14|0x0000000080e00000, 0x0000000080f00000, 0x0000000080f00000|100%| O|  |TAMS 0x0000000080f00000| PB 0x0000000080e00000| Untracked 
|  15|0x0000000080f00000, 0x0000000081000000, 0x0000000081000000|100%| O|  |TAMS 0x0000000081000000| PB 0x0000000080f00000| Untracked 
|  16|0x0000000081000000, 0x0000000081100000, 0x0000000081100000|100%| O|  |TAMS 0x0000000081100000| PB 0x0000000081000000| Untracked 
|  17|0x0000000081100000, 0x0000000081200000, 0x0000000081200000|100%| O|  |TAMS 0x0000000081200000| PB 0x0000000081100000| Untracked 
|  18|0x0000000081200000, 0x0000000081300000, 0x0000000081300000|100%| O|  |TAMS 0x0000000081300000| PB 0x0000000081200000| Untracked 
|  19|0x0000000081300000, 0x0000000081400000, 0x0000000081400000|100%|HS|  |TAMS 0x0000000081400000| PB 0x0000000081300000| Complete 
|  20|0x0000000081400000, 0x0000000081500000, 0x0000000081500000|100%|HC|  |TAMS 0x0000000081500000| PB 0x0000000081400000| Complete 
|  21|0x0000000081500000, 0x0000000081600000, 0x0000000081600000|100%|HC|  |TAMS 0x0000000081600000| PB 0x0000000081500000| Complete 
|  22|0x0000000081600000, 0x0000000081700000, 0x0000000081700000|100%|HC|  |TAMS 0x0000000081700000| PB 0x0000000081600000| Complete 
|  23|0x0000000081700000, 0x0000000081800000, 0x0000000081800000|100%|HC|  |TAMS 0x0000000081800000| PB 0x0000000081700000| Complete 
|  24|0x0000000081800000, 0x0000000081900000, 0x0000000081900000|100%|HC|  |TAMS 0x0000000081900000| PB 0x0000000081800000| Complete 
|  25|0x0000000081900000, 0x0000000081a00000, 0x0000000081a00000|100%|HS|  |TAMS 0x0000000081a00000| PB 0x0000000081900000| Complete 
|  26|0x0000000081a00000, 0x0000000081b00000, 0x0000000081b00000|100%|HC|  |TAMS 0x0000000081b00000| PB 0x0000000081a00000| Complete 
|  27|0x0000000081b00000, 0x0000000081c00000, 0x0000000081c00000|100%|HC|  |TAMS 0x0000000081c00000| PB 0x0000000081b00000| Complete 
|  28|0x0000000081c00000, 0x0000000081d00000, 0x0000000081d00000|100%|HS|  |TAMS 0x0000000081d00000| PB 0x0000000081c00000| Complete 
|  29|0x0000000081d00000, 0x0000000081e00000, 0x0000000081e00000|100%|HC|  |TAMS 0x0000000081e00000| PB 0x0000000081d00000| Complete 
|  30|0x0000000081e00000, 0x0000000081f00000, 0x0000000081f00000|100%|HS|  |TAMS 0x0000000081f00000| PB 0x0000000081e00000| Complete 
|  31|0x0000000081f00000, 0x0000000082000000, 0x0000000082000000|100%| O|  |TAMS 0x0000000082000000| PB 0x0000000081f00000| Untracked 
|  32|0x0000000082000000, 0x0000000082100000, 0x0000000082100000|100%| O|  |TAMS 0x0000000082100000| PB 0x0000000082000000| Untracked 
|  33|0x0000000082100000, 0x0000000082200000, 0x0000000082200000|100%| O|  |TAMS 0x0000000082200000| PB 0x0000000082100000| Untracked 
|  34|0x0000000082200000, 0x0000000082300000, 0x0000000082300000|100%| O|  |TAMS 0x0000000082300000| PB 0x0000000082200000| Untracked 
|  35|0x0000000082300000, 0x0000000082400000, 0x0000000082400000|100%| O|  |TAMS 0x0000000082400000| PB 0x0000000082300000| Untracked 
|  36|0x0000000082400000, 0x0000000082500000, 0x0000000082500000|100%| O|  |TAMS 0x0000000082500000| PB 0x0000000082400000| Untracked 
|  37|0x0000000082500000, 0x0000000082600000, 0x0000000082600000|100%| O|  |TAMS 0x0000000082600000| PB 0x0000000082500000| Untracked 
|  38|0x0000000082600000, 0x0000000082700000, 0x0000000082700000|100%| O|  |TAMS 0x0000000082700000| PB 0x0000000082600000| Untracked 
|  39|0x0000000082700000, 0x0000000082800000, 0x0000000082800000|100%| O|  |TAMS 0x0000000082800000| PB 0x0000000082700000| Untracked 
|  40|0x0000000082800000, 0x0000000082900000, 0x0000000082900000|100%| O|  |TAMS 0x0000000082900000| PB 0x0000000082800000| Untracked 
|  41|0x0000000082900000, 0x0000000082a00000, 0x0000000082a00000|100%| O|  |TAMS 0x0000000082a00000| PB 0x0000000082900000| Untracked 
|  42|0x0000000082a00000, 0x0000000082b00000, 0x0000000082b00000|100%| O|  |TAMS 0x0000000082b00000| PB 0x0000000082a00000| Untracked 
|  43|0x0000000082b00000, 0x0000000082c00000, 0x0000000082c00000|100%| O|  |TAMS 0x0000000082c00000| PB 0x0000000082b00000| Untracked 
|  44|0x0000000082c00000, 0x0000000082d00000, 0x0000000082d00000|100%| O|  |TAMS 0x0000000082d00000| PB 0x0000000082c00000| Untracked 
|  45|0x0000000082d00000, 0x0000000082e00000, 0x0000000082e00000|100%|HS|  |TAMS 0x0000000082e00000| PB 0x0000000082d00000| Complete 
|  46|0x0000000082e00000, 0x0000000082f00000, 0x0000000082f00000|100%|HC|  |TAMS 0x0000000082f00000| PB 0x0000000082e00000| Complete 
|  47|0x0000000082f00000, 0x0000000083000000, 0x0000000083000000|100%| O|  |TAMS 0x0000000083000000| PB 0x0000000082f00000| Untracked 
|  48|0x0000000083000000, 0x0000000083100000, 0x0000000083100000|100%| O|  |TAMS 0x0000000083100000| PB 0x0000000083000000| Untracked 
|  49|0x0000000083100000, 0x0000000083200000, 0x0000000083200000|100%| O|  |TAMS 0x0000000083200000| PB 0x0000000083100000| Untracked 
|  50|0x0000000083200000, 0x0000000083300000, 0x0000000083300000|100%| O|  |TAMS 0x0000000083300000| PB 0x0000000083200000| Untracked 
|  51|0x0000000083300000, 0x0000000083400000, 0x0000000083400000|100%| O|  |TAMS 0x0000000083400000| PB 0x0000000083300000| Untracked 
|  52|0x0000000083400000, 0x0000000083500000, 0x0000000083500000|100%| O|  |TAMS 0x0000000083500000| PB 0x0000000083400000| Untracked 
|  53|0x0000000083500000, 0x0000000083600000, 0x0000000083600000|100%| O|  |TAMS 0x0000000083600000| PB 0x0000000083500000| Untracked 
|  54|0x0000000083600000, 0x0000000083700000, 0x0000000083700000|100%| O|  |TAMS 0x0000000083700000| PB 0x0000000083600000| Untracked 
|  55|0x0000000083700000, 0x0000000083800000, 0x0000000083800000|100%| O|  |TAMS 0x0000000083800000| PB 0x0000000083700000| Untracked 
|  56|0x0000000083800000, 0x0000000083900000, 0x0000000083900000|100%| O|  |TAMS 0x0000000083900000| PB 0x0000000083800000| Untracked 
|  57|0x0000000083900000, 0x0000000083a00000, 0x0000000083a00000|100%|HS|  |TAMS 0x0000000083a00000| PB 0x0000000083900000| Complete 
|  58|0x0000000083a00000, 0x0000000083b00000, 0x0000000083b00000|100%|HC|  |TAMS 0x0000000083b00000| PB 0x0000000083a00000| Complete 
|  59|0x0000000083b00000, 0x0000000083c00000, 0x0000000083c00000|100%|HC|  |TAMS 0x0000000083c00000| PB 0x0000000083b00000| Complete 
|  60|0x0000000083c00000, 0x0000000083d00000, 0x0000000083d00000|100%|HC|  |TAMS 0x0000000083d00000| PB 0x0000000083c00000| Complete 
|  61|0x0000000083d00000, 0x0000000083e00000, 0x0000000083e00000|100%|HC|  |TAMS 0x0000000083e00000| PB 0x0000000083d00000| Complete 
|  62|0x0000000083e00000, 0x0000000083f00000, 0x0000000083f00000|100%|HC|  |TAMS 0x0000000083f00000| PB 0x0000000083e00000| Complete 
|  63|0x0000000083f00000, 0x0000000084000000, 0x0000000084000000|100%| O|  |TAMS 0x0000000084000000| PB 0x0000000083f00000| Untracked 
|  64|0x0000000084000000, 0x0000000084100000, 0x0000000084100000|100%| O|  |TAMS 0x0000000084100000| PB 0x0000000084000000| Untracked 
|  65|0x0000000084100000, 0x0000000084200000, 0x0000000084200000|100%| O|  |TAMS 0x0000000084100000| PB 0x0000000084100000| Untracked 
|  66|0x0000000084200000, 0x0000000084300000, 0x0000000084300000|100%| O|  |TAMS 0x0000000084300000| PB 0x0000000084200000| Untracked 
|  67|0x0000000084300000, 0x0000000084400000, 0x0000000084400000|100%| O|  |TAMS 0x0000000084300000| PB 0x0000000084300000| Untracked 
|  68|0x0000000084400000, 0x0000000084500000, 0x0000000084500000|100%| O|  |TAMS 0x0000000084500000| PB 0x0000000084400000| Untracked 
|  69|0x0000000084500000, 0x0000000084600000, 0x0000000084600000|100%| O|  |TAMS 0x0000000084600000| PB 0x0000000084500000| Untracked 
|  70|0x0000000084600000, 0x0000000084700000, 0x0000000084700000|100%| O|  |TAMS 0x0000000084700000| PB 0x0000000084600000| Untracked 
|  71|0x0000000084700000, 0x0000000084800000, 0x0000000084800000|100%|HS|  |TAMS 0x0000000084800000| PB 0x0000000084700000| Complete 
|  72|0x0000000084800000, 0x0000000084900000, 0x0000000084900000|100%| O|  |TAMS 0x0000000084900000| PB 0x0000000084800000| Untracked 
|  73|0x0000000084900000, 0x0000000084a00000, 0x0000000084a00000|100%|HS|  |TAMS 0x0000000084a00000| PB 0x0000000084900000| Complete 
|  74|0x0000000084a00000, 0x0000000084b00000, 0x0000000084b00000|100%|HC|  |TAMS 0x0000000084b00000| PB 0x0000000084a00000| Complete 
|  75|0x0000000084b00000, 0x0000000084c00000, 0x0000000084c00000|100%|HC|  |TAMS 0x0000000084c00000| PB 0x0000000084b00000| Complete 
|  76|0x0000000084c00000, 0x0000000084d00000, 0x0000000084d00000|100%|HC|  |TAMS 0x0000000084d00000| PB 0x0000000084c00000| Complete 
|  77|0x0000000084d00000, 0x0000000084e00000, 0x0000000084e00000|100%|HC|  |TAMS 0x0000000084e00000| PB 0x0000000084d00000| Complete 
|  78|0x0000000084e00000, 0x0000000084f00000, 0x0000000084f00000|100%|HC|  |TAMS 0x0000000084f00000| PB 0x0000000084e00000| Complete 
|  79|0x0000000084f00000, 0x0000000085000000, 0x0000000085000000|100%| O|  |TAMS 0x0000000085000000| PB 0x0000000084f00000| Untracked 
|  80|0x0000000085000000, 0x0000000085100000, 0x0000000085100000|100%|HS|  |TAMS 0x0000000085100000| PB 0x0000000085000000| Complete 
|  81|0x0000000085100000, 0x0000000085200000, 0x0000000085200000|100%|HC|  |TAMS 0x0000000085200000| PB 0x0000000085100000| Complete 
|  82|0x0000000085200000, 0x0000000085300000, 0x0000000085300000|100%|HC|  |TAMS 0x0000000085300000| PB 0x0000000085200000| Complete 
|  83|0x0000000085300000, 0x0000000085400000, 0x0000000085400000|100%|HC|  |TAMS 0x0000000085400000| PB 0x0000000085300000| Complete 
|  84|0x0000000085400000, 0x0000000085500000, 0x0000000085500000|100%|HC|  |TAMS 0x0000000085500000| PB 0x0000000085400000| Complete 
|  85|0x0000000085500000, 0x0000000085600000, 0x0000000085600000|100%|HC|  |TAMS 0x0000000085600000| PB 0x0000000085500000| Complete 
|  86|0x0000000085600000, 0x0000000085700000, 0x0000000085700000|100%| O|  |TAMS 0x0000000085700000| PB 0x0000000085600000| Untracked 
|  87|0x0000000085700000, 0x0000000085800000, 0x0000000085800000|100%| O|  |TAMS 0x0000000085800000| PB 0x0000000085700000| Untracked 
|  88|0x0000000085800000, 0x0000000085900000, 0x0000000085900000|100%| O|  |TAMS 0x0000000085900000| PB 0x0000000085800000| Untracked 
|  89|0x0000000085900000, 0x0000000085a00000, 0x0000000085a00000|100%| O|  |TAMS 0x0000000085a00000| PB 0x0000000085900000| Untracked 
|  90|0x0000000085a00000, 0x0000000085b00000, 0x0000000085b00000|100%| O|  |TAMS 0x0000000085b00000| PB 0x0000000085a00000| Untracked 
|  91|0x0000000085b00000, 0x0000000085c00000, 0x0000000085c00000|100%| O|  |TAMS 0x0000000085c00000| PB 0x0000000085b00000| Untracked 
|  92|0x0000000085c00000, 0x0000000085d00000, 0x0000000085d00000|100%| O|  |TAMS 0x0000000085d00000| PB 0x0000000085c00000| Untracked 
|  93|0x0000000085d00000, 0x0000000085e00000, 0x0000000085e00000|100%| O|  |TAMS 0x0000000085e00000| PB 0x0000000085d00000| Untracked 
|  94|0x0000000085e00000, 0x0000000085f00000, 0x0000000085f00000|100%| O|  |TAMS 0x0000000085f00000| PB 0x0000000085e00000| Untracked 
|  95|0x0000000085f00000, 0x0000000086000000, 0x0000000086000000|100%| O|  |TAMS 0x0000000086000000| PB 0x0000000085f00000| Untracked 
|  96|0x0000000086000000, 0x0000000086100000, 0x0000000086100000|100%| O|  |TAMS 0x0000000086030468| PB 0x0000000086000000| Untracked 
|  97|0x0000000086100000, 0x0000000086200000, 0x0000000086200000|100%| O|  |TAMS 0x0000000086100000| PB 0x0000000086100000| Untracked 
|  98|0x0000000086200000, 0x0000000086300000, 0x0000000086300000|100%| O|  |TAMS 0x0000000086200000| PB 0x0000000086200000| Untracked 
|  99|0x0000000086300000, 0x0000000086400000, 0x0000000086400000|100%| O|  |TAMS 0x0000000086300000| PB 0x0000000086300000| Untracked 
| 100|0x0000000086400000, 0x0000000086400000, 0x0000000086500000|  0%| F|  |TAMS 0x0000000086400000| PB 0x0000000086400000| Untracked 
| 101|0x0000000086500000, 0x0000000086600000, 0x0000000086600000|100%| O|  |TAMS 0x0000000086600000| PB 0x0000000086500000| Untracked 
| 102|0x0000000086600000, 0x0000000086700000, 0x0000000086700000|100%| O|  |TAMS 0x0000000086700000| PB 0x0000000086600000| Untracked 
| 103|0x0000000086700000, 0x0000000086800000, 0x0000000086800000|100%| O|  |TAMS 0x0000000086800000| PB 0x0000000086700000| Untracked 
| 104|0x0000000086800000, 0x0000000086800000, 0x0000000086900000|  0%| F|  |TAMS 0x0000000086800000| PB 0x0000000086800000| Untracked 
| 105|0x0000000086900000, 0x0000000086900000, 0x0000000086a00000|  0%| F|  |TAMS 0x0000000086900000| PB 0x0000000086900000| Untracked 
| 106|0x0000000086a00000, 0x0000000086a00000, 0x0000000086b00000|  0%| F|  |TAMS 0x0000000086a00000| PB 0x0000000086a00000| Untracked 
| 107|0x0000000086b00000, 0x0000000086b00000, 0x0000000086c00000|  0%| F|  |TAMS 0x0000000086b00000| PB 0x0000000086b00000| Untracked 
| 108|0x0000000086c00000, 0x0000000086c00000, 0x0000000086d00000|  0%| F|  |TAMS 0x0000000086c00000| PB 0x0000000086c00000| Untracked 
| 109|0x0000000086d00000, 0x0000000086d00000, 0x0000000086e00000|  0%| F|  |TAMS 0x0000000086d00000| PB 0x0000000086d00000| Untracked 
| 110|0x0000000086e00000, 0x0000000086e00000, 0x0000000086f00000|  0%| F|  |TAMS 0x0000000086e00000| PB 0x0000000086e00000| Untracked 
| 111|0x0000000086f00000, 0x0000000086f00000, 0x0000000087000000|  0%| F|  |TAMS 0x0000000086f00000| PB 0x0000000086f00000| Untracked 
| 112|0x0000000087000000, 0x0000000087000000, 0x0000000087100000|  0%| F|  |TAMS 0x0000000087000000| PB 0x0000000087000000| Untracked 
| 113|0x0000000087100000, 0x0000000087100000, 0x0000000087200000|  0%| F|  |TAMS 0x0000000087100000| PB 0x0000000087100000| Untracked 
| 114|0x0000000087200000, 0x0000000087200000, 0x0000000087300000|  0%| F|  |TAMS 0x0000000087200000| PB 0x0000000087200000| Untracked 
| 115|0x0000000087300000, 0x0000000087300000, 0x0000000087400000|  0%| F|  |TAMS 0x0000000087300000| PB 0x0000000087300000| Untracked 
| 116|0x0000000087400000, 0x0000000087400000, 0x0000000087500000|  0%| F|  |TAMS 0x0000000087400000| PB 0x0000000087400000| Untracked 
| 117|0x0000000087500000, 0x0000000087600000, 0x0000000087600000|100%| S|CS|TAMS 0x0000000087500000| PB 0x0000000087500000| Complete 
| 118|0x0000000087600000, 0x0000000087700000, 0x0000000087700000|100%| S|CS|TAMS 0x0000000087600000| PB 0x0000000087600000| Complete 
| 119|0x0000000087700000, 0x0000000087700000, 0x0000000087800000|  0%| F|  |TAMS 0x0000000087700000| PB 0x0000000087700000| Untracked 
| 120|0x0000000087800000, 0x0000000087800000, 0x0000000087900000|  0%| F|  |TAMS 0x0000000087800000| PB 0x0000000087800000| Untracked 
| 121|0x0000000087900000, 0x0000000087900000, 0x0000000087a00000|  0%| F|  |TAMS 0x0000000087900000| PB 0x0000000087900000| Untracked 
| 122|0x0000000087a00000, 0x0000000087a00000, 0x0000000087b00000|  0%| F|  |TAMS 0x0000000087a00000| PB 0x0000000087a00000| Untracked 
| 123|0x0000000087b00000, 0x0000000087b00000, 0x0000000087c00000|  0%| F|  |TAMS 0x0000000087b00000| PB 0x0000000087b00000| Untracked 
| 124|0x0000000087c00000, 0x0000000087c00000, 0x0000000087d00000|  0%| F|  |TAMS 0x0000000087c00000| PB 0x0000000087c00000| Untracked 
| 125|0x0000000087d00000, 0x0000000087d00000, 0x0000000087e00000|  0%| F|  |TAMS 0x0000000087d00000| PB 0x0000000087d00000| Untracked 
| 126|0x0000000087e00000, 0x0000000087e00000, 0x0000000087f00000|  0%| F|  |TAMS 0x0000000087e00000| PB 0x0000000087e00000| Untracked 
| 127|0x0000000087f00000, 0x0000000087f00000, 0x0000000088000000|  0%| F|  |TAMS 0x0000000087f00000| PB 0x0000000087f00000| Untracked 
| 128|0x0000000088000000, 0x0000000088000000, 0x0000000088100000|  0%| F|  |TAMS 0x0000000088000000| PB 0x0000000088000000| Untracked 
| 129|0x0000000088100000, 0x0000000088100000, 0x0000000088200000|  0%| F|  |TAMS 0x0000000088100000| PB 0x0000000088100000| Untracked 
| 130|0x0000000088200000, 0x0000000088200000, 0x0000000088300000|  0%| F|  |TAMS 0x0000000088200000| PB 0x0000000088200000| Untracked 
| 131|0x0000000088300000, 0x0000000088300000, 0x0000000088400000|  0%| F|  |TAMS 0x0000000088300000| PB 0x0000000088300000| Untracked 
| 132|0x0000000088400000, 0x0000000088400000, 0x0000000088500000|  0%| F|  |TAMS 0x0000000088400000| PB 0x0000000088400000| Untracked 
| 133|0x0000000088500000, 0x0000000088500000, 0x0000000088600000|  0%| F|  |TAMS 0x0000000088500000| PB 0x0000000088500000| Untracked 
| 134|0x0000000088600000, 0x0000000088600000, 0x0000000088700000|  0%| F|  |TAMS 0x0000000088600000| PB 0x0000000088600000| Untracked 
| 135|0x0000000088700000, 0x0000000088700000, 0x0000000088800000|  0%| F|  |TAMS 0x0000000088700000| PB 0x0000000088700000| Untracked 
| 136|0x0000000088800000, 0x0000000088800000, 0x0000000088900000|  0%| F|  |TAMS 0x0000000088800000| PB 0x0000000088800000| Untracked 
| 137|0x0000000088900000, 0x0000000088900000, 0x0000000088a00000|  0%| F|  |TAMS 0x0000000088900000| PB 0x0000000088900000| Untracked 
| 138|0x0000000088a00000, 0x0000000088a00000, 0x0000000088b00000|  0%| F|  |TAMS 0x0000000088a00000| PB 0x0000000088a00000| Untracked 
| 139|0x0000000088b00000, 0x0000000088b00000, 0x0000000088c00000|  0%| F|  |TAMS 0x0000000088b00000| PB 0x0000000088b00000| Untracked 
| 140|0x0000000088c00000, 0x0000000088c00000, 0x0000000088d00000|  0%| F|  |TAMS 0x0000000088c00000| PB 0x0000000088c00000| Untracked 
| 141|0x0000000088d00000, 0x0000000088d00000, 0x0000000088e00000|  0%| F|  |TAMS 0x0000000088d00000| PB 0x0000000088d00000| Untracked 
| 142|0x0000000088e00000, 0x0000000088e00000, 0x0000000088f00000|  0%| F|  |TAMS 0x0000000088e00000| PB 0x0000000088e00000| Untracked 
| 143|0x0000000088f00000, 0x0000000088f00000, 0x0000000089000000|  0%| F|  |TAMS 0x0000000088f00000| PB 0x0000000088f00000| Untracked 
| 144|0x0000000089000000, 0x0000000089000000, 0x0000000089100000|  0%| F|  |TAMS 0x0000000089000000| PB 0x0000000089000000| Untracked 
| 145|0x0000000089100000, 0x0000000089100000, 0x0000000089200000|  0%| F|  |TAMS 0x0000000089100000| PB 0x0000000089100000| Untracked 
| 146|0x0000000089200000, 0x0000000089200000, 0x0000000089300000|  0%| F|  |TAMS 0x0000000089200000| PB 0x0000000089200000| Untracked 
| 147|0x0000000089300000, 0x0000000089300000, 0x0000000089400000|  0%| F|  |TAMS 0x0000000089300000| PB 0x0000000089300000| Untracked 
| 148|0x0000000089400000, 0x0000000089400000, 0x0000000089500000|  0%| F|  |TAMS 0x0000000089400000| PB 0x0000000089400000| Untracked 
| 149|0x0000000089500000, 0x0000000089500000, 0x0000000089600000|  0%| F|  |TAMS 0x0000000089500000| PB 0x0000000089500000| Untracked 
| 150|0x0000000089600000, 0x0000000089600000, 0x0000000089700000|  0%| F|  |TAMS 0x0000000089600000| PB 0x0000000089600000| Untracked 
| 151|0x0000000089700000, 0x0000000089700000, 0x0000000089800000|  0%| F|  |TAMS 0x0000000089700000| PB 0x0000000089700000| Untracked 
| 152|0x0000000089800000, 0x0000000089800000, 0x0000000089900000|  0%| F|  |TAMS 0x0000000089800000| PB 0x0000000089800000| Untracked 
| 153|0x0000000089900000, 0x0000000089900000, 0x0000000089a00000|  0%| F|  |TAMS 0x0000000089900000| PB 0x0000000089900000| Untracked 
|2047|0x00000000fff00000, 0x0000000100000000, 0x0000000100000000|100%| O|  |TAMS 0x0000000100000000| PB 0x00000000fff00000| Untracked 

Card table byte_map: [0x0000019777c00000,0x0000019778000000] _byte_map_base: 0x0000019777800000

Marking Bits: (CMBitMap*) 0x000001977255e5a0
 Bits: [0x0000019778000000, 0x000001977a000000)

Polling page: 0x0000019772760000

Metaspace:

Usage:
  Non-class:     81.91 MB used.
      Class:     12.67 MB used.
       Both:     94.58 MB used.

Virtual space:
  Non-class space:      128.00 MB reserved,      82.88 MB ( 65%) committed,  2 nodes.
      Class space:        1.00 GB reserved,      13.56 MB (  1%) committed,  1 nodes.
             Both:        1.12 GB reserved,      96.44 MB (  8%) committed. 

Chunk freelists:
   Non-Class:  12.22 MB
       Class:  2.38 MB
        Both:  14.59 MB

MaxMetaspaceSize: unlimited
CompressedClassSpaceSize: 1.00 GB
Initial GC threshold: 21.00 MB
Current GC threshold: 137.19 MB
CDS: off
 - commit_granule_bytes: 65536.
 - commit_granule_words: 8192.
 - virtual_space_node_default_size: 8388608.
 - enlarge_chunks_in_place: 1.
 - use_allocation_guard: 0.


Internal statistics:

num_allocs_failed_limit: 3.
num_arena_births: 3490.
num_arena_deaths: 4.
num_vsnodes_births: 3.
num_vsnodes_deaths: 0.
num_space_committed: 1541.
num_space_uncommitted: 0.
num_chunks_returned_to_freelist: 12.
num_chunks_taken_from_freelist: 7214.
num_chunk_merges: 4.
num_chunk_splits: 4988.
num_chunks_enlarged: 3400.
num_inconsistent_stats: 0.

CodeHeap 'non-profiled nmethods': size=120000Kb used=3592Kb max_used=3592Kb free=116407Kb
 bounds [0x0000019707ad0000, 0x0000019707e60000, 0x000001970f000000]
CodeHeap 'profiled nmethods': size=120000Kb used=11995Kb max_used=11995Kb free=108004Kb
 bounds [0x0000019700000000, 0x0000019700bc0000, 0x0000019707530000]
CodeHeap 'non-nmethods': size=5760Kb used=2825Kb max_used=2839Kb free=2934Kb
 bounds [0x0000019707530000, 0x0000019707800000, 0x0000019707ad0000]
 total_blobs=7446 nmethods=6495 adapters=854
 compilation: enabled
              stopped_count=0, restarted_count=0
 full_count=0

Compilation events (20 events):
Event: 12.821 Thread 0x000001977cac1630 7853       4       org.jetbrains.kotlin.protobuf.ByteString$Output::flushLastBuffer (96 bytes)
Event: 12.822 Thread 0x000001977cac1630 nmethod 7853 0x0000019707e51190 code [0x0000019707e51320, 0x0000019707e51408]
Event: 12.827 Thread 0x000001977cac20d0 7860       3       org.jetbrains.org.objectweb.asm.ClassReader::<init> (9 bytes)
Event: 12.827 Thread 0x000001977cac20d0 nmethod 7860 0x0000019700ba9e10 code [0x0000019700ba9fc0, 0x0000019700baa170]
Event: 12.827 Thread 0x000001977cac20d0 7862       3       org.jetbrains.org.objectweb.asm.ClassReader::accept (1380 bytes)
Event: 12.832 Thread 0x000001977cac20d0 nmethod 7862 0x0000019700baa290 code [0x0000019700baae80, 0x0000019700bb2100]
Event: 12.832 Thread 0x000001977cac20d0 7861       3       org.jetbrains.org.objectweb.asm.ClassReader::<init> (8 bytes)
Event: 12.833 Thread 0x000001977cac20d0 nmethod 7861 0x0000019700bb5690 code [0x0000019700bb5840, 0x0000019700bb5980]
Event: 12.843 Thread 0x000001977cac20d0 7863       3       java.text.StringCharacterIterator::current (37 bytes)
Event: 12.844 Thread 0x000001977cac20d0 nmethod 7863 0x0000019700bb5a90 code [0x0000019700bb5ca0, 0x0000019700bb62d8]
Event: 12.844 Thread 0x000001977cac20d0 7864       1       kotlin.Pair::component1 (5 bytes)
Event: 12.844 Thread 0x000001977cac20d0 nmethod 7864 0x0000019707e51510 code [0x0000019707e516a0, 0x0000019707e51768]
Event: 12.844 Thread 0x000001977cac20d0 7865       1       kotlin.Pair::component2 (5 bytes)
Event: 12.844 Thread 0x000001977cac20d0 nmethod 7865 0x0000019707e51810 code [0x0000019707e519a0, 0x0000019707e51a68]
Event: 12.848 Thread 0x000001977cac20d0 7866       3       java.text.StringCharacterIterator::next (46 bytes)
Event: 12.848 Thread 0x000001977cac1630 7867       4       kotlin.jvm.internal.Lambda::<init> (10 bytes)
Event: 12.848 Thread 0x000001977cac20d0 nmethod 7866 0x0000019700bb6590 code [0x0000019700bb67a0, 0x0000019700bb6db0]
Event: 12.848 Thread 0x000001977cac1630 nmethod 7867 0x0000019707e51b10 code [0x0000019707e51ca0, 0x0000019707e51d30]
Event: 12.848 Thread 0x000001977cac1630 7868       4       java.util.AbstractList::<init> (10 bytes)
Event: 12.849 Thread 0x000001977cac1630 nmethod 7868 0x0000019707e51e10 code [0x0000019707e51fa0, 0x0000019707e52030]

GC Heap History (20 events):
Event: 7.387 GC heap after
{Heap after GC invocations=23 (full 0):
 garbage-first heap   total 129024K, used 61743K [0x0000000080000000, 0x0000000100000000)
  region size 1024K, 7 young (7168K), 7 survivors (7168K)
 Metaspace       used 60257K, committed 61632K, reserved 1114112K
  class space    used 8235K, committed 8896K, reserved 1048576K
}
Event: 8.072 GC heap before
{Heap before GC invocations=23 (full 0):
 garbage-first heap   total 129024K, used 63791K [0x0000000080000000, 0x0000000100000000)
  region size 1024K, 10 young (10240K), 7 survivors (7168K)
 Metaspace       used 60305K, committed 61696K, reserved 1114112K
  class space    used 8238K, committed 8896K, reserved 1048576K
}
Event: 8.076 GC heap after
{Heap after GC invocations=24 (full 0):
 garbage-first heap   total 129024K, used 62376K [0x0000000080000000, 0x0000000100000000)
  region size 1024K, 5 young (5120K), 5 survivors (5120K)
 Metaspace       used 60305K, committed 61696K, reserved 1114112K
  class space    used 8238K, committed 8896K, reserved 1048576K
}
Event: 8.170 GC heap before
{Heap before GC invocations=25 (full 0):
 garbage-first heap   total 129024K, used 117672K [0x0000000080000000, 0x0000000100000000)
  region size 1024K, 53 young (54272K), 5 survivors (5120K)
 Metaspace       used 60412K, committed 61824K, reserved 1114112K
  class space    used 8242K, committed 8896K, reserved 1048576K
}
Event: 8.175 GC heap after
{Heap after GC invocations=26 (full 0):
 garbage-first heap   total 129024K, used 71399K [0x0000000080000000, 0x0000000100000000)
  region size 1024K, 4 young (4096K), 4 survivors (4096K)
 Metaspace       used 60412K, committed 61824K, reserved 1114112K
  class space    used 8242K, committed 8896K, reserved 1048576K
}
Event: 8.538 GC heap before
{Heap before GC invocations=26 (full 0):
 garbage-first heap   total 129024K, used 122599K [0x0000000080000000, 0x0000000100000000)
  region size 1024K, 47 young (48128K), 4 survivors (4096K)
 Metaspace       used 63282K, committed 64768K, reserved 1114112K
  class space    used 8501K, committed 9280K, reserved 1048576K
}
Event: 8.541 GC heap after
{Heap after GC invocations=27 (full 0):
 garbage-first heap   total 132096K, used 79255K [0x0000000080000000, 0x0000000100000000)
  region size 1024K, 6 young (6144K), 6 survivors (6144K)
 Metaspace       used 63282K, committed 64768K, reserved 1114112K
  class space    used 8501K, committed 9280K, reserved 1048576K
}
Event: 9.297 GC heap before
{Heap before GC invocations=27 (full 0):
 garbage-first heap   total 132096K, used 116119K [0x0000000080000000, 0x0000000100000000)
  region size 1024K, 43 young (44032K), 6 survivors (6144K)
 Metaspace       used 68766K, committed 70336K, reserved 1114112K
  class space    used 9653K, committed 10432K, reserved 1048576K
}
Event: 9.300 GC heap after
{Heap after GC invocations=28 (full 0):
 garbage-first heap   total 132096K, used 80719K [0x0000000080000000, 0x0000000100000000)
  region size 1024K, 5 young (5120K), 5 survivors (5120K)
 Metaspace       used 68766K, committed 70336K, reserved 1114112K
  class space    used 9653K, committed 10432K, reserved 1048576K
}
Event: 9.711 GC heap before
{Heap before GC invocations=29 (full 0):
 garbage-first heap   total 142336K, used 117583K [0x0000000080000000, 0x0000000100000000)
  region size 1024K, 41 young (41984K), 5 survivors (5120K)
 Metaspace       used 74050K, committed 75520K, reserved 1114112K
  class space    used 10336K, committed 11072K, reserved 1048576K
}
Event: 9.714 GC heap after
{Heap after GC invocations=30 (full 0):
 garbage-first heap   total 142336K, used 81917K [0x0000000080000000, 0x0000000100000000)
  region size 1024K, 3 young (3072K), 3 survivors (3072K)
 Metaspace       used 74050K, committed 75520K, reserved 1114112K
  class space    used 10336K, committed 11072K, reserved 1048576K
}
Event: 10.304 GC heap before
{Heap before GC invocations=30 (full 0):
 garbage-first heap   total 142336K, used 137213K [0x0000000080000000, 0x0000000100000000)
  region size 1024K, 50 young (51200K), 3 survivors (3072K)
 Metaspace       used 81809K, committed 83392K, reserved 1179648K
  class space    used 11278K, committed 12032K, reserved 1048576K
}
Event: 10.309 GC heap after
{Heap after GC invocations=31 (full 0):
 garbage-first heap   total 145408K, used 90844K [0x0000000080000000, 0x0000000100000000)
  region size 1024K, 6 young (6144K), 6 survivors (6144K)
 Metaspace       used 81809K, committed 83392K, reserved 1179648K
  class space    used 11278K, committed 12032K, reserved 1048576K
}
Event: 10.918 GC heap before
{Heap before GC invocations=31 (full 0):
 garbage-first heap   total 145408K, used 129756K [0x0000000080000000, 0x0000000100000000)
  region size 1024K, 44 young (45056K), 6 survivors (6144K)
 Metaspace       used 82569K, committed 84096K, reserved 1179648K
  class space    used 11355K, committed 12096K, reserved 1048576K
}
Event: 10.933 GC heap after
{Heap after GC invocations=32 (full 0):
 garbage-first heap   total 145408K, used 92463K [0x0000000080000000, 0x0000000100000000)
  region size 1024K, 6 young (6144K), 6 survivors (6144K)
 Metaspace       used 82569K, committed 84096K, reserved 1179648K
  class space    used 11355K, committed 12096K, reserved 1048576K
}
Event: 11.760 GC heap before
{Heap before GC invocations=33 (full 0):
 garbage-first heap   total 158720K, used 136495K [0x0000000080000000, 0x0000000100000000)
  region size 1024K, 42 young (43008K), 6 survivors (6144K)
 Metaspace       used 87285K, committed 88832K, reserved 1179648K
  class space    used 11900K, committed 12672K, reserved 1048576K
}
Event: 11.769 GC heap after
{Heap after GC invocations=34 (full 0):
 garbage-first heap   total 158720K, used 103183K [0x0000000080000000, 0x0000000100000000)
  region size 1024K, 3 young (3072K), 3 survivors (3072K)
 Metaspace       used 87285K, committed 88832K, reserved 1179648K
  class space    used 11900K, committed 12672K, reserved 1048576K
}
Event: 12.328 GC heap before
{Heap before GC invocations=34 (full 0):
 garbage-first heap   total 158720K, used 144143K [0x0000000080000000, 0x0000000100000000)
  region size 1024K, 43 young (44032K), 3 survivors (3072K)
 Metaspace       used 92419K, committed 94080K, reserved 1179648K
  class space    used 12372K, committed 13184K, reserved 1048576K
}
Event: 12.335 GC heap after
{Heap after GC invocations=35 (full 0):
 garbage-first heap   total 158720K, used 106145K [0x0000000080000000, 0x0000000100000000)
  region size 1024K, 6 young (6144K), 6 survivors (6144K)
 Metaspace       used 92419K, committed 94080K, reserved 1179648K
  class space    used 12372K, committed 13184K, reserved 1048576K
}
Event: 12.849 GC heap before
{Heap before GC invocations=35 (full 0):
 garbage-first heap   total 158720K, used 141985K [0x0000000080000000, 0x0000000100000000)
  region size 1024K, 41 young (41984K), 6 survivors (6144K)
 Metaspace       used 96851K, committed 98752K, reserved 1179648K
  class space    used 12973K, committed 13888K, reserved 1048576K
}

Dll operation events (3 events):
Event: 0.116 Loaded shared library D:\APLIKASI\Android\Android Studio\jbr\bin\java.dll
Event: 0.154 Loaded shared library D:\APLIKASI\Android\Android Studio\jbr\bin\zip.dll
Event: 1.044 Loaded shared library D:\APLIKASI\Android\Android Studio\jbr\bin\verify.dll

Deoptimization events (20 events):
Event: 12.762 Thread 0x000001977e8233c0 Uncommon trap: trap_request=0xffffffc6 fr.pc=0x0000019707cc6d90 relative=0x00000000000004f0
Event: 12.762 Thread 0x000001977e8233c0 Uncommon trap: reason=bimorphic_or_optimized_type_check action=maybe_recompile pc=0x0000019707cc6d90 method=org.jetbrains.kotlin.protobuf.CodedInputStream.tryRefillBuffer(I)Z @ 177 c2
Event: 12.762 Thread 0x000001977e8233c0 DEOPT PACKING pc=0x0000019707cc6d90 sp=0x00000079494f4af0
Event: 12.762 Thread 0x000001977e8233c0 DEOPT UNPACKING pc=0x00000197075846a2 sp=0x00000079494f49d8 mode 2
Event: 12.762 Thread 0x000001977e8233c0 Uncommon trap: trap_request=0xffffffc6 fr.pc=0x0000019707cc6d90 relative=0x00000000000004f0
Event: 12.762 Thread 0x000001977e8233c0 Uncommon trap: reason=bimorphic_or_optimized_type_check action=maybe_recompile pc=0x0000019707cc6d90 method=org.jetbrains.kotlin.protobuf.CodedInputStream.tryRefillBuffer(I)Z @ 177 c2
Event: 12.763 Thread 0x000001977e8233c0 DEOPT PACKING pc=0x0000019707cc6d90 sp=0x00000079494f49c0
Event: 12.763 Thread 0x000001977e8233c0 DEOPT UNPACKING pc=0x00000197075846a2 sp=0x00000079494f48a0 mode 2
Event: 12.766 Thread 0x000001977e8233c0 Uncommon trap: trap_request=0xffffffc6 fr.pc=0x0000019707cc6d90 relative=0x00000000000004f0
Event: 12.766 Thread 0x000001977e8233c0 Uncommon trap: reason=bimorphic_or_optimized_type_check action=maybe_recompile pc=0x0000019707cc6d90 method=org.jetbrains.kotlin.protobuf.CodedInputStream.tryRefillBuffer(I)Z @ 177 c2
Event: 12.766 Thread 0x000001977e8233c0 DEOPT PACKING pc=0x0000019707cc6d90 sp=0x00000079494f49c0
Event: 12.766 Thread 0x000001977e8233c0 DEOPT UNPACKING pc=0x00000197075846a2 sp=0x00000079494f48a0 mode 2
Event: 12.776 Thread 0x000001977e8233c0 Uncommon trap: trap_request=0xffffff45 fr.pc=0x0000019707e2fb6c relative=0x000000000000058c
Event: 12.777 Thread 0x000001977e8233c0 Uncommon trap: reason=unstable_if action=reinterpret pc=0x0000019707e2fb6c method=org.jetbrains.org.objectweb.asm.ClassReader.readUtf(II[C)Ljava/lang/String; @ 41 c2
Event: 12.777 Thread 0x000001977e8233c0 DEOPT PACKING pc=0x0000019707e2fb6c sp=0x00000079494f41a0
Event: 12.777 Thread 0x000001977e8233c0 DEOPT UNPACKING pc=0x00000197075846a2 sp=0x00000079494f4168 mode 2
Event: 12.777 Thread 0x000001977e8233c0 Uncommon trap: trap_request=0xffffffc6 fr.pc=0x0000019707ce09fc relative=0x000000000000031c
Event: 12.777 Thread 0x000001977e8233c0 Uncommon trap: reason=bimorphic_or_optimized_type_check action=maybe_recompile pc=0x0000019707ce09fc method=org.jetbrains.kotlin.protobuf.CodedInputStream.tryRefillBuffer(I)Z @ 177 c2
Event: 12.777 Thread 0x000001977e8233c0 DEOPT PACKING pc=0x0000019707ce09fc sp=0x00000079494f44c0
Event: 12.777 Thread 0x000001977e8233c0 DEOPT UNPACKING pc=0x00000197075846a2 sp=0x00000079494f43f8 mode 2

Classes loaded (20 events):
Event: 10.250 Loading class sun/nio/ch/FileChannelImpl$Unmapper done
Event: 10.250 Loading class sun/nio/ch/FileChannelImpl$DefaultUnmapper done
Event: 10.250 Loading class sun/nio/ch/Util$4
Event: 10.250 Loading class sun/nio/ch/Util$4 done
Event: 10.250 Loading class java/lang/foreign/MemorySegment
Event: 10.251 Loading class java/lang/foreign/MemorySegment done
Event: 10.253 Loading class java/io/UTFDataFormatException
Event: 10.253 Loading class java/io/UTFDataFormatException done
Event: 10.733 Loading class java/nio/channels/Channels$ReadableByteChannelImpl
Event: 10.733 Loading class java/nio/channels/Channels$ReadableByteChannelImpl done
Event: 10.733 Loading class java/nio/channels/NonWritableChannelException
Event: 10.733 Loading class java/nio/channels/NonWritableChannelException done
Event: 12.506 Loading class java/util/concurrent/LinkedBlockingDeque$Itr
Event: 12.506 Loading class java/util/concurrent/LinkedBlockingDeque$AbstractItr
Event: 12.506 Loading class java/util/concurrent/LinkedBlockingDeque$AbstractItr done
Event: 12.506 Loading class java/util/concurrent/LinkedBlockingDeque$Itr done
Event: 12.831 Loading class java/text/StringCharacterIterator
Event: 12.831 Loading class java/text/CharacterIterator
Event: 12.831 Loading class java/text/CharacterIterator done
Event: 12.831 Loading class java/text/StringCharacterIterator done

Classes unloaded (12 events):
Event: 9.326 Thread 0x000001977c8c0920 Unloading class 0x0000000100888958 '_BuildScript_$_run_closure1$_closure2'
Event: 9.326 Thread 0x000001977c8c0920 Unloading class 0x0000000100888550 '_BuildScript_$_run_closure1'
Event: 9.326 Thread 0x000001977c8c0920 Unloading class 0x0000000100888000 '_BuildScript_'
Event: 10.969 Thread 0x000001977c8c0920 Unloading class 0x00000001008b1168 '_BuildScript_$_run_closure1$_closure3'
Event: 10.969 Thread 0x000001977c8c0920 Unloading class 0x00000001008b0d60 '_BuildScript_$_run_closure1$_closure2'
Event: 10.969 Thread 0x000001977c8c0920 Unloading class 0x00000001008b0958 '_BuildScript_$_run_closure1'
Event: 10.969 Thread 0x000001977c8c0920 Unloading class 0x00000001008b0408 '_BuildScript_'
Event: 10.969 Thread 0x000001977c8c0920 Unloading class 0x00000001008b0000 'JetGradlePlugin$_apply_closure1$_closure2$_closure3'
Event: 10.969 Thread 0x000001977c8c0920 Unloading class 0x00000001008a99a8 'JetGradlePlugin$_apply_closure1$_closure2'
Event: 10.969 Thread 0x000001977c8c0920 Unloading class 0x00000001008a95a0 'JetGradlePlugin$_apply_closure1'
Event: 10.969 Thread 0x000001977c8c0920 Unloading class 0x00000001008a92e8 'JetGradlePlugin'
Event: 10.969 Thread 0x000001977c8c0920 Unloading class 0x00000001008a9000 'RegistryProcessor'

Classes redefined (0 events):
No events

Internal exceptions (20 events):
Event: 9.737 Thread 0x000001977e8233c0 Exception <a 'java/lang/NoSuchMethodError'{0x0000000088874810}: 'int java.lang.invoke.DelegatingMethodHandle$Holder.reinvoke_L(java.lang.Object, java.lang.Object, java.lang.Object, long, java.lang.Object, java.lang.Object)'> (0x0000000088874810) 
thrown [s\src\hotspot\share\interpreter\linkResolver.cpp, line 784]
Event: 9.737 Thread 0x000001977e8233c0 Exception <a 'java/lang/NoSuchMethodError'{0x0000000088883bc8}: 'int java.lang.invoke.DelegatingMethodHandle$Holder.reinvoke_L(java.lang.Object, java.lang.Object, java.lang.Object, long, int, int)'> (0x0000000088883bc8) 
thrown [s\src\hotspot\share\interpreter\linkResolver.cpp, line 784]
Event: 9.737 Thread 0x000001977e8233c0 Exception <a 'java/lang/NoSuchMethodError'{0x0000000088892d30}: 'int java.lang.invoke.DelegatingMethodHandle$Holder.reinvoke_L(java.lang.Object, java.lang.Object, java.lang.Object, long, long, long)'> (0x0000000088892d30) 
thrown [s\src\hotspot\share\interpreter\linkResolver.cpp, line 784]
Event: 9.738 Thread 0x000001977e8233c0 Exception <a 'java/lang/NoSuchMethodError'{0x00000000888a20b0}: 'int java.lang.invoke.DelegatingMethodHandle$Holder.reinvoke_L(java.lang.Object, java.lang.Object, java.lang.Object, long, int)'> (0x00000000888a20b0) 
thrown [s\src\hotspot\share\interpreter\linkResolver.cpp, line 784]
Event: 10.207 Thread 0x000001977e8233c0 Exception <a 'java/lang/NoSuchMethodError'{0x0000000085f19ac0}: 'java.lang.Object java.lang.invoke.Invokers$Holder.invokeExact_MT(java.lang.Object, java.lang.Object, long, java.lang.Object)'> (0x0000000085f19ac0) 
thrown [s\src\hotspot\share\interpreter\linkResolver.cpp, line 784]
Event: 10.251 Thread 0x000001977e8233c0 Exception <a 'java/lang/NoSuchMethodError'{0x0000000085d67488}: 'long java.lang.invoke.DirectMethodHandle$Holder.invokeStatic(java.lang.Object, java.lang.Object, int)'> (0x0000000085d67488) 
thrown [s\src\hotspot\share\interpreter\linkResolver.cpp, line 784]
Event: 10.252 Thread 0x000001977e8233c0 Exception <a 'java/lang/NoSuchMethodError'{0x0000000085d73890}: 'java.lang.Object java.lang.invoke.DelegatingMethodHandle$Holder.reinvoke_L(java.lang.Object, int, long, java.lang.Object, java.lang.Object, int, java.lang.Object)'> (0x0000000085d73890) 
thrown [s\src\hotspot\share\interpreter\linkResolver.cpp, line 784]
Event: 10.546 Thread 0x000001977e8233c0 Implicit null exception at 0x0000019707e1e1f7 to 0x0000019707e202dc
Event: 10.547 Thread 0x000001977e8233c0 Implicit null exception at 0x0000019707e1c847 to 0x0000019707e1cf44
Event: 12.344 Thread 0x000001977e8233c0 Exception <a 'java/lang/NoSuchMethodError'{0x00000000899fb0d8}: 'java.lang.Object java.lang.invoke.DirectMethodHandle$Holder.newInvokeSpecial(java.lang.Object, java.lang.Object, java.lang.Object, java.lang.Object, java.lang.Object, java.lang.Object, java.lang.Object, java.lang.Object, java.lang.Object, java.lang.Object, java.lang.Object, java.lang.Object, java.lang.Object, java.lang.Object, java.lang.Object, java.lang.Object, java.lang.Object, java.lang.Object, java.lang.Object, java.lang.Object, java.lang
Event: 12.356 Thread 0x000001977e8233c0 Exception <a 'java/lang/NoSuchMethodError'{0x00000000897ec2b8}: 'java.lang.Object java.lang.invoke.DirectMethodHandle$Holder.newInvokeSpecial(java.lang.Object, java.lang.Object, java.lang.Object, java.lang.Object, java.lang.Object, java.lang.Object, java.lang.Object, java.lang.Object, java.lang.Object, java.lang.Object, java.lang.Object, java.lang.Object, java.lang.Object, java.lang.Object, java.lang.Object, java.lang.Object, java.lang.Object, java.lang.Object, java.lang.Object, java.lang.Object)'> (0x0000
Event: 12.356 Thread 0x000001977e8233c0 Exception <a 'java/lang/NoSuchMethodError'{0x00000000897f3c28}: 'java.lang.Object java.lang.invoke.DirectMethodHandle$Holder.invokeSpecial(java.lang.Object, java.lang.Object, java.lang.Object, java.lang.Object, java.lang.Object, java.lang.Object, java.lang.Object, java.lang.Object, java.lang.Object, java.lang.Object, java.lang.Object, java.lang.Object, java.lang.Object, java.lang.Object, java.lang.Object, java.lang.Object, java.lang.Object, java.lang.Object, java.lang.Object, java.lang.Object, java.lang.Ob
Event: 12.356 Thread 0x000001977e8233c0 Exception <a 'java/lang/NoSuchMethodError'{0x00000000897fa128}: 'java.lang.Object java.lang.invoke.DelegatingMethodHandle$Holder.reinvoke_L(java.lang.Object, java.lang.Object, java.lang.Object, java.lang.Object, java.lang.Object, java.lang.Object, java.lang.Object, java.lang.Object, java.lang.Object, java.lang.Object, java.lang.Object, java.lang.Object, java.lang.Object, java.lang.Object, java.lang.Object, java.lang.Object, java.lang.Object, java.lang.Object, java.lang.Object, java.lang.Object)'> (0x000000
Event: 12.433 Thread 0x000001977e8233c0 Exception <a 'java/lang/NoSuchMethodError'{0x0000000088fe0ed8}: 'java.lang.Object java.lang.invoke.DirectMethodHandle$Holder.newInvokeSpecial(java.lang.Object, java.lang.Object, java.lang.Object, java.lang.Object, java.lang.Object, java.lang.Object, java.lang.Object, java.lang.Object, java.lang.Object, java.lang.Object, java.lang.Object, java.lang.Object, java.lang.Object, java.lang.Object, java.lang.Object, java.lang.Object)'> (0x0000000088fe0ed8) 
thrown [s\src\hotspot\share\interpreter\linkResolver.cpp,
Event: 12.433 Thread 0x000001977e8233c0 Exception <a 'java/lang/NoSuchMethodError'{0x0000000088fe7ee8}: 'java.lang.Object java.lang.invoke.DirectMethodHandle$Holder.invokeSpecial(java.lang.Object, java.lang.Object, java.lang.Object, java.lang.Object, java.lang.Object, java.lang.Object, java.lang.Object, java.lang.Object, java.lang.Object, java.lang.Object, java.lang.Object, java.lang.Object, java.lang.Object, java.lang.Object, java.lang.Object, java.lang.Object, java.lang.Object)'> (0x0000000088fe7ee8) 
thrown [s\src\hotspot\share\interpreter\li
Event: 12.434 Thread 0x000001977e8233c0 Exception <a 'java/lang/NoSuchMethodError'{0x0000000088fedd68}: 'java.lang.Object java.lang.invoke.DelegatingMethodHandle$Holder.reinvoke_L(java.lang.Object, java.lang.Object, java.lang.Object, java.lang.Object, java.lang.Object, java.lang.Object, java.lang.Object, java.lang.Object, java.lang.Object, java.lang.Object, java.lang.Object, java.lang.Object, java.lang.Object, java.lang.Object, java.lang.Object, java.lang.Object)'> (0x0000000088fedd68) 
thrown [s\src\hotspot\share\interpreter\linkResolver.cpp, l
Event: 12.441 Thread 0x000001977e8233c0 Exception <a 'java/lang/NoSuchMethodError'{0x0000000088ea0c30}: 'java.lang.Object java.lang.invoke.DirectMethodHandle$Holder.newInvokeSpecial(java.lang.Object, java.lang.Object, java.lang.Object, java.lang.Object, java.lang.Object, java.lang.Object, java.lang.Object, java.lang.Object, java.lang.Object, java.lang.Object, java.lang.Object, java.lang.Object, java.lang.Object, java.lang.Object, java.lang.Object, java.lang.Object, java.lang.Object, java.lang.Object)'> (0x0000000088ea0c30) 
thrown [s\src\hotspot
Event: 12.441 Thread 0x000001977e8233c0 Exception <a 'java/lang/NoSuchMethodError'{0x0000000088ea7f18}: 'java.lang.Object java.lang.invoke.DirectMethodHandle$Holder.invokeSpecial(java.lang.Object, java.lang.Object, java.lang.Object, java.lang.Object, java.lang.Object, java.lang.Object, java.lang.Object, java.lang.Object, java.lang.Object, java.lang.Object, java.lang.Object, java.lang.Object, java.lang.Object, java.lang.Object, java.lang.Object, java.lang.Object, java.lang.Object, java.lang.Object, java.lang.Object)'> (0x0000000088ea7f18) 
thrown
Event: 12.442 Thread 0x000001977e8233c0 Exception <a 'java/lang/NoSuchMethodError'{0x0000000088eae080}: 'java.lang.Object java.lang.invoke.DelegatingMethodHandle$Holder.reinvoke_L(java.lang.Object, java.lang.Object, java.lang.Object, java.lang.Object, java.lang.Object, java.lang.Object, java.lang.Object, java.lang.Object, java.lang.Object, java.lang.Object, java.lang.Object, java.lang.Object, java.lang.Object, java.lang.Object, java.lang.Object, java.lang.Object, java.lang.Object, java.lang.Object)'> (0x0000000088eae080) 
thrown [s\src\hotspot\s
Event: 12.447 Thread 0x000001977e8233c0 Exception <a 'java/lang/NoSuchMethodError'{0x0000000088d46d68}: 'java.lang.Object java.lang.invoke.DirectMethodHandle$Holder.newInvokeSpecial(java.lang.Object, java.lang.Object, java.lang.Object, java.lang.Object, java.lang.Object, java.lang.Object, java.lang.Object, java.lang.Object, java.lang.Object, java.lang.Object, java.lang.Object, java.lang.Object, java.lang.Object, java.lang.Object, java.lang.Object, java.lang.Object, java.lang.Object, java.lang.Object, java.lang.Object, java.lang.Object, java.lang

ZGC Phase Switch (0 events):
No events

VM Operations (20 events):
Event: 10.933 Executing VM operation: G1CollectForAllocation (G1 Evacuation Pause) done
Event: 10.968 Executing VM operation: G1PauseRemark
Event: 10.979 Executing VM operation: G1PauseRemark done
Event: 11.001 Executing VM operation: G1PauseCleanup
Event: 11.001 Executing VM operation: G1PauseCleanup done
Event: 11.760 Executing VM operation: G1CollectForAllocation (G1 Evacuation Pause)
Event: 11.769 Executing VM operation: G1CollectForAllocation (G1 Evacuation Pause) done
Event: 12.328 Executing VM operation: G1CollectForAllocation (G1 Evacuation Pause)
Event: 12.335 Executing VM operation: G1CollectForAllocation (G1 Evacuation Pause) done
Event: 12.514 Executing VM operation: HandshakeAllThreads (Deoptimize)
Event: 12.514 Executing VM operation: HandshakeAllThreads (Deoptimize) done
Event: 12.515 Executing VM operation: HandshakeAllThreads (Deoptimize)
Event: 12.522 Executing VM operation: HandshakeAllThreads (Deoptimize) done
Event: 12.577 Executing VM operation: HandshakeAllThreads (Deoptimize)
Event: 12.577 Executing VM operation: HandshakeAllThreads (Deoptimize) done
Event: 12.632 Executing VM operation: HandshakeAllThreads (Deoptimize)
Event: 12.632 Executing VM operation: HandshakeAllThreads (Deoptimize) done
Event: 12.755 Executing VM operation: HandshakeAllThreads (Deoptimize)
Event: 12.755 Executing VM operation: HandshakeAllThreads (Deoptimize) done
Event: 12.849 Executing VM operation: G1CollectForAllocation (G1 Evacuation Pause)

Events (20 events):
Event: 10.978 Thread 0x000001977c8c0920 flushing nmethod 0x000001970002d910
Event: 10.978 Thread 0x000001977c8c0920 flushing nmethod 0x000001970001ca90
Event: 10.978 Thread 0x000001977c8c0920 flushing nmethod 0x000001970000bb10
Event: 10.978 Thread 0x000001977c8c0920 flushing nmethod 0x0000019707db0790
Event: 10.978 Thread 0x000001977c8c0920 flushing nmethod 0x0000019707de3690
Event: 10.978 Thread 0x000001977c8c0920 flushing nmethod 0x0000019707d93c90
Event: 10.978 Thread 0x000001977c8c0920 flushing nmethod 0x0000019707d9c310
Event: 10.978 Thread 0x000001977c8c0920 flushing nmethod 0x0000019707d43b10
Event: 10.978 Thread 0x000001977c8c0920 flushing nmethod 0x0000019707d42290
Event: 10.978 Thread 0x000001977c8c0920 flushing nmethod 0x0000019707cdea10
Event: 10.978 Thread 0x000001977c8c0920 flushing nmethod 0x0000019707cc6690
Event: 10.978 Thread 0x000001977c8c0920 flushing nmethod 0x0000019707c96610
Event: 10.978 Thread 0x000001977c8c0920 flushing nmethod 0x0000019707b75010
Event: 10.978 Thread 0x000001977c8c0920 flushing nmethod 0x0000019707bc3a90
Event: 10.978 Thread 0x000001977c8c0920 flushing nmethod 0x0000019707bc3610
Event: 10.978 Thread 0x000001977c8c0920 flushing nmethod 0x0000019707ba3310
Event: 10.978 Thread 0x000001977c8c0920 flushing nmethod 0x0000019707b96f90
Event: 10.978 Thread 0x000001977c8c0920 flushing nmethod 0x0000019707b5db90
Event: 10.978 Thread 0x000001977c8c0920 flushing nmethod 0x0000019707b21590
Event: 11.085 Thread 0x000001971479c750 Thread exited: 0x000001971479c750


Dynamic libraries:
0x00007ff72b350000 - 0x00007ff72b35a000 	D:\APLIKASI\Android\Android Studio\jbr\bin\java.exe
0x00007ff80a7f0000 - 0x00007ff80aa07000 	C:\Windows\SYSTEM32\ntdll.dll
0x00007ff809650000 - 0x00007ff809714000 	C:\Windows\System32\KERNEL32.DLL
0x00007ff807ef0000 - 0x00007ff8082a9000 	C:\Windows\System32\KERNELBASE.dll
0x00007ff8082b0000 - 0x00007ff8083c1000 	C:\Windows\System32\ucrtbase.dll
0x00007fffb6990000 - 0x00007fffb69ab000 	D:\APLIKASI\Android\Android Studio\jbr\bin\VCRUNTIME140.dll
0x00007ff803bb0000 - 0x00007ff803bc8000 	D:\APLIKASI\Android\Android Studio\jbr\bin\jli.dll
0x00007ff8093a0000 - 0x00007ff80954e000 	C:\Windows\System32\USER32.dll
0x00007ff807af0000 - 0x00007ff807b16000 	C:\Windows\System32\win32u.dll
0x00007ffff76a0000 - 0x00007ffff7932000 	C:\Windows\WinSxS\amd64_microsoft.windows.common-controls_6595b64144ccf1df_6.0.22621.4391_none_2715d37f73803e96\COMCTL32.dll
0x00007ff809550000 - 0x00007ff809579000 	C:\Windows\System32\GDI32.dll
0x00007ff807da0000 - 0x00007ff807ebb000 	C:\Windows\System32\gdi32full.dll
0x00007ff809590000 - 0x00007ff809637000 	C:\Windows\System32\msvcrt.dll
0x00007ff807b20000 - 0x00007ff807bba000 	C:\Windows\System32\msvcp_win.dll
0x00007ff80a770000 - 0x00007ff80a7a1000 	C:\Windows\System32\IMM32.DLL
0x00007ffff5370000 - 0x00007ffff537c000 	D:\APLIKASI\Android\Android Studio\jbr\bin\vcruntime140_1.dll
0x00007ffff3550000 - 0x00007ffff35dd000 	D:\APLIKASI\Android\Android Studio\jbr\bin\msvcp140.dll
0x00007fffb69b0000 - 0x00007fffb762d000 	D:\APLIKASI\Android\Android Studio\jbr\bin\server\jvm.dll
0x00007ff809160000 - 0x00007ff809212000 	C:\Windows\System32\ADVAPI32.dll
0x00007ff808510000 - 0x00007ff8085b7000 	C:\Windows\System32\sechost.dll
0x00007ff807ec0000 - 0x00007ff807ee8000 	C:\Windows\System32\bcrypt.dll
0x00007ff80a500000 - 0x00007ff80a614000 	C:\Windows\System32\RPCRT4.dll
0x00007ff808e40000 - 0x00007ff808eb1000 	C:\Windows\System32\WS2_32.dll
0x00007ff807470000 - 0x00007ff8074bd000 	C:\Windows\SYSTEM32\POWRPROF.dll
0x00007ff803280000 - 0x00007ff8032b4000 	C:\Windows\SYSTEM32\WINMM.dll
0x00007fffff870000 - 0x00007fffff87a000 	C:\Windows\SYSTEM32\VERSION.dll
0x00007ff8073e0000 - 0x00007ff8073f3000 	C:\Windows\SYSTEM32\UMPDC.dll
0x00007ff806b30000 - 0x00007ff806b48000 	C:\Windows\SYSTEM32\kernel.appcore.dll
0x00007fffdfb40000 - 0x00007fffdfb4a000 	D:\APLIKASI\Android\Android Studio\jbr\bin\jimage.dll
0x00007ffffdf40000 - 0x00007ffffe172000 	C:\Windows\SYSTEM32\DBGHELP.DLL
0x00007ff80a010000 - 0x00007ff80a39f000 	C:\Windows\System32\combase.dll
0x00007ff809720000 - 0x00007ff8097f7000 	C:\Windows\System32\OLEAUT32.dll
0x00007ffff05c0000 - 0x00007ffff05f2000 	C:\Windows\SYSTEM32\dbgcore.DLL
0x00007ff8083d0000 - 0x00007ff80844b000 	C:\Windows\System32\bcryptPrimitives.dll
0x00007ff803ba0000 - 0x00007ff803bae000 	D:\APLIKASI\Android\Android Studio\jbr\bin\instrument.dll
0x00007fffb6950000 - 0x00007fffb696f000 	D:\APLIKASI\Android\Android Studio\jbr\bin\java.dll
0x00007fffb5b80000 - 0x00007fffb5b98000 	D:\APLIKASI\Android\Android Studio\jbr\bin\zip.dll
0x00007ff8085c0000 - 0x00007ff808e36000 	C:\Windows\System32\SHELL32.dll
0x00007ff805a30000 - 0x00007ff806333000 	C:\Windows\SYSTEM32\windows.storage.dll
0x00007ff8058f0000 - 0x00007ff805a2f000 	C:\Windows\SYSTEM32\wintypes.dll
0x00007ff80a400000 - 0x00007ff80a4f9000 	C:\Windows\System32\SHCORE.dll
0x00007ff80a3a0000 - 0x00007ff80a3fe000 	C:\Windows\System32\shlwapi.dll
0x00007ff807a20000 - 0x00007ff807a4b000 	C:\Windows\SYSTEM32\profapi.dll
0x00007fffd61d0000 - 0x00007fffd61e0000 	D:\APLIKASI\Android\Android Studio\jbr\bin\net.dll
0x00007ff8044c0000 - 0x00007ff8045f6000 	C:\Windows\SYSTEM32\WINHTTP.dll
0x00007ff806fb0000 - 0x00007ff807019000 	C:\Windows\system32\mswsock.dll
0x00007fffb51f0000 - 0x00007fffb5206000 	D:\APLIKASI\Android\Android Studio\jbr\bin\nio.dll
0x00007ff804010000 - 0x00007ff804020000 	D:\APLIKASI\Android\Android Studio\jbr\bin\verify.dll
0x00007ff803bd0000 - 0x00007ff803bf7000 	C:\Users\Acer\.gradle\native\c067742578af261105cb4f569cf0c3c89f3d7b1fecec35dd04571415982c5e48\windows-amd64\native-platform.dll
0x00007fff8e710000 - 0x00007fff8e854000 	C:\Users\Acer\.gradle\native\38dada09dfb8b06ba9b0570ebf7e218e3eb74d4ef43ca46872605cf95ebc2f47\windows-amd64\native-platform-file-events.dll
0x00007fffca330000 - 0x00007fffca339000 	D:\APLIKASI\Android\Android Studio\jbr\bin\management.dll
0x00007fffca320000 - 0x00007fffca32b000 	D:\APLIKASI\Android\Android Studio\jbr\bin\management_ext.dll
0x00007ff809020000 - 0x00007ff809028000 	C:\Windows\System32\PSAPI.DLL
0x00007ff807270000 - 0x00007ff80728b000 	C:\Windows\SYSTEM32\CRYPTSP.dll
0x00007ff806a90000 - 0x00007ff806ac5000 	C:\Windows\system32\rsaenh.dll
0x00007ff807110000 - 0x00007ff807138000 	C:\Windows\SYSTEM32\USERENV.dll
0x00007ff807290000 - 0x00007ff80729c000 	C:\Windows\SYSTEM32\CRYPTBASE.dll
0x00007ff806590000 - 0x00007ff8065bd000 	C:\Windows\SYSTEM32\IPHLPAPI.DLL
0x00007ff809580000 - 0x00007ff809589000 	C:\Windows\System32\NSI.dll
0x00007fffd21d0000 - 0x00007fffd21d9000 	D:\APLIKASI\Android\Android Studio\jbr\bin\extnet.dll
0x00007fffd2200000 - 0x00007fffd2208000 	C:\Windows\system32\wshunix.dll

dbghelp: loaded successfully - version: 4.0.5 - missing functions: none
symbol engine: initialized successfully - sym options: 0x614 - pdb path: .;D:\APLIKASI\Android\Android Studio\jbr\bin;C:\Windows\SYSTEM32;C:\Windows\WinSxS\amd64_microsoft.windows.common-controls_6595b64144ccf1df_6.0.22621.4391_none_2715d37f73803e96;D:\APLIKASI\Android\Android Studio\jbr\bin\server;C:\Users\Acer\.gradle\native\c067742578af261105cb4f569cf0c3c89f3d7b1fecec35dd04571415982c5e48\windows-amd64;C:\Users\Acer\.gradle\native\38dada09dfb8b06ba9b0570ebf7e218e3eb74d4ef43ca46872605cf95ebc2f47\windows-amd64

VM Arguments:
jvm_args: --add-opens=java.base/java.util=ALL-UNNAMED --add-opens=java.base/java.lang=ALL-UNNAMED --add-opens=java.base/java.lang.invoke=ALL-UNNAMED --add-opens=java.prefs/java.util.prefs=ALL-UNNAMED --add-opens=java.base/java.nio.charset=ALL-UNNAMED --add-opens=java.base/java.net=ALL-UNNAMED --add-opens=java.base/java.util.concurrent.atomic=ALL-UNNAMED -Xmx2048m -Dfile.encoding=UTF-8 -Duser.country=ID -Duser.language=en -Duser.variant -javaagent:C:\Users\Acer\.gradle\wrapper\dists\gradle-8.7-bin\bhs2wmbdwecv87pi65oeuq5iu\gradle-8.7\lib\agents\gradle-instrumentation-agent-8.7.jar 
java_command: org.gradle.launcher.daemon.bootstrap.GradleDaemon 8.7
java_class_path (initial): C:\Users\Acer\.gradle\wrapper\dists\gradle-8.7-bin\bhs2wmbdwecv87pi65oeuq5iu\gradle-8.7\lib\gradle-launcher-8.7.jar
Launcher Type: SUN_STANDARD

[Global flags]
     intx CICompilerCount                          = 3                                         {product} {ergonomic}
     uint ConcGCThreads                            = 2                                         {product} {ergonomic}
     uint G1ConcRefinementThreads                  = 6                                         {product} {ergonomic}
   size_t G1HeapRegionSize                         = 1048576                                   {product} {ergonomic}
    uintx GCDrainStackTargetSize                   = 64                                        {product} {ergonomic}
   size_t InitialHeapSize                          = 123731968                                 {product} {ergonomic}
   size_t MarkStackSize                            = 4194304                                   {product} {ergonomic}
   size_t MaxHeapSize                              = 2147483648                                {product} {command line}
   size_t MaxNewSize                               = 1287651328                                {product} {ergonomic}
   size_t MinHeapDeltaBytes                        = 1048576                                   {product} {ergonomic}
   size_t MinHeapSize                              = 8388608                                   {product} {ergonomic}
    uintx NonNMethodCodeHeapSize                   = 5832780                                {pd product} {ergonomic}
    uintx NonProfiledCodeHeapSize                  = 122912730                              {pd product} {ergonomic}
    uintx ProfiledCodeHeapSize                     = 122912730                              {pd product} {ergonomic}
    uintx ReservedCodeCacheSize                    = 251658240                              {pd product} {ergonomic}
     bool SegmentedCodeCache                       = true                                      {product} {ergonomic}
   size_t SoftMaxHeapSize                          = 2147483648                             {manageable} {ergonomic}
     bool UseCompressedOops                        = true                           {product lp64_product} {ergonomic}
     bool UseG1GC                                  = true                                      {product} {ergonomic}
     bool UseLargePagesIndividualAllocation        = false                                  {pd product} {ergonomic}

Logging:
Log output configuration:
 #0: stdout all=warning uptime,level,tags foldmultilines=false
 #1: stderr all=off uptime,level,tags foldmultilines=false

Environment Variables:
JAVA_HOME=C:\Program Files\Zulu\zulu-8\
PATH=C:\Program Files\Zulu\zulu-8\bin\;D:\APLIKASI\Python312\Scripts\;D:\APLIKASI\Python312\;C:\Windows\system32;C:\Windows;C:\Windows\System32\Wbem;C:\Windows\System32\WindowsPowerShell\v1.0\;C:\Windows\System32\OpenSSH\;D:\APLIKASI\MinGW\bin;D:\APLIKASI\Git\cmd;D:\APLIKASI\Git\bin;D:\APLIKASI\nodejs\;C:\gradle-8.10.1\bin;C:\Program Files\Cloudflare\Cloudflare WARP\;C:\Program Files (x86)\Windows Kits\10\Windows Performance Toolkit\;C:\Users\Acer\AppData\Local\Microsoft\WindowsApps;D:\APLIKASI\Microsoft VS Code\bin;D:\APLIKASI\MinGW\bin;D:\APLIKASI\Git\cmd;D:\APLIKASI\Git\bin;C:\Users\Acer\AppData\Roaming\npm;D:\APLIKASI\JetBrains\IntelliJ IDEA Community Edition 2024.2.1\bin;
USERNAME=Acer
OS=Windows_NT
PROCESSOR_IDENTIFIER=AMD64 Family 23 Model 96 Stepping 1, AuthenticAMD
TMP=C:\Users\Acer\AppData\Local\Temp
TEMP=C:\Users\Acer\AppData\Local\Temp




Periodic native trim disabled

JNI global refs:
JNI global refs: 25, weak refs: 0

JNI global refs memory usage: 835, weak refs: 833

Process memory usage:
Resident Set Size: 390820K (5% of 7730488K total physical memory with 408312K free physical memory)

OOME stack traces (most recent first):
Classloader memory used:
Loader org.gradle.internal.classloader.VisitableURLClassLoader                         : 64479K
Loader bootstrap                                                                       : 23682K
Loader org.gradle.initialization.MixInLegacyTypesClassLoader                           : 6105K
Loader org.gradle.internal.classloader.VisitableURLClassLoader                         : 703K
Loader org.gradle.internal.classloader.VisitableURLClassLoader$InstrumentingVisitableURLClassLoader: 567K
Loader jdk.internal.loader.ClassLoaders$PlatformClassLoader                            : 498K
Loader jdk.internal.jrtfs.JrtFileSystemProvider$JrtFsLoader                            : 306K
Loader jdk.internal.loader.ClassLoaders$AppClassLoader                                 : 230K
Loader jdk.internal.reflect.DelegatingClassLoader                                      : 144K
Loader org.gradle.groovy.scripts.internal.DefaultScriptCompilationHandler$ScriptClassLoader: 89944B
Loader org.codehaus.groovy.runtime.callsite.CallSiteClassLoader                        : 46144B

Classes loaded by more than one classloader:
Class org.gradle.api.GradleException                                                  : loaded 3 times (x 79B)
Class jdk.internal.jimage.BasicImageReader                                            : loaded 2 times (x 92B)
Class org.gradle.internal.classloader.ClassLoaderHierarchy                            : loaded 2 times (x 67B)
Class org.gradle.api.internal.classpath.ManifestUtil                                  : loaded 2 times (x 68B)
Class jdk.internal.jimage.decompressor.StringSharingDecompressorFactory               : loaded 2 times (x 71B)
Class org.gradle.internal.operations.MultipleBuildOperationFailures                   : loaded 2 times (x 92B)
Class org.gradle.internal.classloader.DefaultClassLoaderFactory                       : loaded 2 times (x 79B)
Class kotlin.collections.AbstractList$Companion                                       : loaded 2 times (x 68B)
Class org.gradle.internal.classloader.ClassLoaderVisitor                              : loaded 2 times (x 73B)
Class org.gradle.api.internal.classpath.EffectiveClassPath                            : loaded 2 times (x 87B)
Class org.gradle.api.internal.DefaultClassPathProvider                                : loaded 2 times (x 73B)
Class [Lorg.gradle.api.internal.ClassPathProvider;                                    : loaded 2 times (x 66B)
Class org.gradle.api.internal.ClassPathProvider                                       : loaded 2 times (x 67B)
Class jdk.internal.jrtfs.SystemImage                                                  : loaded 2 times (x 71B)
Class org.gradle.internal.service.UnknownServiceException                             : loaded 2 times (x 80B)
Class org.gradle.internal.classpath.TransformedClassPath                              : loaded 2 times (x 93B)
Class jdk.internal.jrtfs.SystemImage$1                                                : loaded 2 times (x 75B)
Class kotlin.enums.EnumEntriesList                                                    : loaded 2 times (x 220B)
Class jdk.internal.jrtfs.SystemImage$2                                                : loaded 2 times (x 73B)
Class org.gradle.internal.service.ServiceLocator                                      : loaded 2 times (x 67B)
Class jdk.internal.jrtfs.JrtFileSystemProvider                                        : loaded 2 times (x 98B)
Class jdk.internal.jimage.ImageLocation                                               : loaded 2 times (x 87B)
Class jdk.internal.jrtfs.JrtDirectoryStream$1                                         : loaded 2 times (x 80B)
Class org.gradle.internal.InternalTransformer                                         : loaded 2 times (x 67B)
Class jdk.internal.jimage.ImageBufferCache$1                                          : loaded 2 times (x 80B)
Class org.gradle.internal.time.DefaultTimer                                           : loaded 2 times (x 77B)
Class org.gradle.internal.classloader.ClasspathUtil$1                                 : loaded 2 times (x 73B)
Class jdk.internal.jimage.ImageBufferCache$2                                          : loaded 2 times (x 88B)
Class org.gradle.api.internal.classpath.DefaultModuleRegistry$DefaultModule           : loaded 2 times (x 83B)
Class org.gradle.internal.time.DefaultCountdownTimer                                  : loaded 2 times (x 85B)
Class ijInit1_7zx0boqoqclx94kfrs74z2hxx                                               : loaded 2 times (x 176B)
Class kotlin.Function                                                                 : loaded 2 times (x 67B)
Class org.gradle.api.internal.classpath.Module                                        : loaded 2 times (x 67B)
Class sync_studio_tooling_6qn8or2ghx2kig2a355f2pm8n$_run_closure1                     : loaded 2 times (x 136B)
Class org.gradle.api.internal.classpath.UnknownModuleException                        : loaded 2 times (x 79B)
Class org.gradle.cache.GlobalCache                                                    : loaded 2 times (x 67B)
Class jdk.internal.jimage.ImageHeader                                                 : loaded 2 times (x 68B)
Class org.gradle.api.internal.DefaultClassPathRegistry                                : loaded 2 times (x 73B)
Class org.gradle.api.internal.ClassPathRegistry                                       : loaded 2 times (x 67B)
Class org.gradle.internal.classpath.DefaultClassPath$ImmutableUniqueList              : loaded 2 times (x 196B)
Class jdk.internal.jimage.decompressor.ResourceDecompressor                           : loaded 2 times (x 67B)
Class org.gradle.internal.classpath.ClassPath                                         : loaded 2 times (x 67B)
Class org.gradle.api.UncheckedIOException                                             : loaded 2 times (x 79B)
Class jdk.internal.jimage.ImageStringsReader                                          : loaded 2 times (x 77B)
Class kotlin.UninitializedPropertyAccessException                                     : loaded 2 times (x 79B)
Class jdk.internal.jimage.ImageReader                                                 : loaded 2 times (x 72B)
Class jdk.internal.jimage.ImageReader$SharedImageReader                               : loaded 2 times (x 92B)
Class org.gradle.internal.installation.GradleInstallation$1                           : loaded 2 times (x 72B)
Class org.gradle.api.internal.classpath.ModuleRegistry                                : loaded 2 times (x 67B)
Class jdk.internal.jimage.decompressor.ResourceDecompressorFactory                    : loaded 2 times (x 71B)
Class jdk.internal.jimage.ImageReader$Node                                            : loaded 2 times (x 81B)
Class org.gradle.api.internal.classpath.DefaultModuleRegistry                         : loaded 2 times (x 83B)
Class jdk.internal.jimage.BasicImageReader$1                                          : loaded 2 times (x 74B)
Class jdk.internal.jimage.decompressor.Decompressor                                   : loaded 2 times (x 69B)
Class jdk.internal.jimage.ImageReader$Resource                                        : loaded 2 times (x 81B)
Class org.gradle.internal.time.MonotonicClock                                         : loaded 2 times (x 74B)
Class org.gradle.internal.service.ServiceLookupException                              : loaded 2 times (x 79B)
Class jdk.internal.jrtfs.JrtFileAttributes                                            : loaded 2 times (x 80B)
Class org.gradle.internal.classloader.ClassLoaderFactory                              : loaded 2 times (x 67B)
Class org.gradle.internal.service.CachingServiceLocator                               : loaded 2 times (x 79B)
Class org.gradle.internal.time.TimeSource                                             : loaded 2 times (x 67B)
Class kotlin.enums.EnumEntries                                                        : loaded 2 times (x 67B)
Class org.gradle.internal.exceptions.ResolutionProvider                               : loaded 2 times (x 67B)
Class jdk.internal.jimage.ImageBufferCache                                            : loaded 2 times (x 68B)
Class jdk.internal.jrtfs.JrtPath                                                      : loaded 2 times (x 115B)
Class org.gradle.internal.classloader.ClasspathUtil                                   : loaded 2 times (x 68B)
Class org.gradle.internal.time.TimeSource$1                                           : loaded 2 times (x 74B)
Class kotlin.jvm.internal.DefaultConstructorMarker                                    : loaded 2 times (x 68B)
Class org.gradle.api.specs.Spec                                                       : loaded 2 times (x 67B)
Class jdk.internal.jimage.ImageReader$SharedImageReader$LocationVisitor               : loaded 2 times (x 67B)
Class jdk.internal.jimage.decompressor.ResourceDecompressorRepository                 : loaded 2 times (x 68B)
Class sync_studio_tooling_6qn8or2ghx2kig2a355f2pm8n                                   : loaded 2 times (x 176B)
Class org.gradle.internal.time.Clock                                                  : loaded 2 times (x 67B)
Class jdk.internal.jimage.ImageReader$Directory                                       : loaded 2 times (x 81B)
Class kotlin.collections.AbstractList                                                 : loaded 2 times (x 194B)
Class kotlin.collections.AbstractCollection                                           : loaded 2 times (x 114B)
Class org.gradle.internal.classloader.VisitableURLClassLoader$InstrumentingVisitableURLClassLoader: loaded 2 times (x 120B)
Class org.gradle.internal.classloader.VisitableURLClassLoader$Spec                    : loaded 2 times (x 71B)
Class org.gradle.internal.classpath.DefaultClassPath                                  : loaded 2 times (x 87B)
Class jdk.internal.jimage.decompressor.ZipDecompressorFactory                         : loaded 2 times (x 71B)
Class org.gradle.internal.classloader.ClassLoaderSpec                                 : loaded 2 times (x 68B)
Class org.gradle.internal.classloader.VisitableURLClassLoader                         : loaded 2 times (x 114B)
Class org.gradle.internal.Cast                                                        : loaded 2 times (x 68B)
Class org.gradle.api.Action                                                           : loaded 2 times (x 67B)
Class jdk.internal.jimage.decompressor.ZipDecompressor                                : loaded 2 times (x 72B)
Class kotlin.jvm.functions.Function1                                                  : loaded 2 times (x 67B)
Class org.gradle.internal.agents.InstrumentingClassLoader                             : loaded 2 times (x 67B)
Class org.gradle.internal.classpath.DefaultClassPath$ImmutableUniqueList$Builder      : loaded 2 times (x 72B)
Class org.gradle.internal.classloader.FilteringClassLoader                            : loaded 2 times (x 102B)
Class org.gradle.internal.exceptions.NonGradleCauseExceptionsHolder                   : loaded 2 times (x 67B)
Class jdk.internal.jimage.ImageStrings                                                : loaded 2 times (x 67B)
Class kotlin.enums.EnumEntriesKt                                                      : loaded 2 times (x 68B)
Class org.gradle.internal.IoActions                                                   : loaded 2 times (x 68B)
Class org.gradle.internal.classloader.SystemClassLoaderSpec                           : loaded 2 times (x 68B)
Class org.gradle.internal.exceptions.MultiCauseException                              : loaded 2 times (x 67B)
Class org.gradle.internal.time.CountdownTimer                                         : loaded 2 times (x 67B)
Class kotlin.jvm.internal.Intrinsics                                                  : loaded 2 times (x 68B)
Class jdk.internal.jrtfs.JrtFileSystem                                                : loaded 2 times (x 99B)
Class org.gradle.tooling.model.ProjectModel                                           : loaded 2 times (x 67B)
Class jdk.internal.jimage.decompressor.CompressedResourceHeader                       : loaded 2 times (x 68B)
Class kotlin.KotlinNullPointerException                                               : loaded 2 times (x 80B)
Class org.gradle.internal.exceptions.DefaultMultiCauseException                       : loaded 2 times (x 92B)
Class org.gradle.internal.time.Time                                                   : loaded 2 times (x 68B)
Class org.gradle.internal.time.Timer                                                  : loaded 2 times (x 67B)
Class kotlin.jvm.internal.markers.KMappedMarker                                       : loaded 2 times (x 67B)
Class org.gradle.internal.installation.CurrentGradleInstallationLocator               : loaded 2 times (x 68B)
Class org.gradle.internal.service.DefaultServiceLocator                               : loaded 2 times (x 80B)
Class jdk.internal.jrtfs.JrtDirectoryStream                                           : loaded 2 times (x 86B)
Class org.gradle.util.GradleVersion                                                   : loaded 2 times (x 80B)
Class org.gradle.internal.installation.CurrentGradleInstallation                      : loaded 2 times (x 70B)
Class org.gradle.util.internal.GUtil                                                  : loaded 2 times (x 68B)
Class org.gradle.internal.installation.GradleInstallation                             : loaded 2 times (x 72B)
Class jdk.internal.jimage.decompressor.ResourceDecompressor$StringsProvider           : loaded 2 times (x 67B)

---------------  S Y S T E M  ---------------

OS:
 Windows 11 , 64 bit Build 22621 (10.0.22621.4391)
OS uptime: 0 days 1:33 hours

CPU: total 6 (initial active 6) (6 cores per cpu, 1 threads per core) family 23 model 96 stepping 1 microcode 0x0, cx8, cmov, fxsr, mmx, 3dnowpref, sse, sse2, sse3, ssse3, sse4a, sse4.1, sse4.2, popcnt, lzcnt, tsc, tscinvbit, avx, avx2, aes, clmul, bmi1, bmi2, adx, sha, fma, vzeroupper, clflush, clflushopt, rdtscp, rdpid, f16c
Processor Information for all 6 processors :
  Max Mhz: 2375, Current Mhz: 2375, Mhz Limit: 2375

Memory: 4k page, system-wide physical 7549M (398M free)
TotalPageFile size 13532M (AvailPageFile size 6M)
current process WorkingSet (physical memory assigned to process): 381M, peak: 381M
current process commit charge ("private bytes"): 411M, peak: 442M

vm_info: OpenJDK 64-Bit Server VM (21.0.3+-12282718-b509.11) for windows-amd64 JRE (21.0.3+-12282718-b509.11), built on 2024-08-27T17:34:15Z by "builder" with MS VC++ 16.10 / 16.11 (VS2019)

END.
