#
# There is insufficient memory for the Java Runtime Environment to continue.
# Native memory allocation (mmap) failed to map 25165824 bytes. Error detail: G1 virtual space
# Possible reasons:
#   The system is out of physical RAM or swap space
#   This process is running with CompressedOops enabled, and the Java Heap may be blocking the growth of the native heap
# Possible solutions:
#   Reduce memory load on the system
#   Increase physical memory or swap space
#   Check if swap backing store is full
#   Decrease Java heap size (-Xmx/-Xms)
#   Decrease number of Java threads
#   Decrease Java thread stack sizes (-Xss)
#   Set larger code cache with -XX:ReservedCodeCacheSize=
#   JVM is running with Unscaled Compressed Oops mode in which the Java heap is
#     placed in the first 4GB address space. The Java Heap base address is the
#     maximum limit for the native heap growth. Please use -XX:HeapBaseMinAddress
#     to set the Java Heap base and to place the Java Heap above 4GB virtual address.
# This output file may be truncated or incomplete.
#
#  Out of Memory Error (os_windows.cpp:3815), pid=13976, tid=10108
#
# JRE version: OpenJDK Runtime Environment (21.0.3) (build 21.0.3+-12282718-b509.11)
# Java VM: OpenJDK 64-Bit Server VM (21.0.3+-12282718-b509.11, mixed mode, tiered, compressed oops, compressed class ptrs, g1 gc, windows-amd64)
# No core dump will be written. Minidumps are not enabled by default on client versions of Windows
#

---------------  S U M M A R Y ------------

Command Line: --add-opens=java.base/java.util=ALL-UNNAMED --add-opens=java.base/java.lang=ALL-UNNAMED --add-opens=java.base/java.lang.invoke=ALL-UNNAMED --add-opens=java.prefs/java.util.prefs=ALL-UNNAMED --add-opens=java.base/java.nio.charset=ALL-UNNAMED --add-opens=java.base/java.net=ALL-UNNAMED --add-opens=java.base/java.util.concurrent.atomic=ALL-UNNAMED -Xmx2048m -Dfile.encoding=UTF-8 -Duser.country=ID -Duser.language=en -Duser.variant -javaagent:C:\Users\Acer\.gradle\wrapper\dists\gradle-8.7-bin\bhs2wmbdwecv87pi65oeuq5iu\gradle-8.7\lib\agents\gradle-instrumentation-agent-8.7.jar org.gradle.launcher.daemon.bootstrap.GradleDaemon 8.7

Host: AMD Ryzen 5 4500U with Radeon Graphics         , 6 cores, 7G,  Windows 11 , 64 bit Build 22621 (10.0.22621.4391)
Time: Wed Nov 27 22:46:40 2024 SE Asia Standard Time elapsed time: 13.548786 seconds (0d 0h 0m 13s)

---------------  T H R E A D  ---------------

Current thread (0x0000021bbe011460):  VMThread "VM Thread"          [id=10108, stack(0x000000af3dd00000,0x000000af3de00000) (1024K)]

Stack: [0x000000af3dd00000,0x000000af3de00000]
Native frames: (J=compiled Java code, j=interpreted, Vv=VM code, C=native code)
V  [jvm.dll+0x6cafb9]
V  [jvm.dll+0x858523]
V  [jvm.dll+0x85aa7e]
V  [jvm.dll+0x85b163]
V  [jvm.dll+0x27d356]
V  [jvm.dll+0x6c7865]
V  [jvm.dll+0x6bbd3a]
V  [jvm.dll+0x35199b]
V  [jvm.dll+0x3595d6]
V  [jvm.dll+0x3aa826]
V  [jvm.dll+0x3aaaf8]
V  [jvm.dll+0x3240bc]
V  [jvm.dll+0x326ac6]
V  [jvm.dll+0x33092e]
V  [jvm.dll+0x3680c5]
V  [jvm.dll+0x860ac8]
V  [jvm.dll+0x861bc4]
V  [jvm.dll+0x862100]
V  [jvm.dll+0x862393]
V  [jvm.dll+0x800d78]
V  [jvm.dll+0x6c98cd]
C  [ucrtbase.dll+0x29333]
C  [KERNEL32.DLL+0x1259d]
C  [ntdll.dll+0x5af38]

VM_Operation (0x000000af3d8ff5d0): G1PauseRemark, mode: safepoint, requested by thread 0x0000021ba2a50970


---------------  P R O C E S S  ---------------

Threads class SMR info:
_java_thread_list=0x0000021bcdb99830, length=44, elements={
0x0000021ba29e7660, 0x0000021bbe067be0, 0x0000021bbe068a00, 0x0000021bbe078d20,
0x0000021bbe0771e0, 0x0000021bbe089510, 0x0000021bbe089f90, 0x0000021bbe08ad20,
0x0000021bbe08b7c0, 0x0000021bb9c26190, 0x0000021bbe3e1cb0, 0x0000021bc00d6100,
0x0000021bbf7be5c0, 0x0000021bbfce1e30, 0x0000021bc0019760, 0x0000021bbf8c5660,
0x0000021bbfc7e1e0, 0x0000021bbffb96b0, 0x0000021bbffb9d20, 0x0000021bbefa2600,
0x0000021bbefa2c90, 0x0000021bbefa39b0, 0x0000021bbefa0bc0, 0x0000021bbefa4040,
0x0000021bbefa18e0, 0x0000021bc1173d40, 0x0000021bc11736b0, 0x0000021bc1173020,
0x0000021bc116fba0, 0x0000021bc11715e0, 0x0000021bc1172990, 0x0000021bc116e7f0,
0x0000021bc11743d0, 0x0000021bc11750f0, 0x0000021bc1175780, 0x0000021bc1170230,
0x0000021bc1175e10, 0x0000021bc1171c70, 0x0000021bc1172300, 0x0000021bc41faa70,
0x0000021bc41fec10, 0x0000021bc41ff2a0, 0x0000021bc41fcb40, 0x0000021bc41fb100
}

Java Threads: ( => current thread )
  0x0000021ba29e7660 JavaThread "main"                              [_thread_blocked, id=12844, stack(0x000000af3d600000,0x000000af3d700000) (1024K)]
  0x0000021bbe067be0 JavaThread "Reference Handler"          daemon [_thread_blocked, id=13472, stack(0x000000af3de00000,0x000000af3df00000) (1024K)]
  0x0000021bbe068a00 JavaThread "Finalizer"                  daemon [_thread_blocked, id=14364, stack(0x000000af3df00000,0x000000af3e000000) (1024K)]
  0x0000021bbe078d20 JavaThread "Signal Dispatcher"          daemon [_thread_blocked, id=10356, stack(0x000000af3e000000,0x000000af3e100000) (1024K)]
  0x0000021bbe0771e0 JavaThread "Attach Listener"            daemon [_thread_blocked, id=15272, stack(0x000000af3e100000,0x000000af3e200000) (1024K)]
  0x0000021bbe089510 JavaThread "Service Thread"             daemon [_thread_blocked, id=5436, stack(0x000000af3e200000,0x000000af3e300000) (1024K)]
  0x0000021bbe089f90 JavaThread "Monitor Deflation Thread"   daemon [_thread_blocked, id=6280, stack(0x000000af3e300000,0x000000af3e400000) (1024K)]
  0x0000021bbe08ad20 JavaThread "C2 CompilerThread0"         daemon [_thread_blocked, id=9664, stack(0x000000af3e400000,0x000000af3e500000) (1024K)]
  0x0000021bbe08b7c0 JavaThread "C1 CompilerThread0"         daemon [_thread_blocked, id=7592, stack(0x000000af3e500000,0x000000af3e600000) (1024K)]
  0x0000021bb9c26190 JavaThread "Common-Cleaner"             daemon [_thread_blocked, id=12460, stack(0x000000af3e600000,0x000000af3e700000) (1024K)]
  0x0000021bbe3e1cb0 JavaThread "Notification Thread"        daemon [_thread_blocked, id=14044, stack(0x000000af3e700000,0x000000af3e800000) (1024K)]
  0x0000021bc00d6100 JavaThread "Daemon health stats"               [_thread_blocked, id=6372, stack(0x000000af3ed00000,0x000000af3ee00000) (1024K)]
  0x0000021bbf7be5c0 JavaThread "Incoming local TCP Connector on port 52026"        [_thread_in_native, id=10528, stack(0x000000af3ee00000,0x000000af3ef00000) (1024K)]
  0x0000021bbfce1e30 JavaThread "Daemon periodic checks"            [_thread_blocked, id=3440, stack(0x000000af3ef00000,0x000000af3f000000) (1024K)]
  0x0000021bc0019760 JavaThread "Daemon"                            [_thread_blocked, id=6732, stack(0x000000af3f000000,0x000000af3f100000) (1024K)]
  0x0000021bbf8c5660 JavaThread "Handler for socket connection from /127.0.0.1:52026 to /127.0.0.1:52027"        [_thread_in_native, id=9260, stack(0x000000af3f100000,0x000000af3f200000) (1024K)]
  0x0000021bbfc7e1e0 JavaThread "Cancel handler"                    [_thread_blocked, id=11704, stack(0x000000af3f200000,0x000000af3f300000) (1024K)]
  0x0000021bbffb96b0 JavaThread "Daemon worker"                     [_thread_blocked, id=424, stack(0x000000af3f300000,0x000000af3f400000) (1024K)]
  0x0000021bbffb9d20 JavaThread "Asynchronous log dispatcher for DefaultDaemonConnection: socket connection from /127.0.0.1:52026 to /127.0.0.1:52027"        [_thread_blocked, id=14764, stack(0x000000af3f400000,0x000000af3f500000) (1024K)]
  0x0000021bbefa2600 JavaThread "Stdin handler"                     [_thread_blocked, id=4848, stack(0x000000af3f500000,0x000000af3f600000) (1024K)]
  0x0000021bbefa2c90 JavaThread "Daemon client event forwarder"        [_thread_blocked, id=12748, stack(0x000000af3f600000,0x000000af3f700000) (1024K)]
  0x0000021bbefa39b0 JavaThread "Cache worker for journal cache (C:\Users\Acer\.gradle\caches\journal-1)"        [_thread_blocked, id=1748, stack(0x000000af3f900000,0x000000af3fa00000) (1024K)]
  0x0000021bbefa0bc0 JavaThread "File lock request listener"        [_thread_in_native, id=12452, stack(0x000000af3fa00000,0x000000af3fb00000) (1024K)]
  0x0000021bbefa4040 JavaThread "Cache worker for file hash cache (C:\Users\Acer\.gradle\caches\8.7\fileHashes)"        [_thread_blocked, id=8016, stack(0x000000af3fb00000,0x000000af3fc00000) (1024K)]
  0x0000021bbefa18e0 JavaThread "Cache worker for file hash cache (D:\APLIKASI\AndroidStudioProjects\GITHUB\Mobile-Development\.gradle\8.7\fileHashes)"        [_thread_blocked, id=10496, stack(0x000000af3fc00000,0x000000af3fd00000) (1024K)]
  0x0000021bc1173d40 JavaThread "File watcher server"        daemon [_thread_blocked, id=13636, stack(0x000000af3fd00000,0x000000af3fe00000) (1024K)]
  0x0000021bc11736b0 JavaThread "File watcher consumer"      daemon [_thread_blocked, id=8396, stack(0x000000af3fe00000,0x000000af3ff00000) (1024K)]
  0x0000021bc1173020 JavaThread "jar transforms"                    [_thread_blocked, id=14956, stack(0x000000af3ff00000,0x000000af40000000) (1024K)]
  0x0000021bc116fba0 JavaThread "jar transforms Thread 2"           [_thread_blocked, id=7660, stack(0x000000af40000000,0x000000af40100000) (1024K)]
  0x0000021bc11715e0 JavaThread "jar transforms Thread 3"           [_thread_blocked, id=5780, stack(0x000000af40100000,0x000000af40200000) (1024K)]
  0x0000021bc1172990 JavaThread "jar transforms Thread 4"           [_thread_blocked, id=4892, stack(0x000000af40200000,0x000000af40300000) (1024K)]
  0x0000021bc116e7f0 JavaThread "jar transforms Thread 5"           [_thread_blocked, id=13720, stack(0x000000af40300000,0x000000af40400000) (1024K)]
  0x0000021bc11743d0 JavaThread "jar transforms Thread 6"           [_thread_blocked, id=5304, stack(0x000000af40400000,0x000000af40500000) (1024K)]
  0x0000021bc11750f0 JavaThread "Cache worker for checksums cache (D:\APLIKASI\AndroidStudioProjects\GITHUB\Mobile-Development\.gradle\8.7\checksums)"        [_thread_blocked, id=3060, stack(0x000000af40500000,0x000000af40600000) (1024K)]
  0x0000021bc1175780 JavaThread "Cache worker for cache directory md-supplier (C:\Users\Acer\.gradle\caches\8.7\md-supplier)"        [_thread_blocked, id=14924, stack(0x000000af40600000,0x000000af40700000) (1024K)]
  0x0000021bc1170230 JavaThread "Cache worker for cache directory md-rule (C:\Users\Acer\.gradle\caches\8.7\md-rule)"        [_thread_blocked, id=2656, stack(0x000000af40700000,0x000000af40800000) (1024K)]
  0x0000021bc1175e10 JavaThread "Cache worker for file content cache (C:\Users\Acer\.gradle\caches\8.7\fileContent)"        [_thread_blocked, id=12644, stack(0x000000af40800000,0x000000af40900000) (1024K)]
  0x0000021bc1171c70 JavaThread "Unconstrained build operations"        [_thread_blocked, id=8380, stack(0x000000af40900000,0x000000af40a00000) (1024K)]
  0x0000021bc1172300 JavaThread "Unconstrained build operations Thread 2"        [_thread_blocked, id=8032, stack(0x000000af40a00000,0x000000af40b00000) (1024K)]
  0x0000021bc41faa70 JavaThread "Unconstrained build operations Thread 3"        [_thread_blocked, id=1940, stack(0x000000af40b00000,0x000000af40c00000) (1024K)]
  0x0000021bc41fec10 JavaThread "Unconstrained build operations Thread 4"        [_thread_blocked, id=12448, stack(0x000000af40c00000,0x000000af40d00000) (1024K)]
  0x0000021bc41ff2a0 JavaThread "Unconstrained build operations Thread 5"        [_thread_blocked, id=8840, stack(0x000000af40d00000,0x000000af40e00000) (1024K)]
  0x0000021bc41fcb40 JavaThread "Unconstrained build operations Thread 6"        [_thread_blocked, id=5940, stack(0x000000af40e00000,0x000000af40f00000) (1024K)]
  0x0000021bc41fb100 JavaThread "Unconstrained build operations Thread 7"        [_thread_blocked, id=4744, stack(0x000000af40f00000,0x000000af41000000) (1024K)]
Total: 44

Other Threads:
=>0x0000021bbe011460 VMThread "VM Thread"                           [id=10108, stack(0x000000af3dd00000,0x000000af3de00000) (1024K)]
  0x0000021bb9c255d0 WatcherThread "VM Periodic Task Thread"        [id=1536, stack(0x000000af3dc00000,0x000000af3dd00000) (1024K)]
  0x0000021ba2a3f010 WorkerThread "GC Thread#0"                     [id=9596, stack(0x000000af3d700000,0x000000af3d800000) (1024K)]
  0x0000021bbe62e840 WorkerThread "GC Thread#1"                     [id=2660, stack(0x000000af3e900000,0x000000af3ea00000) (1024K)]
  0x0000021bbebfeba0 WorkerThread "GC Thread#2"                     [id=14520, stack(0x000000af3ea00000,0x000000af3eb00000) (1024K)]
  0x0000021bbee7d790 WorkerThread "GC Thread#3"                     [id=13468, stack(0x000000af3eb00000,0x000000af3ec00000) (1024K)]
  0x0000021bbf018880 WorkerThread "GC Thread#4"                     [id=1008, stack(0x000000af3ec00000,0x000000af3ed00000) (1024K)]
  0x0000021bbfc7a2a0 WorkerThread "GC Thread#5"                     [id=11828, stack(0x000000af3f700000,0x000000af3f800000) (1024K)]
  0x0000021ba2a50970 ConcurrentGCThread "G1 Main Marker"            [id=8772, stack(0x000000af3d800000,0x000000af3d900000) (1024K)]
  0x0000021ba2a51c10 WorkerThread "G1 Conc#0"                       [id=11740, stack(0x000000af3d900000,0x000000af3da00000) (1024K)]
  0x0000021bbfc7a640 WorkerThread "G1 Conc#1"                       [id=6684, stack(0x000000af3f800000,0x000000af3f900000) (1024K)]
  0x0000021ba2aae160 ConcurrentGCThread "G1 Refine#0"               [id=1420, stack(0x000000af3da00000,0x000000af3db00000) (1024K)]
  0x0000021bb9ada100 ConcurrentGCThread "G1 Service"                [id=12396, stack(0x000000af3db00000,0x000000af3dc00000) (1024K)]
Total: 13

Threads with active compile tasks:
C2 CompilerThread0    13574 10336       4       java.net.URLClassLoader$1::run (5 bytes)
Total: 1

VM state: at safepoint (normal execution)

VM Mutex/Monitor currently owned by a thread:  ([mutex/lock_event])
[0x00007fffb75520c8] Threads_lock - owner thread: 0x0000021bbe011460
[0x00007fffb75521c8] Heap_lock - owner thread: 0x0000021ba2a50970

Heap address: 0x0000000080000000, size: 2048 MB, Compressed Oops mode: 32-bit

CDS archive(s) not mapped
Compressed class space mapped at: 0x0000000100000000-0x0000000140000000, reserved size: 1073741824
Narrow klass base: 0x0000000000000000, Narrow klass shift: 3, Narrow klass range: 0x140000000

GC Precious Log:
 CardTable entry size: 512
 Card Set container configuration: InlinePtr #cards 5 size 8 Array Of Cards #cards 12 size 40 Howl #buckets 4 coarsen threshold 1843 Howl Bitmap #cards 512 size 80 coarsen threshold 460 Card regions per heap region 1 cards per card region 2048
 CPUs: 6 total, 6 available
 Memory: 7549M
 Large Page Support: Disabled
 NUMA Support: Disabled
 Compressed Oops: Enabled (32-bit)
 Heap Region Size: 1M
 Heap Min Capacity: 8M
 Heap Initial Capacity: 118M
 Heap Max Capacity: 2G
 Pre-touch: Disabled
 Parallel Workers: 6
 Concurrent Workers: 2
 Concurrent Refinement Workers: 6
 Periodic GC: Disabled

Heap:
 garbage-first heap   total 194560K, used 129206K [0x0000000080000000, 0x0000000100000000)
  region size 1024K, 8 young (8192K), 6 survivors (6144K)
 Metaspace       used 126239K, committed 128256K, reserved 1179648K
  class space    used 16272K, committed 17280K, reserved 1048576K

Heap Regions: E=young(eden), S=young(survivor), O=old, HS=humongous(starts), HC=humongous(continues), CS=collection set, F=free, TAMS=top-at-mark-start, PB=parsable bottom
|   0|0x0000000080000000, 0x0000000080100000, 0x0000000080100000|100%|HS|  |TAMS 0x0000000080100000| PB 0x0000000080000000| Complete 
|   1|0x0000000080100000, 0x0000000080200000, 0x0000000080200000|100%|HC|  |TAMS 0x0000000080200000| PB 0x0000000080100000| Complete 
|   2|0x0000000080200000, 0x0000000080300000, 0x0000000080300000|100%|HC|  |TAMS 0x0000000080300000| PB 0x0000000080200000| Complete 
|   3|0x0000000080300000, 0x0000000080400000, 0x0000000080400000|100%|HC|  |TAMS 0x0000000080400000| PB 0x0000000080300000| Complete 
|   4|0x0000000080400000, 0x0000000080500000, 0x0000000080500000|100%| O|  |TAMS 0x0000000080500000| PB 0x0000000080500000| Untracked 
|   5|0x0000000080500000, 0x0000000080600000, 0x0000000080600000|100%| O|  |TAMS 0x0000000080600000| PB 0x0000000080600000| Updating 
|   6|0x0000000080600000, 0x0000000080700000, 0x0000000080700000|100%| O|  |TAMS 0x0000000080700000| PB 0x0000000080700000| Untracked 
|   7|0x0000000080700000, 0x0000000080800000, 0x0000000080800000|100%| O|  |TAMS 0x0000000080800000| PB 0x0000000080800000| Updating 
|   8|0x0000000080800000, 0x0000000080900000, 0x0000000080900000|100%| O|  |TAMS 0x0000000080900000| PB 0x0000000080900000| Untracked 
|   9|0x0000000080900000, 0x0000000080a00000, 0x0000000080a00000|100%| O|  |TAMS 0x0000000080a00000| PB 0x0000000080a00000| Untracked 
|  10|0x0000000080a00000, 0x0000000080b00000, 0x0000000080b00000|100%|HS|  |TAMS 0x0000000080b00000| PB 0x0000000080a00000| Complete 
|  11|0x0000000080b00000, 0x0000000080c00000, 0x0000000080c00000|100%| O|  |TAMS 0x0000000080c00000| PB 0x0000000080c00000| Untracked 
|  12|0x0000000080c00000, 0x0000000080d00000, 0x0000000080d00000|100%| O|  |TAMS 0x0000000080d00000| PB 0x0000000080d00000| Untracked 
|  13|0x0000000080d00000, 0x0000000080e00000, 0x0000000080e00000|100%| O|  |TAMS 0x0000000080e00000| PB 0x0000000080e00000| Untracked 
|  14|0x0000000080e00000, 0x0000000080f00000, 0x0000000080f00000|100%| O|  |TAMS 0x0000000080f00000| PB 0x0000000080f00000| Updating 
|  15|0x0000000080f00000, 0x0000000081000000, 0x0000000081000000|100%| O|  |TAMS 0x0000000081000000| PB 0x0000000081000000| Untracked 
|  16|0x0000000081000000, 0x0000000081100000, 0x0000000081100000|100%| O|  |TAMS 0x0000000081100000| PB 0x0000000081100000| Untracked 
|  17|0x0000000081100000, 0x0000000081200000, 0x0000000081200000|100%| O|  |TAMS 0x0000000081200000| PB 0x0000000081200000| Untracked 
|  18|0x0000000081200000, 0x0000000081300000, 0x0000000081300000|100%| O|  |TAMS 0x0000000081300000| PB 0x0000000081300000| Untracked 
|  19|0x0000000081300000, 0x0000000081400000, 0x0000000081400000|100%| O|  |TAMS 0x0000000081400000| PB 0x0000000081400000| Updating 
|  20|0x0000000081400000, 0x0000000081500000, 0x0000000081500000|100%|HS|  |TAMS 0x0000000081500000| PB 0x0000000081400000| Complete 
|  21|0x0000000081500000, 0x0000000081600000, 0x0000000081600000|100%|HC|  |TAMS 0x0000000081600000| PB 0x0000000081500000| Complete 
|  22|0x0000000081600000, 0x0000000081700000, 0x0000000081700000|100%|HC|  |TAMS 0x0000000081700000| PB 0x0000000081600000| Complete 
|  23|0x0000000081700000, 0x0000000081800000, 0x0000000081800000|100%|HC|  |TAMS 0x0000000081800000| PB 0x0000000081700000| Complete 
|  24|0x0000000081800000, 0x0000000081900000, 0x0000000081900000|100%|HC|  |TAMS 0x0000000081900000| PB 0x0000000081800000| Complete 
|  25|0x0000000081900000, 0x0000000081a00000, 0x0000000081a00000|100%|HC|  |TAMS 0x0000000081a00000| PB 0x0000000081900000| Complete 
|  26|0x0000000081a00000, 0x0000000081b00000, 0x0000000081b00000|100%|HS|  |TAMS 0x0000000081b00000| PB 0x0000000081a00000| Complete 
|  27|0x0000000081b00000, 0x0000000081c00000, 0x0000000081c00000|100%|HC|  |TAMS 0x0000000081c00000| PB 0x0000000081b00000| Complete 
|  28|0x0000000081c00000, 0x0000000081d00000, 0x0000000081d00000|100%|HC|  |TAMS 0x0000000081d00000| PB 0x0000000081c00000| Complete 
|  29|0x0000000081d00000, 0x0000000081e00000, 0x0000000081e00000|100%|HS|  |TAMS 0x0000000081e00000| PB 0x0000000081d00000| Complete 
|  30|0x0000000081e00000, 0x0000000081f00000, 0x0000000081f00000|100%|HC|  |TAMS 0x0000000081f00000| PB 0x0000000081e00000| Complete 
|  31|0x0000000081f00000, 0x0000000082000000, 0x0000000082000000|100%| O|  |TAMS 0x0000000082000000| PB 0x0000000082000000| Untracked 
|  32|0x0000000082000000, 0x0000000082100000, 0x0000000082100000|100%| O|  |TAMS 0x0000000082100000| PB 0x0000000082100000| Untracked 
|  33|0x0000000082100000, 0x0000000082200000, 0x0000000082200000|100%| O|  |TAMS 0x0000000082200000| PB 0x0000000082200000| Untracked 
|  34|0x0000000082200000, 0x0000000082300000, 0x0000000082300000|100%|HS|  |TAMS 0x0000000082300000| PB 0x0000000082200000| Complete 
|  35|0x0000000082300000, 0x0000000082400000, 0x0000000082400000|100%| O|  |TAMS 0x0000000082400000| PB 0x0000000082400000| Untracked 
|  36|0x0000000082400000, 0x0000000082500000, 0x0000000082500000|100%| O|  |TAMS 0x0000000082500000| PB 0x0000000082500000| Updating 
|  37|0x0000000082500000, 0x0000000082600000, 0x0000000082600000|100%| O|  |TAMS 0x0000000082600000| PB 0x0000000082600000| Untracked 
|  38|0x0000000082600000, 0x0000000082700000, 0x0000000082700000|100%| O|  |TAMS 0x0000000082700000| PB 0x0000000082700000| Updating 
|  39|0x0000000082700000, 0x0000000082800000, 0x0000000082800000|100%| O|  |TAMS 0x0000000082800000| PB 0x0000000082800000| Untracked 
|  40|0x0000000082800000, 0x0000000082900000, 0x0000000082900000|100%| O|  |TAMS 0x0000000082900000| PB 0x0000000082900000| Updating 
|  41|0x0000000082900000, 0x0000000082a00000, 0x0000000082a00000|100%| O|  |TAMS 0x0000000082a00000| PB 0x0000000082a00000| Untracked 
|  42|0x0000000082a00000, 0x0000000082b00000, 0x0000000082b00000|100%| O|  |TAMS 0x0000000082b00000| PB 0x0000000082b00000| Untracked 
|  43|0x0000000082b00000, 0x0000000082c00000, 0x0000000082c00000|100%| O|  |TAMS 0x0000000082c00000| PB 0x0000000082c00000| Untracked 
|  44|0x0000000082c00000, 0x0000000082d00000, 0x0000000082d00000|100%| O|  |TAMS 0x0000000082d00000| PB 0x0000000082d00000| Updating 
|  45|0x0000000082d00000, 0x0000000082e00000, 0x0000000082e00000|100%|HS|  |TAMS 0x0000000082e00000| PB 0x0000000082d00000| Complete 
|  46|0x0000000082e00000, 0x0000000082f00000, 0x0000000082f00000|100%|HC|  |TAMS 0x0000000082f00000| PB 0x0000000082e00000| Complete 
|  47|0x0000000082f00000, 0x0000000083000000, 0x0000000083000000|100%| O|  |TAMS 0x0000000083000000| PB 0x0000000083000000| Untracked 
|  48|0x0000000083000000, 0x0000000083100000, 0x0000000083100000|100%| O|  |TAMS 0x0000000083100000| PB 0x0000000083100000| Untracked 
|  49|0x0000000083100000, 0x0000000083200000, 0x0000000083200000|100%| O|  |TAMS 0x0000000083200000| PB 0x0000000083200000| Untracked 
|  50|0x0000000083200000, 0x0000000083300000, 0x0000000083300000|100%| O|  |TAMS 0x0000000083300000| PB 0x0000000083300000| Updating 
|  51|0x0000000083300000, 0x0000000083400000, 0x0000000083400000|100%| O|  |TAMS 0x0000000083400000| PB 0x0000000083400000| Untracked 
|  52|0x0000000083400000, 0x0000000083500000, 0x0000000083500000|100%| O|  |TAMS 0x0000000083500000| PB 0x0000000083500000| Updating 
|  53|0x0000000083500000, 0x0000000083600000, 0x0000000083600000|100%|HS|  |TAMS 0x0000000083600000| PB 0x0000000083500000| Complete 
|  54|0x0000000083600000, 0x0000000083700000, 0x0000000083700000|100%|HC|  |TAMS 0x0000000083700000| PB 0x0000000083600000| Complete 
|  55|0x0000000083700000, 0x0000000083800000, 0x0000000083800000|100%|HC|  |TAMS 0x0000000083800000| PB 0x0000000083700000| Complete 
|  56|0x0000000083800000, 0x0000000083900000, 0x0000000083900000|100%|HC|  |TAMS 0x0000000083900000| PB 0x0000000083800000| Complete 
|  57|0x0000000083900000, 0x0000000083a00000, 0x0000000083a00000|100%|HC|  |TAMS 0x0000000083a00000| PB 0x0000000083900000| Complete 
|  58|0x0000000083a00000, 0x0000000083b00000, 0x0000000083b00000|100%|HC|  |TAMS 0x0000000083b00000| PB 0x0000000083a00000| Complete 
|  59|0x0000000083b00000, 0x0000000083c00000, 0x0000000083c00000|100%|HS|  |TAMS 0x0000000083c00000| PB 0x0000000083b00000| Complete 
|  60|0x0000000083c00000, 0x0000000083d00000, 0x0000000083d00000|100%|HC|  |TAMS 0x0000000083d00000| PB 0x0000000083c00000| Complete 
|  61|0x0000000083d00000, 0x0000000083e00000, 0x0000000083e00000|100%|HC|  |TAMS 0x0000000083e00000| PB 0x0000000083d00000| Complete 
|  62|0x0000000083e00000, 0x0000000083f00000, 0x0000000083f00000|100%|HC|  |TAMS 0x0000000083f00000| PB 0x0000000083e00000| Complete 
|  63|0x0000000083f00000, 0x0000000084000000, 0x0000000084000000|100%|HC|  |TAMS 0x0000000084000000| PB 0x0000000083f00000| Complete 
|  64|0x0000000084000000, 0x0000000084100000, 0x0000000084100000|100%|HC|  |TAMS 0x0000000084100000| PB 0x0000000084000000| Complete 
|  65|0x0000000084100000, 0x0000000084200000, 0x0000000084200000|100%| O|  |TAMS 0x0000000084200000| PB 0x0000000084200000| Untracked 
|  66|0x0000000084200000, 0x0000000084300000, 0x0000000084300000|100%| O|  |TAMS 0x0000000084300000| PB 0x0000000084300000| Updating 
|  67|0x0000000084300000, 0x0000000084400000, 0x0000000084400000|100%| O|  |TAMS 0x0000000084400000| PB 0x0000000084400000| Untracked 
|  68|0x0000000084400000, 0x0000000084500000, 0x0000000084500000|100%| O|  |TAMS 0x0000000084500000| PB 0x0000000084500000| Untracked 
|  69|0x0000000084500000, 0x0000000084600000, 0x0000000084600000|100%| O|  |TAMS 0x0000000084600000| PB 0x0000000084600000| Untracked 
|  70|0x0000000084600000, 0x0000000084700000, 0x0000000084700000|100%| O|  |TAMS 0x0000000084700000| PB 0x0000000084700000| Updating 
|  71|0x0000000084700000, 0x0000000084800000, 0x0000000084800000|100%| O|  |TAMS 0x0000000084800000| PB 0x0000000084800000| Untracked 
|  72|0x0000000084800000, 0x0000000084900000, 0x0000000084900000|100%| O|  |TAMS 0x0000000084900000| PB 0x0000000084900000| Untracked 
|  73|0x0000000084900000, 0x0000000084a00000, 0x0000000084a00000|100%|HS|  |TAMS 0x0000000084a00000| PB 0x0000000084900000| Complete 
|  74|0x0000000084a00000, 0x0000000084b00000, 0x0000000084b00000|100%|HC|  |TAMS 0x0000000084b00000| PB 0x0000000084a00000| Complete 
|  75|0x0000000084b00000, 0x0000000084c00000, 0x0000000084c00000|100%|HC|  |TAMS 0x0000000084c00000| PB 0x0000000084b00000| Complete 
|  76|0x0000000084c00000, 0x0000000084d00000, 0x0000000084d00000|100%|HC|  |TAMS 0x0000000084d00000| PB 0x0000000084c00000| Complete 
|  77|0x0000000084d00000, 0x0000000084e00000, 0x0000000084e00000|100%|HC|  |TAMS 0x0000000084e00000| PB 0x0000000084d00000| Complete 
|  78|0x0000000084e00000, 0x0000000084f00000, 0x0000000084f00000|100%|HC|  |TAMS 0x0000000084f00000| PB 0x0000000084e00000| Complete 
|  79|0x0000000084f00000, 0x0000000085000000, 0x0000000085000000|100%| O|  |TAMS 0x0000000085000000| PB 0x0000000085000000| Untracked 
|  80|0x0000000085000000, 0x0000000085100000, 0x0000000085100000|100%| O|  |TAMS 0x0000000085100000| PB 0x0000000085100000| Untracked 
|  81|0x0000000085100000, 0x0000000085200000, 0x0000000085200000|100%| O|  |TAMS 0x0000000085200000| PB 0x0000000085200000| Updating 
|  82|0x0000000085200000, 0x0000000085300000, 0x0000000085300000|100%| O|  |TAMS 0x0000000085300000| PB 0x0000000085300000| Updating 
|  83|0x0000000085300000, 0x0000000085400000, 0x0000000085400000|100%| O|  |TAMS 0x0000000085400000| PB 0x0000000085400000| Untracked 
|  84|0x0000000085400000, 0x0000000085500000, 0x0000000085500000|100%| O|  |TAMS 0x0000000085500000| PB 0x0000000085500000| Untracked 
|  85|0x0000000085500000, 0x0000000085600000, 0x0000000085600000|100%| O|  |TAMS 0x0000000085600000| PB 0x0000000085600000| Untracked 
|  86|0x0000000085600000, 0x0000000085700000, 0x0000000085700000|100%| O|  |TAMS 0x0000000085700000| PB 0x0000000085700000| Updating 
|  87|0x0000000085700000, 0x0000000085800000, 0x0000000085800000|100%| O|  |TAMS 0x0000000085700000| PB 0x0000000085700000| Untracked 
|  88|0x0000000085800000, 0x0000000085900000, 0x0000000085900000|100%| O|  |TAMS 0x0000000085900000| PB 0x0000000085900000| Updating 
|  89|0x0000000085900000, 0x0000000085a00000, 0x0000000085a00000|100%| O|  |TAMS 0x0000000085a00000| PB 0x0000000085a00000| Untracked 
|  90|0x0000000085a00000, 0x0000000085b00000, 0x0000000085b00000|100%| O|  |TAMS 0x0000000085b00000| PB 0x0000000085b00000| Updating 
|  91|0x0000000085b00000, 0x0000000085c00000, 0x0000000085c00000|100%| O|  |TAMS 0x0000000085c00000| PB 0x0000000085c00000| Updating 
|  92|0x0000000085c00000, 0x0000000085d00000, 0x0000000085d00000|100%| O|  |TAMS 0x0000000085d00000| PB 0x0000000085d00000| Updating 
|  93|0x0000000085d00000, 0x0000000085e00000, 0x0000000085e00000|100%| O|  |TAMS 0x0000000085e00000| PB 0x0000000085e00000| Updating 
|  94|0x0000000085e00000, 0x0000000085f00000, 0x0000000085f00000|100%| O|  |TAMS 0x0000000085e00000| PB 0x0000000085e00000| Untracked 
|  95|0x0000000085f00000, 0x0000000086000000, 0x0000000086000000|100%| O|  |TAMS 0x0000000086000000| PB 0x0000000086000000| Updating 
|  96|0x0000000086000000, 0x0000000086100000, 0x0000000086100000|100%| O|  |TAMS 0x0000000086100000| PB 0x0000000086100000| Updating 
|  97|0x0000000086100000, 0x0000000086200000, 0x0000000086200000|100%| O|  |TAMS 0x0000000086200000| PB 0x0000000086200000| Updating 
|  98|0x0000000086200000, 0x0000000086300000, 0x0000000086300000|100%| O|  |TAMS 0x0000000086300000| PB 0x0000000086300000| Updating 
|  99|0x0000000086300000, 0x0000000086400000, 0x0000000086400000|100%| O|  |TAMS 0x0000000086400000| PB 0x0000000086400000| Updating 
| 100|0x0000000086400000, 0x0000000086500000, 0x0000000086500000|100%| O|  |TAMS 0x0000000086500000| PB 0x0000000086500000| Updating 
| 101|0x0000000086500000, 0x0000000086600000, 0x0000000086600000|100%| O|  |TAMS 0x0000000086600000| PB 0x0000000086600000| Updating 
| 102|0x0000000086600000, 0x0000000086700000, 0x0000000086700000|100%| O|  |TAMS 0x0000000086700000| PB 0x0000000086700000| Updating 
| 103|0x0000000086700000, 0x0000000086800000, 0x0000000086800000|100%| O|  |TAMS 0x0000000086800000| PB 0x0000000086800000| Updating 
| 104|0x0000000086800000, 0x0000000086900000, 0x0000000086900000|100%| O|  |TAMS 0x0000000086800000| PB 0x0000000086800000| Untracked 
| 105|0x0000000086900000, 0x0000000086a00000, 0x0000000086a00000|100%| O|  |TAMS 0x0000000086a00000| PB 0x0000000086a00000| Updating 
| 106|0x0000000086a00000, 0x0000000086b00000, 0x0000000086b00000|100%| O|  |TAMS 0x0000000086b00000| PB 0x0000000086b00000| Updating 
| 107|0x0000000086b00000, 0x0000000086c00000, 0x0000000086c00000|100%| O|  |TAMS 0x0000000086c00000| PB 0x0000000086c00000| Updating 
| 108|0x0000000086c00000, 0x0000000086d00000, 0x0000000086d00000|100%| O|  |TAMS 0x0000000086d00000| PB 0x0000000086d00000| Untracked 
| 109|0x0000000086d00000, 0x0000000086e00000, 0x0000000086e00000|100%| O|  |TAMS 0x0000000086e00000| PB 0x0000000086e00000| Untracked 
| 110|0x0000000086e00000, 0x0000000086f00000, 0x0000000086f00000|100%| O|  |TAMS 0x0000000086f00000| PB 0x0000000086f00000| Untracked 
| 111|0x0000000086f00000, 0x0000000087000000, 0x0000000087000000|100%| O|  |TAMS 0x0000000086f00000| PB 0x0000000086f00000| Untracked 
| 112|0x0000000087000000, 0x00000000870d6ec0, 0x0000000087100000| 83%| O|  |TAMS 0x0000000087000000| PB 0x0000000087000000| Updating 
| 113|0x0000000087100000, 0x0000000087100000, 0x0000000087200000|  0%| F|  |TAMS 0x0000000087100000| PB 0x0000000087100000| Untracked 
| 114|0x0000000087200000, 0x0000000087200000, 0x0000000087300000|  0%| F|  |TAMS 0x0000000087200000| PB 0x0000000087200000| Untracked 
| 115|0x0000000087300000, 0x0000000087300000, 0x0000000087400000|  0%| F|  |TAMS 0x0000000087300000| PB 0x0000000087300000| Untracked 
| 116|0x0000000087400000, 0x0000000087500000, 0x0000000087500000|100%| O|  |TAMS 0x0000000087500000| PB 0x0000000087500000| Updating 
| 117|0x0000000087500000, 0x0000000087600000, 0x0000000087600000|100%| O|  |TAMS 0x0000000087561770| PB 0x0000000087561770| Updating 
| 118|0x0000000087600000, 0x0000000087600000, 0x0000000087700000|  0%| F|  |TAMS 0x0000000087600000| PB 0x0000000087600000| Untracked 
| 119|0x0000000087700000, 0x0000000087700000, 0x0000000087800000|  0%| F|  |TAMS 0x0000000087700000| PB 0x0000000087700000| Untracked 
| 120|0x0000000087800000, 0x0000000087800000, 0x0000000087900000|  0%| F|  |TAMS 0x0000000087800000| PB 0x0000000087800000| Untracked 
| 121|0x0000000087900000, 0x0000000087900000, 0x0000000087a00000|  0%| F|  |TAMS 0x0000000087900000| PB 0x0000000087900000| Untracked 
| 122|0x0000000087a00000, 0x0000000087a00000, 0x0000000087b00000|  0%| F|  |TAMS 0x0000000087a00000| PB 0x0000000087a00000| Untracked 
| 123|0x0000000087b00000, 0x0000000087b56990, 0x0000000087c00000| 33%| S|CS|TAMS 0x0000000087b00000| PB 0x0000000087b00000| Complete 
| 124|0x0000000087c00000, 0x0000000087d00000, 0x0000000087d00000|100%| S|CS|TAMS 0x0000000087c00000| PB 0x0000000087c00000| Complete 
| 125|0x0000000087d00000, 0x0000000087d00000, 0x0000000087e00000|  0%| F|  |TAMS 0x0000000087d00000| PB 0x0000000087d00000| Untracked 
| 126|0x0000000087e00000, 0x0000000087e00000, 0x0000000087f00000|  0%| F|  |TAMS 0x0000000087e00000| PB 0x0000000087e00000| Untracked 
| 127|0x0000000087f00000, 0x0000000087f00000, 0x0000000088000000|  0%| F|  |TAMS 0x0000000087f00000| PB 0x0000000087f00000| Untracked 
| 128|0x0000000088000000, 0x0000000088100000, 0x0000000088100000|100%| S|CS|TAMS 0x0000000088000000| PB 0x0000000088000000| Complete 
| 129|0x0000000088100000, 0x0000000088200000, 0x0000000088200000|100%| S|CS|TAMS 0x0000000088100000| PB 0x0000000088100000| Complete 
| 130|0x0000000088200000, 0x0000000088300000, 0x0000000088300000|100%| S|CS|TAMS 0x0000000088200000| PB 0x0000000088200000| Complete 
| 131|0x0000000088300000, 0x0000000088400000, 0x0000000088400000|100%| S|CS|TAMS 0x0000000088300000| PB 0x0000000088300000| Complete 
| 132|0x0000000088400000, 0x0000000088400000, 0x0000000088500000|  0%| F|  |TAMS 0x0000000088400000| PB 0x0000000088400000| Untracked 
| 133|0x0000000088500000, 0x0000000088500000, 0x0000000088600000|  0%| F|  |TAMS 0x0000000088500000| PB 0x0000000088500000| Untracked 
| 134|0x0000000088600000, 0x0000000088600000, 0x0000000088700000|  0%| F|  |TAMS 0x0000000088600000| PB 0x0000000088600000| Untracked 
| 135|0x0000000088700000, 0x0000000088700000, 0x0000000088800000|  0%| F|  |TAMS 0x0000000088700000| PB 0x0000000088700000| Untracked 
| 136|0x0000000088800000, 0x0000000088800000, 0x0000000088900000|  0%| F|  |TAMS 0x0000000088800000| PB 0x0000000088800000| Untracked 
| 137|0x0000000088900000, 0x0000000088900000, 0x0000000088a00000|  0%| F|  |TAMS 0x0000000088900000| PB 0x0000000088900000| Untracked 
| 138|0x0000000088a00000, 0x0000000088a00000, 0x0000000088b00000|  0%| F|  |TAMS 0x0000000088a00000| PB 0x0000000088a00000| Untracked 
| 139|0x0000000088b00000, 0x0000000088b00000, 0x0000000088c00000|  0%| F|  |TAMS 0x0000000088b00000| PB 0x0000000088b00000| Untracked 
| 140|0x0000000088c00000, 0x0000000088c00000, 0x0000000088d00000|  0%| F|  |TAMS 0x0000000088c00000| PB 0x0000000088c00000| Untracked 
| 141|0x0000000088d00000, 0x0000000088d00000, 0x0000000088e00000|  0%| F|  |TAMS 0x0000000088d00000| PB 0x0000000088d00000| Untracked 
| 142|0x0000000088e00000, 0x0000000088e00000, 0x0000000088f00000|  0%| F|  |TAMS 0x0000000088e00000| PB 0x0000000088e00000| Untracked 
| 143|0x0000000088f00000, 0x0000000088f00000, 0x0000000089000000|  0%| F|  |TAMS 0x0000000088f00000| PB 0x0000000088f00000| Untracked 
| 144|0x0000000089000000, 0x0000000089000000, 0x0000000089100000|  0%| F|  |TAMS 0x0000000089000000| PB 0x0000000089000000| Untracked 
| 145|0x0000000089100000, 0x0000000089100000, 0x0000000089200000|  0%| F|  |TAMS 0x0000000089100000| PB 0x0000000089100000| Untracked 
| 146|0x0000000089200000, 0x0000000089200000, 0x0000000089300000|  0%| F|  |TAMS 0x0000000089200000| PB 0x0000000089200000| Untracked 
| 147|0x0000000089300000, 0x0000000089300000, 0x0000000089400000|  0%| F|  |TAMS 0x0000000089300000| PB 0x0000000089300000| Untracked 
| 148|0x0000000089400000, 0x0000000089400000, 0x0000000089500000|  0%| F|  |TAMS 0x0000000089400000| PB 0x0000000089400000| Untracked 
| 149|0x0000000089500000, 0x0000000089500000, 0x0000000089600000|  0%| F|  |TAMS 0x0000000089500000| PB 0x0000000089500000| Untracked 
| 150|0x0000000089600000, 0x0000000089600000, 0x0000000089700000|  0%| F|  |TAMS 0x0000000089600000| PB 0x0000000089600000| Untracked 
| 151|0x0000000089700000, 0x0000000089700000, 0x0000000089800000|  0%| F|  |TAMS 0x0000000089700000| PB 0x0000000089700000| Untracked 
| 152|0x0000000089800000, 0x0000000089800000, 0x0000000089900000|  0%| F|  |TAMS 0x0000000089800000| PB 0x0000000089800000| Untracked 
| 153|0x0000000089900000, 0x0000000089900000, 0x0000000089a00000|  0%| F|  |TAMS 0x0000000089900000| PB 0x0000000089900000| Untracked 
| 154|0x0000000089a00000, 0x0000000089a00000, 0x0000000089b00000|  0%| F|  |TAMS 0x0000000089a00000| PB 0x0000000089a00000| Untracked 
| 155|0x0000000089b00000, 0x0000000089b00000, 0x0000000089c00000|  0%| F|  |TAMS 0x0000000089b00000| PB 0x0000000089b00000| Untracked 
| 156|0x0000000089c00000, 0x0000000089c00000, 0x0000000089d00000|  0%| F|  |TAMS 0x0000000089c00000| PB 0x0000000089c00000| Untracked 
| 157|0x0000000089d00000, 0x0000000089d00000, 0x0000000089e00000|  0%| F|  |TAMS 0x0000000089d00000| PB 0x0000000089d00000| Untracked 
| 158|0x0000000089e00000, 0x0000000089e00000, 0x0000000089f00000|  0%| F|  |TAMS 0x0000000089e00000| PB 0x0000000089e00000| Untracked 
| 159|0x0000000089f00000, 0x0000000089f00000, 0x000000008a000000|  0%| F|  |TAMS 0x0000000089f00000| PB 0x0000000089f00000| Untracked 
| 160|0x000000008a000000, 0x000000008a000000, 0x000000008a100000|  0%| F|  |TAMS 0x000000008a000000| PB 0x000000008a000000| Untracked 
| 161|0x000000008a100000, 0x000000008a100000, 0x000000008a200000|  0%| F|  |TAMS 0x000000008a100000| PB 0x000000008a100000| Untracked 
| 162|0x000000008a200000, 0x000000008a200000, 0x000000008a300000|  0%| F|  |TAMS 0x000000008a200000| PB 0x000000008a200000| Untracked 
| 163|0x000000008a300000, 0x000000008a300000, 0x000000008a400000|  0%| F|  |TAMS 0x000000008a300000| PB 0x000000008a300000| Untracked 
| 164|0x000000008a400000, 0x000000008a400000, 0x000000008a500000|  0%| F|  |TAMS 0x000000008a400000| PB 0x000000008a400000| Untracked 
| 165|0x000000008a500000, 0x000000008a500000, 0x000000008a600000|  0%| F|  |TAMS 0x000000008a500000| PB 0x000000008a500000| Untracked 
| 166|0x000000008a600000, 0x000000008a600000, 0x000000008a700000|  0%| F|  |TAMS 0x000000008a600000| PB 0x000000008a600000| Untracked 
| 167|0x000000008a700000, 0x000000008a700000, 0x000000008a800000|  0%| F|  |TAMS 0x000000008a700000| PB 0x000000008a700000| Untracked 
| 168|0x000000008a800000, 0x000000008a800000, 0x000000008a900000|  0%| F|  |TAMS 0x000000008a800000| PB 0x000000008a800000| Untracked 
| 169|0x000000008a900000, 0x000000008a900000, 0x000000008aa00000|  0%| F|  |TAMS 0x000000008a900000| PB 0x000000008a900000| Untracked 
| 170|0x000000008aa00000, 0x000000008aa00000, 0x000000008ab00000|  0%| F|  |TAMS 0x000000008aa00000| PB 0x000000008aa00000| Untracked 
| 171|0x000000008ab00000, 0x000000008ab00000, 0x000000008ac00000|  0%| F|  |TAMS 0x000000008ab00000| PB 0x000000008ab00000| Untracked 
| 172|0x000000008ac00000, 0x000000008ac00000, 0x000000008ad00000|  0%| F|  |TAMS 0x000000008ac00000| PB 0x000000008ac00000| Untracked 
| 173|0x000000008ad00000, 0x000000008ad00000, 0x000000008ae00000|  0%| F|  |TAMS 0x000000008ad00000| PB 0x000000008ad00000| Untracked 
| 174|0x000000008ae00000, 0x000000008ae00000, 0x000000008af00000|  0%| F|  |TAMS 0x000000008ae00000| PB 0x000000008ae00000| Untracked 
| 175|0x000000008af00000, 0x000000008af00000, 0x000000008b000000|  0%| F|  |TAMS 0x000000008af00000| PB 0x000000008af00000| Untracked 
| 176|0x000000008b000000, 0x000000008b000000, 0x000000008b100000|  0%| F|  |TAMS 0x000000008b000000| PB 0x000000008b000000| Untracked 
| 177|0x000000008b100000, 0x000000008b100000, 0x000000008b200000|  0%| F|  |TAMS 0x000000008b100000| PB 0x000000008b100000| Untracked 
| 178|0x000000008b200000, 0x000000008b200000, 0x000000008b300000|  0%| F|  |TAMS 0x000000008b200000| PB 0x000000008b200000| Untracked 
| 179|0x000000008b300000, 0x000000008b300000, 0x000000008b400000|  0%| F|  |TAMS 0x000000008b300000| PB 0x000000008b300000| Untracked 
| 180|0x000000008b400000, 0x000000008b400000, 0x000000008b500000|  0%| F|  |TAMS 0x000000008b400000| PB 0x000000008b400000| Untracked 
| 181|0x000000008b500000, 0x000000008b500000, 0x000000008b600000|  0%| F|  |TAMS 0x000000008b500000| PB 0x000000008b500000| Untracked 
| 182|0x000000008b600000, 0x000000008b600000, 0x000000008b700000|  0%| F|  |TAMS 0x000000008b600000| PB 0x000000008b600000| Untracked 
| 183|0x000000008b700000, 0x000000008b781258, 0x000000008b800000| 50%| E|  |TAMS 0x000000008b700000| PB 0x000000008b700000| Complete 
|2042|0x00000000ffa00000, 0x00000000ffb00000, 0x00000000ffb00000|100%| O|  |TAMS 0x00000000ffb00000| PB 0x00000000ffb00000| Updating 
|2043|0x00000000ffb00000, 0x00000000ffc00000, 0x00000000ffc00000|100%| O|  |TAMS 0x00000000ffc00000| PB 0x00000000ffc00000| Untracked 
|2044|0x00000000ffc00000, 0x00000000ffd00000, 0x00000000ffd00000|100%| O|  |TAMS 0x00000000ffd00000| PB 0x00000000ffd00000| Updating 
|2045|0x00000000ffd00000, 0x00000000ffe00000, 0x00000000ffe00000|100%| O|  |TAMS 0x00000000ffe00000| PB 0x00000000ffe00000| Updating 
|2046|0x00000000ffe00000, 0x00000000fff00000, 0x00000000fff00000|100%| O|  |TAMS 0x00000000fff00000| PB 0x00000000fff00000| Untracked 
|2047|0x00000000fff00000, 0x0000000100000000, 0x0000000100000000|100%| E|CS|TAMS 0x00000000fff00000| PB 0x00000000fff00000| Complete 

Card table byte_map: [0x0000021bb5050000,0x0000021bb5450000] _byte_map_base: 0x0000021bb4c50000

Marking Bits: (CMBitMap*) 0x0000021ba2a3f710
 Bits: [0x0000021bb5450000, 0x0000021bb7450000)

Polling page: 0x0000021ba0920000

Metaspace:

Usage:
  Non-class:    107.39 MB used.
      Class:     15.89 MB used.
       Both:    123.28 MB used.

Virtual space:
  Non-class space:      128.00 MB reserved,     108.38 MB ( 85%) committed,  2 nodes.
      Class space:        1.00 GB reserved,      16.88 MB (  2%) committed,  1 nodes.
             Both:        1.12 GB reserved,     125.25 MB ( 11%) committed. 

Chunk freelists:
   Non-Class:  3.20 MB
       Class:  14.95 MB
        Both:  18.15 MB

MaxMetaspaceSize: unlimited
CompressedClassSpaceSize: 1.00 GB
Initial GC threshold: 21.00 MB
Current GC threshold: 186.25 MB
CDS: off
 - commit_granule_bytes: 65536.
 - commit_granule_words: 8192.
 - virtual_space_node_default_size: 8388608.
 - enlarge_chunks_in_place: 1.
 - use_allocation_guard: 0.


Internal statistics:

num_allocs_failed_limit: 6.
num_arena_births: 3818.
num_arena_deaths: 0.
num_vsnodes_births: 3.
num_vsnodes_deaths: 0.
num_space_committed: 2002.
num_space_uncommitted: 0.
num_chunks_returned_to_freelist: 6.
num_chunks_taken_from_freelist: 8580.
num_chunk_merges: 6.
num_chunk_splits: 6161.
num_chunks_enlarged: 4409.
num_inconsistent_stats: 0.

CodeHeap 'non-profiled nmethods': size=120000Kb used=4482Kb max_used=4796Kb free=115517Kb
 bounds [0x0000021bad600000, 0x0000021badab0000, 0x0000021bb4b30000]
CodeHeap 'profiled nmethods': size=120000Kb used=17865Kb max_used=18715Kb free=102134Kb
 bounds [0x0000021ba5b30000, 0x0000021ba6d80000, 0x0000021bad060000]
CodeHeap 'non-nmethods': size=5760Kb used=3016Kb max_used=3056Kb free=2744Kb
 bounds [0x0000021bad060000, 0x0000021bad370000, 0x0000021bad600000]
 total_blobs=10003 nmethods=8909 adapters=996
 compilation: enabled
              stopped_count=0, restarted_count=0
 full_count=0

Compilation events (20 events):
Event: 13.507 Thread 0x0000021bbe08b7c0 10371   !   3       org.gradle.internal.deprecation.DeprecationLogger::whileDisabled (22 bytes)
Event: 13.508 Thread 0x0000021bbe08b7c0 nmethod 10371 0x0000021ba6d6ce90 code [0x0000021ba6d6d1c0, 0x0000021ba6d6e6d0]
Event: 13.508 Thread 0x0000021bbe08b7c0 10372       3       org.gradle.internal.instantiation.generator.AsmBackedClassGenerator::getDisplayNameForNext (21 bytes)
Event: 13.508 Thread 0x0000021bbe08b7c0 nmethod 10372 0x0000021ba6d6ec90 code [0x0000021ba6d6ee60, 0x0000021ba6d6f1c8]
Event: 13.510 Thread 0x0000021bbe08b7c0 10373       3       java.util.TreeMap::rotateRight (96 bytes)
Event: 13.510 Thread 0x0000021bbe08b7c0 nmethod 10373 0x0000021ba6d6f310 code [0x0000021ba6d6f4e0, 0x0000021ba6d6f9f0]
Event: 13.510 Thread 0x0000021bbe08b7c0 10374       3       com.google.common.collect.ImmutableList$Builder::<init> (6 bytes)
Event: 13.511 Thread 0x0000021bbe08b7c0 nmethod 10374 0x0000021ba6d6fb10 code [0x0000021ba6d6fcc0, 0x0000021ba6d6ffe0]
Event: 13.517 Thread 0x0000021bbe08b7c0 10375       3       sun.reflect.generics.tree.TypeVariableSignature::accept (8 bytes)
Event: 13.518 Thread 0x0000021bbe08b7c0 nmethod 10375 0x0000021ba6d70110 code [0x0000021ba6d702e0, 0x0000021ba6d706e8]
Event: 13.518 Thread 0x0000021bbe08b7c0 10376       3       com.google.common.collect.ImmutableList::builder (8 bytes)
Event: 13.519 Thread 0x0000021bbe08b7c0 nmethod 10376 0x0000021ba6d70910 code [0x0000021ba6d70ae0, 0x0000021ba6d70e88]
Event: 13.526 Thread 0x0000021bbe08b7c0 10377       3       com.google.common.collect.AbstractMapBasedMultimap$WrappedCollection$WrappedIterator::validateIterator (30 bytes)
Event: 13.526 Thread 0x0000021bbe08b7c0 nmethod 10377 0x0000021ba6d71010 code [0x0000021ba6d711e0, 0x0000021ba6d714d0]
Event: 13.531 Thread 0x0000021bbe08b7c0 10378       3       java.net.URLClassLoader::findResource (33 bytes)
Event: 13.532 Thread 0x0000021bbe08b7c0 nmethod 10378 0x0000021ba6d71610 code [0x0000021ba6d71860, 0x0000021ba6d72070]
Event: 13.534 Thread 0x0000021bbe08b7c0 10379       3       org.gradle.internal.instantiation.generator.ParamsMatchingConstructorSelector::forParams (481 bytes)
Event: 13.536 Thread 0x0000021bbe08b7c0 nmethod 10379 0x0000021ba6d72390 code [0x0000021ba6d72960, 0x0000021ba6d75a00]
Event: 13.536 Thread 0x0000021bbe08b7c0 10380       3       org.gradle.internal.instantiation.generator.ParamsMatchingConstructorSelector::vetoParameters (1 bytes)
Event: 13.537 Thread 0x0000021bbe08b7c0 nmethod 10380 0x0000021ba6d76a10 code [0x0000021ba6d76ba0, 0x0000021ba6d76ca8]

GC Heap History (20 events):
Event: 7.625 GC heap before
{Heap before GC invocations=25 (full 0):
 garbage-first heap   total 148480K, used 125395K [0x0000000080000000, 0x0000000100000000)
  region size 1024K, 36 young (36864K), 5 survivors (5120K)
 Metaspace       used 80221K, committed 81728K, reserved 1179648K
  class space    used 10999K, committed 11712K, reserved 1048576K
}
Event: 7.630 GC heap after
{Heap after GC invocations=26 (full 0):
 garbage-first heap   total 148480K, used 96936K [0x0000000080000000, 0x0000000100000000)
  region size 1024K, 3 young (3072K), 3 survivors (3072K)
 Metaspace       used 80221K, committed 81728K, reserved 1179648K
  class space    used 10999K, committed 11712K, reserved 1048576K
}
Event: 7.995 GC heap before
{Heap before GC invocations=26 (full 0):
 garbage-first heap   total 148480K, used 132776K [0x0000000080000000, 0x0000000100000000)
  region size 1024K, 38 young (38912K), 3 survivors (3072K)
 Metaspace       used 84705K, committed 86208K, reserved 1179648K
  class space    used 11387K, committed 12096K, reserved 1048576K
}
Event: 7.999 GC heap after
{Heap after GC invocations=27 (full 0):
 garbage-first heap   total 178176K, used 98899K [0x0000000080000000, 0x0000000100000000)
  region size 1024K, 5 young (5120K), 5 survivors (5120K)
 Metaspace       used 84705K, committed 86208K, reserved 1179648K
  class space    used 11387K, committed 12096K, reserved 1048576K
}
Event: 8.562 GC heap before
{Heap before GC invocations=27 (full 0):
 garbage-first heap   total 178176K, used 153171K [0x0000000080000000, 0x0000000100000000)
  region size 1024K, 58 young (59392K), 5 survivors (5120K)
 Metaspace       used 91158K, committed 93056K, reserved 1179648K
  class space    used 12229K, committed 13120K, reserved 1048576K
}
Event: 8.570 GC heap after
{Heap after GC invocations=28 (full 0):
 garbage-first heap   total 178176K, used 102625K [0x0000000080000000, 0x0000000100000000)
  region size 1024K, 6 young (6144K), 6 survivors (6144K)
 Metaspace       used 91158K, committed 93056K, reserved 1179648K
  class space    used 12229K, committed 13120K, reserved 1048576K
}
Event: 8.960 GC heap before
{Heap before GC invocations=28 (full 0):
 garbage-first heap   total 178176K, used 129249K [0x0000000080000000, 0x0000000100000000)
  region size 1024K, 33 young (33792K), 6 survivors (6144K)
 Metaspace       used 95146K, committed 97088K, reserved 1179648K
  class space    used 12732K, committed 13696K, reserved 1048576K
}
Event: 8.966 GC heap after
{Heap after GC invocations=29 (full 0):
 garbage-first heap   total 178176K, used 104257K [0x0000000080000000, 0x0000000100000000)
  region size 1024K, 6 young (6144K), 6 survivors (6144K)
 Metaspace       used 95146K, committed 97088K, reserved 1179648K
  class space    used 12732K, committed 13696K, reserved 1048576K
}
Event: 9.436 GC heap before
{Heap before GC invocations=30 (full 0):
 garbage-first heap   total 193536K, used 160577K [0x0000000080000000, 0x0000000100000000)
  region size 1024K, 60 young (61440K), 6 survivors (6144K)
 Metaspace       used 97511K, committed 99456K, reserved 1179648K
  class space    used 12993K, committed 13952K, reserved 1048576K
}
Event: 9.444 GC heap after
{Heap after GC invocations=31 (full 0):
 garbage-first heap   total 193536K, used 108772K [0x0000000080000000, 0x0000000100000000)
  region size 1024K, 7 young (7168K), 7 survivors (7168K)
 Metaspace       used 97511K, committed 99456K, reserved 1179648K
  class space    used 12993K, committed 13952K, reserved 1048576K
}
Event: 10.127 GC heap before
{Heap before GC invocations=31 (full 0):
 garbage-first heap   total 193536K, used 169188K [0x0000000080000000, 0x0000000100000000)
  region size 1024K, 66 young (67584K), 7 survivors (7168K)
 Metaspace       used 103495K, committed 105472K, reserved 1179648K
  class space    used 13591K, committed 14592K, reserved 1048576K
}
Event: 10.135 GC heap after
{Heap after GC invocations=32 (full 0):
 garbage-first heap   total 193536K, used 112635K [0x0000000080000000, 0x0000000100000000)
  region size 1024K, 9 young (9216K), 9 survivors (9216K)
 Metaspace       used 103495K, committed 105472K, reserved 1179648K
  class space    used 13591K, committed 14592K, reserved 1048576K
}
Event: 10.978 GC heap before
{Heap before GC invocations=32 (full 0):
 garbage-first heap   total 193536K, used 173051K [0x0000000080000000, 0x0000000100000000)
  region size 1024K, 68 young (69632K), 9 survivors (9216K)
 Metaspace       used 112498K, committed 114432K, reserved 1179648K
  class space    used 14545K, committed 15552K, reserved 1048576K
}
Event: 10.985 GC heap after
{Heap after GC invocations=33 (full 0):
 garbage-first heap   total 193536K, used 114648K [0x0000000080000000, 0x0000000100000000)
  region size 1024K, 7 young (7168K), 7 survivors (7168K)
 Metaspace       used 112498K, committed 114432K, reserved 1179648K
  class space    used 14545K, committed 15552K, reserved 1048576K
}
Event: 11.745 GC heap before
{Heap before GC invocations=34 (full 0):
 garbage-first heap   total 194560K, used 175064K [0x0000000080000000, 0x0000000100000000)
  region size 1024K, 66 young (67584K), 7 survivors (7168K)
 Metaspace       used 119537K, committed 121472K, reserved 1179648K
  class space    used 15299K, committed 16256K, reserved 1048576K
}
Event: 11.751 GC heap after
{Heap after GC invocations=35 (full 0):
 garbage-first heap   total 194560K, used 118650K [0x0000000080000000, 0x0000000100000000)
  region size 1024K, 7 young (7168K), 7 survivors (7168K)
 Metaspace       used 119537K, committed 121472K, reserved 1179648K
  class space    used 15299K, committed 16256K, reserved 1048576K
}
Event: 12.071 GC heap before
{Heap before GC invocations=35 (full 0):
 garbage-first heap   total 194560K, used 177018K [0x0000000080000000, 0x0000000100000000)
  region size 1024K, 63 young (64512K), 7 survivors (7168K)
 Metaspace       used 120528K, committed 122496K, reserved 1179648K
  class space    used 15378K, committed 16384K, reserved 1048576K
}
Event: 12.081 GC heap after
{Heap after GC invocations=36 (full 0):
 garbage-first heap   total 194560K, used 123019K [0x0000000080000000, 0x0000000100000000)
  region size 1024K, 6 young (6144K), 6 survivors (6144K)
 Metaspace       used 120528K, committed 122496K, reserved 1179648K
  class space    used 15378K, committed 16384K, reserved 1048576K
}
Event: 13.477 GC heap before
{Heap before GC invocations=36 (full 0):
 garbage-first heap   total 194560K, used 177291K [0x0000000080000000, 0x0000000100000000)
  region size 1024K, 59 young (60416K), 6 survivors (6144K)
 Metaspace       used 126102K, committed 128192K, reserved 1179648K
  class space    used 16247K, committed 17280K, reserved 1048576K
}
Event: 13.485 GC heap after
{Heap after GC invocations=37 (full 0):
 garbage-first heap   total 194560K, used 128182K [0x0000000080000000, 0x0000000100000000)
  region size 1024K, 6 young (6144K), 6 survivors (6144K)
 Metaspace       used 126102K, committed 128192K, reserved 1179648K
  class space    used 16247K, committed 17280K, reserved 1048576K
}

Dll operation events (3 events):
Event: 0.006 Loaded shared library D:\APLIKASI\Android\Android Studio\jbr\bin\java.dll
Event: 0.011 Loaded shared library D:\APLIKASI\Android\Android Studio\jbr\bin\zip.dll
Event: 0.399 Loaded shared library D:\APLIKASI\Android\Android Studio\jbr\bin\verify.dll

Deoptimization events (20 events):
Event: 13.390 Thread 0x0000021bbffb96b0 Uncommon trap: trap_request=0xffffffde fr.pc=0x0000021bad757cc0 relative=0x00000000000025a0
Event: 13.390 Thread 0x0000021bbffb96b0 Uncommon trap: reason=class_check action=maybe_recompile pc=0x0000021bad757cc0 method=jdk.internal.loader.Resource.getBytes()[B @ 10 c2
Event: 13.390 Thread 0x0000021bbffb96b0 DEOPT PACKING pc=0x0000021bad757cc0 sp=0x000000af3f3f7520
Event: 13.390 Thread 0x0000021bbffb96b0 DEOPT UNPACKING pc=0x0000021bad0b46a2 sp=0x000000af3f3f7558 mode 2
Event: 13.392 Thread 0x0000021bbffb96b0 Uncommon trap: trap_request=0xffffffde fr.pc=0x0000021bad867c30 relative=0x0000000000003730
Event: 13.392 Thread 0x0000021bbffb96b0 Uncommon trap: reason=class_check action=maybe_recompile pc=0x0000021bad867c30 method=jdk.internal.loader.URLClassPath.getResource(Ljava/lang/String;Z)Ljdk/internal/loader/Resource; @ 53 c2
Event: 13.392 Thread 0x0000021bbffb96b0 DEOPT PACKING pc=0x0000021bad867c30 sp=0x000000af3f3f7710
Event: 13.392 Thread 0x0000021bbffb96b0 DEOPT UNPACKING pc=0x0000021bad0b46a2 sp=0x000000af3f3f76d0 mode 2
Event: 13.394 Thread 0x0000021bbffb96b0 Uncommon trap: trap_request=0xffffffde fr.pc=0x0000021bad7cb754 relative=0x0000000000000214
Event: 13.394 Thread 0x0000021bbffb96b0 Uncommon trap: reason=class_check action=maybe_recompile pc=0x0000021bad7cb754 method=jdk.internal.loader.URLClassPath.getResource(Ljava/lang/String;Z)Ljdk/internal/loader/Resource; @ 53 c2
Event: 13.394 Thread 0x0000021bbffb96b0 DEOPT PACKING pc=0x0000021bad7cb754 sp=0x000000af3f3f7720
Event: 13.394 Thread 0x0000021bbffb96b0 DEOPT UNPACKING pc=0x0000021bad0b46a2 sp=0x000000af3f3f76c8 mode 2
Event: 13.457 Thread 0x0000021bbffb96b0 Uncommon trap: trap_request=0xffffff45 fr.pc=0x0000021bad657184 relative=0x0000000000000364
Event: 13.457 Thread 0x0000021bbffb96b0 Uncommon trap: reason=unstable_if action=reinterpret pc=0x0000021bad657184 method=org.gradle.internal.reflect.PropertyAccessorType.isGetGetterName(Ljava/lang/String;)Z @ 14 c2
Event: 13.457 Thread 0x0000021bbffb96b0 DEOPT PACKING pc=0x0000021bad657184 sp=0x000000af3f3f8110
Event: 13.457 Thread 0x0000021bbffb96b0 DEOPT UNPACKING pc=0x0000021bad0b46a2 sp=0x000000af3f3f8068 mode 2
Event: 13.534 Thread 0x0000021bbffb96b0 Uncommon trap: trap_request=0xffffff45 fr.pc=0x0000021bad874bd0 relative=0x0000000000001290
Event: 13.534 Thread 0x0000021bbffb96b0 Uncommon trap: reason=unstable_if action=reinterpret pc=0x0000021bad874bd0 method=java.util.concurrent.ConcurrentHashMap.computeIfAbsent(Ljava/lang/Object;Ljava/util/function/Function;)Ljava/lang/Object; @ 123 c2
Event: 13.534 Thread 0x0000021bbffb96b0 DEOPT PACKING pc=0x0000021bad874bd0 sp=0x000000af3f3f8fe0
Event: 13.534 Thread 0x0000021bbffb96b0 DEOPT UNPACKING pc=0x0000021bad0b46a2 sp=0x000000af3f3f8f60 mode 2

Classes loaded (20 events):
Event: 12.423 Loading class java/io/InvalidClassException
Event: 12.423 Loading class java/io/InvalidClassException done
Event: 12.522 Loading class java/util/Comparators$NaturalOrderComparator
Event: 12.522 Loading class java/util/Comparators$NaturalOrderComparator done
Event: 13.190 Loading class java/nio/file/AtomicMoveNotSupportedException
Event: 13.190 Loading class java/nio/file/AtomicMoveNotSupportedException done
Event: 13.208 Loading class java/io/FileWriter
Event: 13.208 Loading class java/io/FileWriter done
Event: 13.271 Loading class org/xml/sax/Locator
Event: 13.271 Loading class org/xml/sax/Locator done
Event: 13.271 Loading class org/xml/sax/SAXParseException
Event: 13.271 Loading class org/xml/sax/SAXParseException done
Event: 13.272 Loading class org/xml/sax/Attributes
Event: 13.272 Loading class org/xml/sax/Attributes done
Event: 13.383 Loading class jdk/internal/loader/URLClassPath$FileLoader
Event: 13.383 Loading class jdk/internal/loader/URLClassPath$FileLoader done
Event: 13.384 Loading class jdk/internal/loader/URLClassPath$FileLoader$1
Event: 13.385 Loading class jdk/internal/loader/URLClassPath$FileLoader$1 done
Event: 13.452 Loading class java/util/function/LongUnaryOperator
Event: 13.452 Loading class java/util/function/LongUnaryOperator done

Classes unloaded (0 events):
No events

Classes redefined (0 events):
No events

Internal exceptions (20 events):
Event: 11.661 Thread 0x0000021bbffb96b0 Exception <a 'sun/nio/fs/WindowsException'{0x0000000088ced530}> (0x0000000088ced530) 
thrown [s\src\hotspot\share\prims\jni.cpp, line 535]
Event: 12.040 Thread 0x0000021bbffb96b0 Exception <a 'java/lang/IncompatibleClassChangeError'{0x0000000088181f40}: Found class java.lang.Object, but interface was expected> (0x0000000088181f40) 
thrown [s\src\hotspot\share\interpreter\linkResolver.cpp, line 851]
Event: 12.222 Thread 0x0000021bbffb96b0 Exception <a 'sun/nio/fs/WindowsException'{0x000000008ac46e18}> (0x000000008ac46e18) 
thrown [s\src\hotspot\share\prims\jni.cpp, line 535]
Event: 12.223 Thread 0x0000021bbffb96b0 Exception <a 'sun/nio/fs/WindowsException'{0x000000008ac48750}> (0x000000008ac48750) 
thrown [s\src\hotspot\share\prims\jni.cpp, line 535]
Event: 12.230 Thread 0x0000021bbffb96b0 Exception <a 'sun/nio/fs/WindowsException'{0x000000008ac75c28}> (0x000000008ac75c28) 
thrown [s\src\hotspot\share\prims\jni.cpp, line 535]
Event: 12.231 Thread 0x0000021bbffb96b0 Exception <a 'sun/nio/fs/WindowsException'{0x000000008ac75e20}> (0x000000008ac75e20) 
thrown [s\src\hotspot\share\prims\jni.cpp, line 535]
Event: 12.316 Thread 0x0000021bbefa2c90 Exception <a 'java/lang/NoSuchMethodError'{0x000000008a720e18}: static Lorg/gradle/internal/build/event/types/DefaultOperationStartedProgressEvent;.<clinit>()V> (0x000000008a720e18) 
thrown [s\src\hotspot\share\prims\jni.cpp, line 1126]
Event: 12.316 Thread 0x0000021bbefa2c90 Exception <a 'java/lang/NoSuchMethodError'{0x000000008a722758}: static Lorg/gradle/internal/build/event/types/AbstractProgressEvent;.<clinit>()V> (0x000000008a722758) 
thrown [s\src\hotspot\share\prims\jni.cpp, line 1126]
Event: 12.318 Thread 0x0000021bbefa2c90 Exception <a 'java/lang/NoSuchMethodError'{0x000000008a7b7098}: static Lorg/gradle/internal/build/event/types/DefaultBuildPhaseDescriptor;.<clinit>()V> (0x000000008a7b7098) 
thrown [s\src\hotspot\share\prims\jni.cpp, line 1126]
Event: 12.318 Thread 0x0000021bbefa2c90 Exception <a 'java/lang/NoSuchMethodError'{0x000000008a7ba658}: static Lorg/gradle/internal/build/event/types/DefaultOperationDescriptor;.<clinit>()V> (0x000000008a7ba658) 
thrown [s\src\hotspot\share\prims\jni.cpp, line 1126]
Event: 12.320 Thread 0x0000021bbefa2c90 Exception <a 'java/lang/NoSuchMethodError'{0x000000008a7d5770}: static Lorg/gradle/internal/operations/OperationIdentifier;.<clinit>()V> (0x000000008a7d5770) 
thrown [s\src\hotspot\share\prims\jni.cpp, line 1126]
Event: 12.391 Thread 0x0000021bbffb96b0 Exception <a 'sun/nio/fs/WindowsException'{0x000000008a251b78}> (0x000000008a251b78) 
thrown [s\src\hotspot\share\prims\jni.cpp, line 535]
Event: 12.391 Thread 0x0000021bbffb96b0 Exception <a 'sun/nio/fs/WindowsException'{0x000000008a2533a8}> (0x000000008a2533a8) 
thrown [s\src\hotspot\share\prims\jni.cpp, line 535]
Event: 12.393 Thread 0x0000021bbffb96b0 Exception <a 'sun/nio/fs/WindowsException'{0x000000008a260bf8}> (0x000000008a260bf8) 
thrown [s\src\hotspot\share\prims\jni.cpp, line 535]
Event: 12.504 Thread 0x0000021bbffb96b0 Exception <a 'java/lang/NoSuchMethodError'{0x0000000089bc9858}: 'void java.lang.invoke.DirectMethodHandle$Holder.invokeStatic(java.lang.Object, java.lang.Object, java.lang.Object, java.lang.Object, java.lang.Object, java.lang.Object, java.lang.Object)'> (0x0000000089bc9858) 
thrown [s\src\hotspot\share\interpreter\linkResolver.cpp, line 784]
Event: 13.264 Thread 0x0000021bbffb96b0 Exception <a 'java/lang/ClassNotFoundException'{0x00000000890f7ce0}: org/gradle/api/internal/project/DefaultProject_DecoratedBeanInfo> (0x00000000890f7ce0) 
thrown [s\src\hotspot\share\classfile\systemDictionary.cpp, line 312]
Event: 13.265 Thread 0x0000021bbffb96b0 Exception <a 'java/lang/ClassNotFoundException'{0x0000000088f04ad0}: org/gradle/api/internal/project/DefaultProjectBeanInfo> (0x0000000088f04ad0) 
thrown [s\src\hotspot\share\classfile\systemDictionary.cpp, line 312]
Event: 13.265 Thread 0x0000021bbffb96b0 Exception <a 'java/lang/ClassNotFoundException'{0x0000000088f11678}: org/gradle/api/internal/project/DefaultProjectCustomizer> (0x0000000088f11678) 
thrown [s\src\hotspot\share\classfile\systemDictionary.cpp, line 312]
Event: 13.268 Thread 0x0000021bbffb96b0 Exception <a 'java/lang/ClassNotFoundException'{0x0000000088fc6e10}: org/gradle/api/internal/project/DefaultProject_DecoratedCustomizer> (0x0000000088fc6e10) 
thrown [s\src\hotspot\share\classfile\systemDictionary.cpp, line 312]
Event: 13.453 Thread 0x0000021bbffb96b0 Exception <a 'java/lang/NoSuchMethodError'{0x0000000088590a38}: 'long java.lang.invoke.DirectMethodHandle$Holder.invokeStatic(java.lang.Object, long)'> (0x0000000088590a38) 
thrown [s\src\hotspot\share\interpreter\linkResolver.cpp, line 784]

ZGC Phase Switch (0 events):
No events

VM Operations (20 events):
Event: 11.937 Executing VM operation: HandshakeAllThreads (Deoptimize) done
Event: 11.950 Executing VM operation: HandshakeAllThreads (Deoptimize)
Event: 11.950 Executing VM operation: HandshakeAllThreads (Deoptimize) done
Event: 11.967 Executing VM operation: ICBufferFull
Event: 11.968 Executing VM operation: ICBufferFull done
Event: 12.071 Executing VM operation: G1CollectForAllocation (G1 Evacuation Pause)
Event: 12.081 Executing VM operation: G1CollectForAllocation (G1 Evacuation Pause) done
Event: 12.185 Executing VM operation: ICBufferFull
Event: 12.185 Executing VM operation: ICBufferFull done
Event: 12.494 Executing VM operation: ICBufferFull
Event: 12.494 Executing VM operation: ICBufferFull done
Event: 12.534 Executing VM operation: HandshakeAllThreads (Deoptimize)
Event: 12.535 Executing VM operation: HandshakeAllThreads (Deoptimize) done
Event: 13.209 Executing VM operation: HandshakeAllThreads (Deoptimize)
Event: 13.209 Executing VM operation: HandshakeAllThreads (Deoptimize) done
Event: 13.385 Executing VM operation: ICBufferFull
Event: 13.385 Executing VM operation: ICBufferFull done
Event: 13.477 Executing VM operation: G1CollectForAllocation (G1 Evacuation Pause)
Event: 13.485 Executing VM operation: G1CollectForAllocation (G1 Evacuation Pause) done
Event: 13.540 Executing VM operation: G1PauseRemark

Events (20 events):
Event: 13.545 Thread 0x0000021bbe011460 flushing nmethod 0x0000021bad98d590
Event: 13.545 Thread 0x0000021bbe011460 flushing nmethod 0x0000021bad986210
Event: 13.545 Thread 0x0000021bbe011460 flushing nmethod 0x0000021bad985790
Event: 13.545 Thread 0x0000021bbe011460 flushing nmethod 0x0000021bad966c10
Event: 13.545 Thread 0x0000021bbe011460 flushing nmethod 0x0000021bad96de10
Event: 13.545 Thread 0x0000021bbe011460 flushing nmethod 0x0000021bad93fd10
Event: 13.545 Thread 0x0000021bbe011460 flushing nmethod 0x0000021bad93a510
Event: 13.545 Thread 0x0000021bbe011460 flushing nmethod 0x0000021bad939f90
Event: 13.545 Thread 0x0000021bbe011460 flushing nmethod 0x0000021bad889110
Event: 13.545 Thread 0x0000021bbe011460 flushing nmethod 0x0000021bad901590
Event: 13.545 Thread 0x0000021bbe011460 flushing nmethod 0x0000021bad8fb490
Event: 13.545 Thread 0x0000021bbe011460 flushing nmethod 0x0000021bad8e8910
Event: 13.545 Thread 0x0000021bbe011460 flushing nmethod 0x0000021bad8a1f90
Event: 13.545 Thread 0x0000021bbe011460 flushing nmethod 0x0000021bad89bd10
Event: 13.545 Thread 0x0000021bbe011460 flushing nmethod 0x0000021bad89b690
Event: 13.545 Thread 0x0000021bbe011460 flushing nmethod 0x0000021bad89ae90
Event: 13.545 Thread 0x0000021bbe011460 flushing nmethod 0x0000021bad7e1f10
Event: 13.545 Thread 0x0000021bbe011460 flushing nmethod 0x0000021bad7a7a90
Event: 13.545 Thread 0x0000021bbe011460 flushing nmethod 0x0000021bad78da10
Event: 13.545 Thread 0x0000021bbe011460 flushing nmethod 0x0000021bad79af10


Dynamic libraries:
0x00007ff72b350000 - 0x00007ff72b35a000 	D:\APLIKASI\Android\Android Studio\jbr\bin\java.exe
0x00007ff80a7f0000 - 0x00007ff80aa07000 	C:\Windows\SYSTEM32\ntdll.dll
0x00007ff809650000 - 0x00007ff809714000 	C:\Windows\System32\KERNEL32.DLL
0x00007ff807ef0000 - 0x00007ff8082a9000 	C:\Windows\System32\KERNELBASE.dll
0x00007ff8082b0000 - 0x00007ff8083c1000 	C:\Windows\System32\ucrtbase.dll
0x00007ff803bb0000 - 0x00007ff803bc8000 	D:\APLIKASI\Android\Android Studio\jbr\bin\jli.dll
0x00007ff8093a0000 - 0x00007ff80954e000 	C:\Windows\System32\USER32.dll
0x00007fffb6990000 - 0x00007fffb69ab000 	D:\APLIKASI\Android\Android Studio\jbr\bin\VCRUNTIME140.dll
0x00007ff807af0000 - 0x00007ff807b16000 	C:\Windows\System32\win32u.dll
0x00007ffff76a0000 - 0x00007ffff7932000 	C:\Windows\WinSxS\amd64_microsoft.windows.common-controls_6595b64144ccf1df_6.0.22621.4391_none_2715d37f73803e96\COMCTL32.dll
0x00007ff809550000 - 0x00007ff809579000 	C:\Windows\System32\GDI32.dll
0x00007ff809590000 - 0x00007ff809637000 	C:\Windows\System32\msvcrt.dll
0x00007ff807da0000 - 0x00007ff807ebb000 	C:\Windows\System32\gdi32full.dll
0x00007ff807b20000 - 0x00007ff807bba000 	C:\Windows\System32\msvcp_win.dll
0x00007ff80a770000 - 0x00007ff80a7a1000 	C:\Windows\System32\IMM32.DLL
0x00007ffff5370000 - 0x00007ffff537c000 	D:\APLIKASI\Android\Android Studio\jbr\bin\vcruntime140_1.dll
0x00007ffff3550000 - 0x00007ffff35dd000 	D:\APLIKASI\Android\Android Studio\jbr\bin\msvcp140.dll
0x00007fffb69b0000 - 0x00007fffb762d000 	D:\APLIKASI\Android\Android Studio\jbr\bin\server\jvm.dll
0x00007ff809160000 - 0x00007ff809212000 	C:\Windows\System32\ADVAPI32.dll
0x00007ff808510000 - 0x00007ff8085b7000 	C:\Windows\System32\sechost.dll
0x00007ff807ec0000 - 0x00007ff807ee8000 	C:\Windows\System32\bcrypt.dll
0x00007ff80a500000 - 0x00007ff80a614000 	C:\Windows\System32\RPCRT4.dll
0x00007ff808e40000 - 0x00007ff808eb1000 	C:\Windows\System32\WS2_32.dll
0x00007ff807470000 - 0x00007ff8074bd000 	C:\Windows\SYSTEM32\POWRPROF.dll
0x00007ff803280000 - 0x00007ff8032b4000 	C:\Windows\SYSTEM32\WINMM.dll
0x00007fffff870000 - 0x00007fffff87a000 	C:\Windows\SYSTEM32\VERSION.dll
0x00007ff8073e0000 - 0x00007ff8073f3000 	C:\Windows\SYSTEM32\UMPDC.dll
0x00007ff806b30000 - 0x00007ff806b48000 	C:\Windows\SYSTEM32\kernel.appcore.dll
0x00007fffdfb40000 - 0x00007fffdfb4a000 	D:\APLIKASI\Android\Android Studio\jbr\bin\jimage.dll
0x00007ffffdf40000 - 0x00007ffffe172000 	C:\Windows\SYSTEM32\DBGHELP.DLL
0x00007ff80a010000 - 0x00007ff80a39f000 	C:\Windows\System32\combase.dll
0x00007ff809720000 - 0x00007ff8097f7000 	C:\Windows\System32\OLEAUT32.dll
0x00007ffff05c0000 - 0x00007ffff05f2000 	C:\Windows\SYSTEM32\dbgcore.DLL
0x00007ff8083d0000 - 0x00007ff80844b000 	C:\Windows\System32\bcryptPrimitives.dll
0x00007ff803ba0000 - 0x00007ff803bae000 	D:\APLIKASI\Android\Android Studio\jbr\bin\instrument.dll
0x00007fffb6950000 - 0x00007fffb696f000 	D:\APLIKASI\Android\Android Studio\jbr\bin\java.dll
0x00007fffb5b80000 - 0x00007fffb5b98000 	D:\APLIKASI\Android\Android Studio\jbr\bin\zip.dll
0x00007ff8085c0000 - 0x00007ff808e36000 	C:\Windows\System32\SHELL32.dll
0x00007ff805a30000 - 0x00007ff806333000 	C:\Windows\SYSTEM32\windows.storage.dll
0x00007ff8058f0000 - 0x00007ff805a2f000 	C:\Windows\SYSTEM32\wintypes.dll
0x00007ff80a400000 - 0x00007ff80a4f9000 	C:\Windows\System32\SHCORE.dll
0x00007ff80a3a0000 - 0x00007ff80a3fe000 	C:\Windows\System32\shlwapi.dll
0x00007ff807a20000 - 0x00007ff807a4b000 	C:\Windows\SYSTEM32\profapi.dll
0x00007fffd61d0000 - 0x00007fffd61e0000 	D:\APLIKASI\Android\Android Studio\jbr\bin\net.dll
0x00007ff8044c0000 - 0x00007ff8045f6000 	C:\Windows\SYSTEM32\WINHTTP.dll
0x00007ff806fb0000 - 0x00007ff807019000 	C:\Windows\system32\mswsock.dll
0x00007fffb51f0000 - 0x00007fffb5206000 	D:\APLIKASI\Android\Android Studio\jbr\bin\nio.dll
0x00007ff804010000 - 0x00007ff804020000 	D:\APLIKASI\Android\Android Studio\jbr\bin\verify.dll
0x00007ff803bd0000 - 0x00007ff803bf7000 	C:\Users\Acer\.gradle\native\c067742578af261105cb4f569cf0c3c89f3d7b1fecec35dd04571415982c5e48\windows-amd64\native-platform.dll
0x00007fff8e710000 - 0x00007fff8e854000 	C:\Users\Acer\.gradle\native\38dada09dfb8b06ba9b0570ebf7e218e3eb74d4ef43ca46872605cf95ebc2f47\windows-amd64\native-platform-file-events.dll
0x00007fffca330000 - 0x00007fffca339000 	D:\APLIKASI\Android\Android Studio\jbr\bin\management.dll
0x00007fffca320000 - 0x00007fffca32b000 	D:\APLIKASI\Android\Android Studio\jbr\bin\management_ext.dll
0x00007ff809020000 - 0x00007ff809028000 	C:\Windows\System32\PSAPI.DLL
0x00007ff807270000 - 0x00007ff80728b000 	C:\Windows\SYSTEM32\CRYPTSP.dll
0x00007ff806a90000 - 0x00007ff806ac5000 	C:\Windows\system32\rsaenh.dll
0x00007ff807110000 - 0x00007ff807138000 	C:\Windows\SYSTEM32\USERENV.dll
0x00007ff807290000 - 0x00007ff80729c000 	C:\Windows\SYSTEM32\CRYPTBASE.dll
0x00007ff806590000 - 0x00007ff8065bd000 	C:\Windows\SYSTEM32\IPHLPAPI.DLL
0x00007ff809580000 - 0x00007ff809589000 	C:\Windows\System32\NSI.dll
0x00007fffd21d0000 - 0x00007fffd21d9000 	D:\APLIKASI\Android\Android Studio\jbr\bin\extnet.dll
0x00007fffd2200000 - 0x00007fffd2208000 	C:\Windows\system32\wshunix.dll

dbghelp: loaded successfully - version: 4.0.5 - missing functions: none
symbol engine: initialized successfully - sym options: 0x614 - pdb path: .;D:\APLIKASI\Android\Android Studio\jbr\bin;C:\Windows\SYSTEM32;C:\Windows\WinSxS\amd64_microsoft.windows.common-controls_6595b64144ccf1df_6.0.22621.4391_none_2715d37f73803e96;D:\APLIKASI\Android\Android Studio\jbr\bin\server;C:\Users\Acer\.gradle\native\c067742578af261105cb4f569cf0c3c89f3d7b1fecec35dd04571415982c5e48\windows-amd64;C:\Users\Acer\.gradle\native\38dada09dfb8b06ba9b0570ebf7e218e3eb74d4ef43ca46872605cf95ebc2f47\windows-amd64

VM Arguments:
jvm_args: --add-opens=java.base/java.util=ALL-UNNAMED --add-opens=java.base/java.lang=ALL-UNNAMED --add-opens=java.base/java.lang.invoke=ALL-UNNAMED --add-opens=java.prefs/java.util.prefs=ALL-UNNAMED --add-opens=java.base/java.nio.charset=ALL-UNNAMED --add-opens=java.base/java.net=ALL-UNNAMED --add-opens=java.base/java.util.concurrent.atomic=ALL-UNNAMED -Xmx2048m -Dfile.encoding=UTF-8 -Duser.country=ID -Duser.language=en -Duser.variant -javaagent:C:\Users\Acer\.gradle\wrapper\dists\gradle-8.7-bin\bhs2wmbdwecv87pi65oeuq5iu\gradle-8.7\lib\agents\gradle-instrumentation-agent-8.7.jar 
java_command: org.gradle.launcher.daemon.bootstrap.GradleDaemon 8.7
java_class_path (initial): C:\Users\Acer\.gradle\wrapper\dists\gradle-8.7-bin\bhs2wmbdwecv87pi65oeuq5iu\gradle-8.7\lib\gradle-launcher-8.7.jar
Launcher Type: SUN_STANDARD

[Global flags]
     intx CICompilerCount                          = 3                                         {product} {ergonomic}
     uint ConcGCThreads                            = 2                                         {product} {ergonomic}
     uint G1ConcRefinementThreads                  = 6                                         {product} {ergonomic}
   size_t G1HeapRegionSize                         = 1048576                                   {product} {ergonomic}
    uintx GCDrainStackTargetSize                   = 64                                        {product} {ergonomic}
   size_t InitialHeapSize                          = 123731968                                 {product} {ergonomic}
   size_t MarkStackSize                            = 4194304                                   {product} {ergonomic}
   size_t MaxHeapSize                              = 2147483648                                {product} {command line}
   size_t MaxNewSize                               = 1287651328                                {product} {ergonomic}
   size_t MinHeapDeltaBytes                        = 1048576                                   {product} {ergonomic}
   size_t MinHeapSize                              = 8388608                                   {product} {ergonomic}
    uintx NonNMethodCodeHeapSize                   = 5832780                                {pd product} {ergonomic}
    uintx NonProfiledCodeHeapSize                  = 122912730                              {pd product} {ergonomic}
    uintx ProfiledCodeHeapSize                     = 122912730                              {pd product} {ergonomic}
    uintx ReservedCodeCacheSize                    = 251658240                              {pd product} {ergonomic}
     bool SegmentedCodeCache                       = true                                      {product} {ergonomic}
   size_t SoftMaxHeapSize                          = 2147483648                             {manageable} {ergonomic}
     bool UseCompressedOops                        = true                           {product lp64_product} {ergonomic}
     bool UseG1GC                                  = true                                      {product} {ergonomic}
     bool UseLargePagesIndividualAllocation        = false                                  {pd product} {ergonomic}

Logging:
Log output configuration:
 #0: stdout all=warning uptime,level,tags foldmultilines=false
 #1: stderr all=off uptime,level,tags foldmultilines=false

Environment Variables:
JAVA_HOME=C:\Program Files\Zulu\zulu-8\
PATH=C:\Program Files\Zulu\zulu-8\bin\;D:\APLIKASI\Python312\Scripts\;D:\APLIKASI\Python312\;C:\Windows\system32;C:\Windows;C:\Windows\System32\Wbem;C:\Windows\System32\WindowsPowerShell\v1.0\;C:\Windows\System32\OpenSSH\;D:\APLIKASI\MinGW\bin;D:\APLIKASI\Git\cmd;D:\APLIKASI\Git\bin;D:\APLIKASI\nodejs\;C:\gradle-8.10.1\bin;C:\Program Files\Cloudflare\Cloudflare WARP\;C:\Program Files (x86)\Windows Kits\10\Windows Performance Toolkit\;C:\Users\Acer\AppData\Local\Microsoft\WindowsApps;D:\APLIKASI\Microsoft VS Code\bin;D:\APLIKASI\MinGW\bin;D:\APLIKASI\Git\cmd;D:\APLIKASI\Git\bin;C:\Users\Acer\AppData\Roaming\npm;D:\APLIKASI\JetBrains\IntelliJ IDEA Community Edition 2024.2.1\bin;
USERNAME=Acer
OS=Windows_NT
PROCESSOR_IDENTIFIER=AMD64 Family 23 Model 96 Stepping 1, AuthenticAMD
TMP=C:\Users\Acer\AppData\Local\Temp
TEMP=C:\Users\Acer\AppData\Local\Temp




Periodic native trim disabled

JNI global refs:
JNI global refs: 25, weak refs: 3

JNI global refs memory usage: 835, weak refs: 833

Process memory usage:
Resident Set Size: 502620K (6% of 7730488K total physical memory with 305948K free physical memory)

OOME stack traces (most recent first):
Classloader memory used:
Loader org.gradle.internal.classloader.VisitableURLClassLoader                         : 91704K
Loader bootstrap                                                                       : 24075K
Loader org.gradle.initialization.MixInLegacyTypesClassLoader                           : 7525K
Loader org.gradle.internal.classloader.VisitableURLClassLoader                         : 885K
Loader org.gradle.internal.classloader.VisitableURLClassLoader$InstrumentingVisitableURLClassLoader: 690K
Loader jdk.internal.loader.ClassLoaders$PlatformClassLoader                            : 489K
Loader jdk.internal.jrtfs.JrtFileSystemProvider$JrtFsLoader                            : 339K
Loader jdk.internal.loader.ClassLoaders$AppClassLoader                                 : 230K
Loader jdk.internal.reflect.DelegatingClassLoader                                      : 164K
Loader org.gradle.groovy.scripts.internal.DefaultScriptCompilationHandler$ScriptClassLoader: 90088B
Loader org.codehaus.groovy.runtime.callsite.CallSiteClassLoader                        : 46144B

Classes loaded by more than one classloader:
Class org.gradle.api.GradleException                                                  : loaded 3 times (x 79B)
Class jdk.internal.jimage.BasicImageReader                                            : loaded 2 times (x 92B)
Class org.gradle.internal.classloader.ClassLoaderHierarchy                            : loaded 2 times (x 67B)
Class org.gradle.api.internal.classpath.ManifestUtil                                  : loaded 2 times (x 68B)
Class org.jetbrains.plugins.gradle.model.GradleExtensions                             : loaded 2 times (x 67B)
Class org.jetbrains.plugins.gradle.model.AnnotationProcessingModel                    : loaded 2 times (x 67B)
Class jdk.internal.jimage.decompressor.StringSharingDecompressorFactory               : loaded 2 times (x 71B)
Class org.gradle.internal.operations.MultipleBuildOperationFailures                   : loaded 2 times (x 92B)
Class org.jetbrains.kotlin.idea.gradleTooling.model.noarg.NoArgModel                  : loaded 2 times (x 67B)
Class org.gradle.internal.classloader.DefaultClassLoaderFactory                       : loaded 2 times (x 79B)
Class kotlin.collections.AbstractList$Companion                                       : loaded 2 times (x 68B)
Class org.gradle.internal.classloader.ClassLoaderVisitor                              : loaded 2 times (x 73B)
Class org.gradle.api.internal.classpath.EffectiveClassPath                            : loaded 2 times (x 87B)
Class org.gradle.tooling.internal.gradle.DefaultProjectIdentifier                     : loaded 2 times (x 83B)
Class org.jetbrains.kotlin.idea.gradleTooling.model.allopen.AllOpenModel              : loaded 2 times (x 67B)
Class org.gradle.api.internal.DefaultClassPathProvider                                : loaded 2 times (x 73B)
Class [Lorg.gradle.api.internal.ClassPathProvider;                                    : loaded 2 times (x 66B)
Class org.gradle.api.internal.ClassPathProvider                                       : loaded 2 times (x 67B)
Class jdk.internal.jrtfs.SystemImage                                                  : loaded 2 times (x 71B)
Class org.gradle.internal.service.UnknownServiceException                             : loaded 2 times (x 80B)
Class org.jetbrains.kotlin.idea.gradleTooling.KotlinDslScriptAdditionalTask           : loaded 2 times (x 67B)
Class org.gradle.internal.classpath.TransformedClassPath                              : loaded 2 times (x 93B)
Class jdk.internal.jrtfs.SystemImage$1                                                : loaded 2 times (x 75B)
Class kotlin.enums.EnumEntriesList                                                    : loaded 2 times (x 220B)
Class jdk.internal.jrtfs.SystemImage$2                                                : loaded 2 times (x 73B)
Class org.jetbrains.kotlin.idea.gradleTooling.KotlinSourceSetContainer                : loaded 2 times (x 67B)
Class org.jetbrains.plugins.gradle.model.IntelliJSettings                             : loaded 2 times (x 67B)
Class org.gradle.internal.service.ServiceLocator                                      : loaded 2 times (x 67B)
Class jdk.internal.jrtfs.JrtFileSystemProvider                                        : loaded 2 times (x 98B)
Class org.jetbrains.kotlin.android.synthetic.idea.AndroidExtensionsGradleModel        : loaded 2 times (x 67B)
Class org.gradle.tooling.model.UnsupportedMethodException                             : loaded 2 times (x 79B)
Class jdk.internal.jimage.ImageLocation                                               : loaded 2 times (x 87B)
Class jdk.internal.jrtfs.JrtDirectoryStream$1                                         : loaded 2 times (x 80B)
Class org.gradle.internal.InternalTransformer                                         : loaded 2 times (x 67B)
Class jdk.internal.jimage.ImageBufferCache$1                                          : loaded 2 times (x 80B)
Class org.gradle.internal.time.DefaultTimer                                           : loaded 2 times (x 77B)
Class org.gradle.internal.classloader.ClasspathUtil$1                                 : loaded 2 times (x 73B)
Class jdk.internal.jimage.ImageBufferCache$2                                          : loaded 2 times (x 88B)
Class org.gradle.api.internal.classpath.DefaultModuleRegistry$DefaultModule           : loaded 2 times (x 83B)
Class org.jetbrains.kotlin.idea.gradleTooling.model.lombok.LombokModel                : loaded 2 times (x 67B)
Class org.gradle.internal.time.DefaultCountdownTimer                                  : loaded 2 times (x 85B)
Class ijInit1_7zx0boqoqclx94kfrs74z2hxx                                               : loaded 2 times (x 176B)
Class org.gradle.tooling.internal.gradle.DefaultBuildIdentifier                       : loaded 2 times (x 76B)
Class kotlin.Function                                                                 : loaded 2 times (x 67B)
Class org.gradle.api.internal.classpath.Module                                        : loaded 2 times (x 67B)
Class org.gradle.api.internal.classpath.UnknownModuleException                        : loaded 2 times (x 79B)
Class org.gradle.cache.GlobalCache                                                    : loaded 2 times (x 67B)
Class jdk.internal.jimage.ImageHeader                                                 : loaded 2 times (x 68B)
Class com.intellij.openapi.externalSystem.model.project.dependencies.ProjectDependencies: loaded 2 times (x 67B)
Class org.gradle.tooling.internal.gradle.GradleProjectIdentity                        : loaded 2 times (x 67B)
Class org.gradle.api.internal.DefaultClassPathRegistry                                : loaded 2 times (x 73B)
Class org.gradle.api.internal.ClassPathRegistry                                       : loaded 2 times (x 67B)
Class org.gradle.internal.classpath.DefaultClassPath$ImmutableUniqueList              : loaded 2 times (x 196B)
Class jdk.internal.jimage.decompressor.ResourceDecompressor                           : loaded 2 times (x 67B)
Class Settings_gradle$1                                                               : loaded 2 times (x 71B)
Class Program                                                                         : loaded 2 times (x 69B)
Class org.gradle.internal.classpath.ClassPath                                         : loaded 2 times (x 67B)
Class org.gradle.api.UncheckedIOException                                             : loaded 2 times (x 79B)
Class org.jetbrains.kotlin.idea.gradleTooling.KotlinGradleModel                       : loaded 2 times (x 67B)
Class jdk.internal.jimage.ImageStringsReader                                          : loaded 2 times (x 77B)
Class org.gradle.tooling.model.Model                                                  : loaded 2 times (x 67B)
Class kotlin.UninitializedPropertyAccessException                                     : loaded 2 times (x 79B)
Class jdk.internal.jimage.ImageReader                                                 : loaded 2 times (x 72B)
Class org.jetbrains.kotlin.idea.gradleTooling.model.annotation.AnnotationBasedPluginModel: loaded 2 times (x 67B)
Class org.jetbrains.plugins.gradle.model.IntelliJProjectSettings                      : loaded 2 times (x 67B)
Class jdk.internal.jimage.ImageReader$SharedImageReader                               : loaded 2 times (x 92B)
Class org.gradle.internal.installation.GradleInstallation$1                           : loaded 2 times (x 72B)
Class org.gradle.api.internal.classpath.ModuleRegistry                                : loaded 2 times (x 67B)
Class jdk.internal.jimage.decompressor.ResourceDecompressorFactory                    : loaded 2 times (x 71B)
Class org.jetbrains.plugins.gradle.model.VersionCatalogsModel                         : loaded 2 times (x 67B)
Class jdk.internal.jimage.ImageReader$Node                                            : loaded 2 times (x 81B)
Class org.gradle.api.internal.classpath.DefaultModuleRegistry                         : loaded 2 times (x 83B)
Class jdk.internal.jimage.BasicImageReader$1                                          : loaded 2 times (x 74B)
Class jdk.internal.jimage.decompressor.Decompressor                                   : loaded 2 times (x 69B)
Class jdk.internal.jimage.ImageReader$Resource                                        : loaded 2 times (x 81B)
Class org.gradle.internal.time.MonotonicClock                                         : loaded 2 times (x 74B)
Class org.gradle.internal.service.ServiceLookupException                              : loaded 2 times (x 79B)
Class jdk.internal.jrtfs.JrtFileAttributes                                            : loaded 2 times (x 80B)
Class org.gradle.internal.classloader.ClassLoaderFactory                              : loaded 2 times (x 67B)
Class org.gradle.internal.service.CachingServiceLocator                               : loaded 2 times (x 79B)
Class org.jetbrains.plugins.gradle.model.RepositoryModels                             : loaded 2 times (x 67B)
Class org.gradle.internal.time.TimeSource                                             : loaded 2 times (x 67B)
Class org.gradle.tooling.internal.gradle.GradleBuildIdentity                          : loaded 2 times (x 67B)
Class kotlin.enums.EnumEntries                                                        : loaded 2 times (x 67B)
Class org.gradle.internal.exceptions.ResolutionProvider                               : loaded 2 times (x 67B)
Class jdk.internal.jimage.ImageBufferCache                                            : loaded 2 times (x 68B)
Class jdk.internal.jrtfs.JrtPath                                                      : loaded 2 times (x 115B)
Class org.gradle.tooling.model.ProjectIdentifier                                      : loaded 2 times (x 67B)
Class org.gradle.internal.classloader.ClasspathUtil                                   : loaded 2 times (x 68B)
Class org.gradle.internal.time.TimeSource$1                                           : loaded 2 times (x 74B)
Class kotlin.jvm.internal.DefaultConstructorMarker                                    : loaded 2 times (x 68B)
Class org.gradle.api.specs.Spec                                                       : loaded 2 times (x 67B)
Class jdk.internal.jimage.ImageReader$SharedImageReader$LocationVisitor               : loaded 2 times (x 67B)
Class jdk.internal.jimage.decompressor.ResourceDecompressorRepository                 : loaded 2 times (x 68B)
Class org.gradle.internal.time.Clock                                                  : loaded 2 times (x 67B)
Class jdk.internal.jimage.ImageReader$Directory                                       : loaded 2 times (x 81B)
Class org.jetbrains.plugins.gradle.model.jar.JarTaskManifestConfiguration             : loaded 2 times (x 67B)
Class kotlin.collections.AbstractList                                                 : loaded 2 times (x 194B)
Class kotlin.collections.AbstractCollection                                           : loaded 2 times (x 114B)
Class org.gradle.internal.classloader.VisitableURLClassLoader$InstrumentingVisitableURLClassLoader: loaded 2 times (x 120B)
Class org.gradle.internal.classloader.VisitableURLClassLoader$Spec                    : loaded 2 times (x 71B)
Class org.gradle.internal.classpath.DefaultClassPath                                  : loaded 2 times (x 87B)
Class jdk.internal.jimage.decompressor.ZipDecompressorFactory                         : loaded 2 times (x 71B)
Class org.gradle.internal.classloader.ClassLoaderSpec                                 : loaded 2 times (x 68B)
Class Settings_gradle$1$1                                                             : loaded 2 times (x 71B)
Class org.gradle.internal.classloader.VisitableURLClassLoader                         : loaded 2 times (x 114B)
Class Settings_gradle                                                                 : loaded 2 times (x 125B)
Class org.gradle.internal.Cast                                                        : loaded 2 times (x 68B)
Class org.gradle.api.Action                                                           : loaded 2 times (x 67B)
Class jdk.internal.jimage.decompressor.ZipDecompressor                                : loaded 2 times (x 72B)
Class kotlin.jvm.functions.Function1                                                  : loaded 2 times (x 67B)
Class org.gradle.internal.agents.InstrumentingClassLoader                             : loaded 2 times (x 67B)
Class org.gradle.internal.classpath.DefaultClassPath$ImmutableUniqueList$Builder      : loaded 2 times (x 72B)
Class org.jetbrains.kotlin.idea.gradleTooling.model.samWithReceiver.SamWithReceiverModel: loaded 2 times (x 67B)
Class org.gradle.internal.classloader.FilteringClassLoader                            : loaded 2 times (x 102B)
Class org.gradle.internal.exceptions.NonGradleCauseExceptionsHolder                   : loaded 2 times (x 67B)
Class jdk.internal.jimage.ImageStrings                                                : loaded 2 times (x 67B)
Class org.jetbrains.kotlin.idea.gradleTooling.model.assignment.AssignmentModel        : loaded 2 times (x 67B)
Class kotlin.enums.EnumEntriesKt                                                      : loaded 2 times (x 68B)
Class org.gradle.internal.IoActions                                                   : loaded 2 times (x 68B)
Class org.gradle.internal.classloader.SystemClassLoaderSpec                           : loaded 2 times (x 68B)
Class org.gradle.internal.exceptions.MultiCauseException                              : loaded 2 times (x 67B)
Class org.gradle.internal.time.CountdownTimer                                         : loaded 2 times (x 67B)
Class kotlin.jvm.internal.Intrinsics                                                  : loaded 2 times (x 68B)
Class jdk.internal.jrtfs.JrtFileSystem                                                : loaded 2 times (x 99B)
Class org.jetbrains.kotlin.idea.gradleTooling.model.parcelize.ParcelizeGradleModel    : loaded 2 times (x 67B)
Class org.gradle.tooling.model.ProjectModel                                           : loaded 2 times (x 67B)
Class jdk.internal.jimage.decompressor.CompressedResourceHeader                       : loaded 2 times (x 68B)
Class kotlin.KotlinNullPointerException                                               : loaded 2 times (x 80B)
Class org.jetbrains.plugins.gradle.model.tests.ExternalTestsModel                     : loaded 2 times (x 67B)
Class org.gradle.internal.exceptions.DefaultMultiCauseException                       : loaded 2 times (x 92B)
Class sync_studio_tooling1_3muy5wl0lq0rzkh3229qrexxj                                  : loaded 2 times (x 176B)
Class org.gradle.internal.time.Time                                                   : loaded 2 times (x 68B)
Class org.jetbrains.plugins.gradle.model.DependencyAccessorsModel                     : loaded 2 times (x 67B)
Class org.jetbrains.kotlin.idea.gradleTooling.KotlinMPPGradleModel                    : loaded 2 times (x 67B)
Class org.gradle.tooling.model.BuildIdentifier                                        : loaded 2 times (x 67B)
Class org.jetbrains.kotlin.idea.gradleTooling.PrepareKotlinIdeImportTaskModel         : loaded 2 times (x 67B)
Class org.gradle.internal.time.Timer                                                  : loaded 2 times (x 67B)
Class kotlin.jvm.internal.markers.KMappedMarker                                       : loaded 2 times (x 67B)
Class org.gradle.internal.installation.CurrentGradleInstallationLocator               : loaded 2 times (x 68B)
Class org.gradle.internal.service.DefaultServiceLocator                               : loaded 2 times (x 80B)
Class jdk.internal.jrtfs.JrtDirectoryStream                                           : loaded 2 times (x 86B)
Class org.gradle.util.GradleVersion                                                   : loaded 2 times (x 80B)
Class org.gradle.internal.installation.CurrentGradleInstallation                      : loaded 2 times (x 70B)
Class org.gradle.util.internal.GUtil                                                  : loaded 2 times (x 68B)
Class org.gradle.internal.installation.GradleInstallation                             : loaded 2 times (x 72B)
Class jdk.internal.jimage.decompressor.ResourceDecompressor$StringsProvider           : loaded 2 times (x 67B)
Class sync_studio_tooling1_3muy5wl0lq0rzkh3229qrexxj$_run_closure1                    : loaded 2 times (x 136B)

---------------  S Y S T E M  ---------------

OS:
 Windows 11 , 64 bit Build 22621 (10.0.22621.4391)
OS uptime: 0 days 1:34 hours

CPU: total 6 (initial active 6) (6 cores per cpu, 1 threads per core) family 23 model 96 stepping 1 microcode 0x0, cx8, cmov, fxsr, mmx, 3dnowpref, sse, sse2, sse3, ssse3, sse4a, sse4.1, sse4.2, popcnt, lzcnt, tsc, tscinvbit, avx, avx2, aes, clmul, bmi1, bmi2, adx, sha, fma, vzeroupper, clflush, clflushopt, rdtscp, rdpid, f16c
Processor Information for all 6 processors :
  Max Mhz: 2375, Current Mhz: 2375, Mhz Limit: 2375

Memory: 4k page, system-wide physical 7549M (299M free)
TotalPageFile size 13532M (AvailPageFile size 7M)
current process WorkingSet (physical memory assigned to process): 491M, peak: 491M
current process commit charge ("private bytes"): 527M, peak: 552M

vm_info: OpenJDK 64-Bit Server VM (21.0.3+-12282718-b509.11) for windows-amd64 JRE (21.0.3+-12282718-b509.11), built on 2024-08-27T17:34:15Z by "builder" with MS VC++ 16.10 / 16.11 (VS2019)

END.
